2026-01-22T08:50:56.2784190Z Current runner version: '2.331.0'
2026-01-22T08:50:56.2806550Z ##[group]Runner Image Provisioner
2026-01-22T08:50:56.2807080Z Hosted Compute Agent
2026-01-22T08:50:56.2807690Z Version: 20260115.477
2026-01-22T08:50:56.2808080Z Commit: 4b342d620503cbe250a3154040964899ea7c9b00
2026-01-22T08:50:56.2808520Z Build Date: 2026-01-15T22:32:41Z
2026-01-22T08:50:56.2808920Z Worker ID: {396ee28d-7c46-4e5c-9ec4-082f2b99b0d9}
2026-01-22T08:50:56.2809340Z Azure Region: westus
2026-01-22T08:50:56.2809680Z ##[endgroup]
2026-01-22T08:50:56.2810580Z ##[group]Operating System
2026-01-22T08:50:56.2810930Z macOS
2026-01-22T08:50:56.2811190Z 15.7.3
2026-01-22T08:50:56.2811460Z 24G419
2026-01-22T08:50:56.2811730Z ##[endgroup]
2026-01-22T08:50:56.2812010Z ##[group]Runner Image
2026-01-22T08:50:56.2812340Z Image: macos-15-arm64
2026-01-22T08:50:56.2812650Z Version: 20260112.0107.1
2026-01-22T08:50:56.2813430Z Included Software: https://github.com/actions/runner-images/blob/macos-15-arm64/20260112.0107/images/macos/macos-15-arm64-Readme.md
2026-01-22T08:50:56.2814410Z Image Release: https://github.com/actions/runner-images/releases/tag/macos-15-arm64%2F20260112.0107
2026-01-22T08:50:56.2815000Z ##[endgroup]
2026-01-22T08:50:56.2815680Z ##[group]GITHUB_TOKEN Permissions
2026-01-22T08:50:56.2816770Z Contents: read
2026-01-22T08:50:56.2817130Z Metadata: read
2026-01-22T08:50:56.2817430Z Packages: read
2026-01-22T08:50:56.2817720Z ##[endgroup]
2026-01-22T08:50:56.2819140Z Secret source: Actions
2026-01-22T08:50:56.2819520Z Prepare workflow directory
2026-01-22T08:50:56.3079780Z Prepare all required actions
2026-01-22T08:50:56.3147370Z Getting action download info
2026-01-22T08:50:56.7415350Z Download action repository 'actions/checkout@v4' (SHA:34e114876b0b11c390a56381ad16ebd13914f8d5)
2026-01-22T08:50:57.4009300Z Download action repository 'msys2/setup-msys2@v2' (SHA:4f806de0a5a7294ffabaff804b38a9b435a73bda)
2026-01-22T08:50:58.6410140Z Download action repository 'actions/setup-java@v4' (SHA:c1e323688fd81a25caa38c78aa6df2d33d3e20d9)
2026-01-22T08:51:00.3579050Z Complete job name: macOS x64
2026-01-22T08:51:00.4486700Z ##[group]Run actions/checkout@v4
2026-01-22T08:51:00.4487650Z with:
2026-01-22T08:51:00.4488200Z   repository: tidesdb/tidesdb-java
2026-01-22T08:51:00.4488900Z   path: tidesdb-java
2026-01-22T08:51:00.4489760Z   token: ***
2026-01-22T08:51:00.4491530Z   ssh-strict: true
2026-01-22T08:51:00.4492140Z   ssh-user: git
2026-01-22T08:51:00.4492690Z   persist-credentials: true
2026-01-22T08:51:00.4493290Z   clean: true
2026-01-22T08:51:00.4494850Z   sparse-checkout-cone-mode: true
2026-01-22T08:51:00.4495560Z   fetch-depth: 1
2026-01-22T08:51:00.4496120Z   fetch-tags: false
2026-01-22T08:51:00.4496670Z   show-progress: true
2026-01-22T08:51:00.4497220Z   lfs: false
2026-01-22T08:51:00.4497740Z   submodules: false
2026-01-22T08:51:00.4498300Z   set-safe-directory: true
2026-01-22T08:51:00.4499290Z ##[endgroup]
2026-01-22T08:51:01.1595540Z Syncing repository: tidesdb/tidesdb-java
2026-01-22T08:51:01.1597520Z ##[group]Getting Git version info
2026-01-22T08:51:01.1598620Z Working directory is '/Users/runner/work/tidesdb-java/tidesdb-java/tidesdb-java'
2026-01-22T08:51:01.1643230Z [command]/opt/homebrew/bin/git version
2026-01-22T08:51:01.2528950Z git version 2.52.0
2026-01-22T08:51:01.2753880Z ##[endgroup]
2026-01-22T08:51:01.2761000Z Copying '/Users/runner/.gitconfig' to '/Users/runner/work/_temp/c6793877-3e3e-4b96-928f-30665e398d85/.gitconfig'
2026-01-22T08:51:01.2774780Z Temporarily overriding HOME='/Users/runner/work/_temp/c6793877-3e3e-4b96-928f-30665e398d85' before making global git config changes
2026-01-22T08:51:01.2778440Z Adding repository directory to the temporary git global config as a safe directory
2026-01-22T08:51:01.2781480Z [command]/opt/homebrew/bin/git config --global --add safe.directory /Users/runner/work/tidesdb-java/tidesdb-java/tidesdb-java
2026-01-22T08:51:01.2828410Z ##[group]Initializing the repository
2026-01-22T08:51:01.2832470Z [command]/opt/homebrew/bin/git init /Users/runner/work/tidesdb-java/tidesdb-java/tidesdb-java
2026-01-22T08:51:01.3880720Z hint: Using 'master' as the name for the initial branch. This default branch name
2026-01-22T08:51:01.3882940Z hint: will change to "main" in Git 3.0. To configure the initial branch name
2026-01-22T08:51:01.3884880Z hint: to use in all of your new repositories, which will suppress this warning,
2026-01-22T08:51:01.3885920Z hint: call:
2026-01-22T08:51:01.3886820Z hint:
2026-01-22T08:51:01.3887590Z hint: 	git config --global init.defaultBranch <name>
2026-01-22T08:51:01.3888450Z hint:
2026-01-22T08:51:01.3889500Z hint: Names commonly chosen instead of 'master' are 'main', 'trunk' and
2026-01-22T08:51:01.3890830Z hint: 'development'. The just-created branch can be renamed via this command:
2026-01-22T08:51:01.3892100Z hint:
2026-01-22T08:51:01.3892670Z hint: 	git branch -m <name>
2026-01-22T08:51:01.3893360Z hint:
2026-01-22T08:51:01.3894500Z hint: Disable this message with "git config set advice.defaultBranchName false"
2026-01-22T08:51:01.3896260Z Initialized empty Git repository in /Users/runner/work/tidesdb-java/tidesdb-java/tidesdb-java/.git/
2026-01-22T08:51:01.3899400Z [command]/opt/homebrew/bin/git remote add origin https://github.com/tidesdb/tidesdb-java
2026-01-22T08:51:01.4069140Z ##[endgroup]
2026-01-22T08:51:01.4070660Z ##[group]Disabling automatic garbage collection
2026-01-22T08:51:01.4072120Z [command]/opt/homebrew/bin/git config --local gc.auto 0
2026-01-22T08:51:01.4139430Z ##[endgroup]
2026-01-22T08:51:01.4142140Z ##[group]Setting up auth
2026-01-22T08:51:01.4149610Z [command]/opt/homebrew/bin/git config --local --name-only --get-regexp core\.sshCommand
2026-01-22T08:51:01.4265530Z [command]/opt/homebrew/bin/git submodule foreach --recursive sh -c "git config --local --name-only --get-regexp 'core\.sshCommand' && git config --local --unset-all 'core.sshCommand' || :"
2026-01-22T08:51:01.6040770Z [command]/opt/homebrew/bin/git config --local --name-only --get-regexp http\.https\:\/\/github\.com\/\.extraheader
2026-01-22T08:51:01.6164120Z [command]/opt/homebrew/bin/git submodule foreach --recursive sh -c "git config --local --name-only --get-regexp 'http\.https\:\/\/github\.com\/\.extraheader' && git config --local --unset-all 'http.https://github.com/.extraheader' || :"
2026-01-22T08:51:01.8043340Z [command]/opt/homebrew/bin/git config --local --name-only --get-regexp ^includeIf\.gitdir:
2026-01-22T08:51:01.8086020Z [command]/opt/homebrew/bin/git submodule foreach --recursive git config --local --show-origin --name-only --get-regexp remote.origin.url
2026-01-22T08:51:01.9931540Z [command]/opt/homebrew/bin/git config --local http.https://github.com/.extraheader AUTHORIZATION: basic ***
2026-01-22T08:51:01.9933390Z ##[endgroup]
2026-01-22T08:51:01.9933810Z ##[group]Fetching the repository
2026-01-22T08:51:01.9934600Z [command]/opt/homebrew/bin/git -c protocol.version=2 fetch --no-tags --prune --no-recurse-submodules --depth=1 origin +32f98045a825aa96505f165602bef829611d84fb:refs/remotes/origin/master
2026-01-22T08:51:02.7461420Z From https://github.com/tidesdb/tidesdb-java
2026-01-22T08:51:02.7462180Z  * [new ref]         32f98045a825aa96505f165602bef829611d84fb -> origin/master
2026-01-22T08:51:02.7576140Z ##[endgroup]
2026-01-22T08:51:02.7576610Z ##[group]Determining the checkout info
2026-01-22T08:51:02.7577110Z ##[endgroup]
2026-01-22T08:51:02.7580480Z [command]/opt/homebrew/bin/git sparse-checkout disable
2026-01-22T08:51:02.7672080Z [command]/opt/homebrew/bin/git config --local --unset-all extensions.worktreeConfig
2026-01-22T08:51:02.7906390Z ##[group]Checking out the ref
2026-01-22T08:51:02.7916270Z [command]/opt/homebrew/bin/git checkout --progress --force -B master refs/remotes/origin/master
2026-01-22T08:51:02.8098140Z Reset branch 'master'
2026-01-22T08:51:02.8115980Z branch 'master' set up to track 'origin/master'.
2026-01-22T08:51:02.8119650Z ##[endgroup]
2026-01-22T08:51:02.8259560Z [command]/opt/homebrew/bin/git log -1 --format=%H
2026-01-22T08:51:02.8322100Z 32f98045a825aa96505f165602bef829611d84fb
2026-01-22T08:51:02.8634450Z ##[group]Run actions/checkout@v4
2026-01-22T08:51:02.8634960Z with:
2026-01-22T08:51:02.8635100Z   repository: tidesdb/tidesdb
2026-01-22T08:51:02.8635250Z   path: tidesdb
2026-01-22T08:51:02.8635560Z   token: ***
2026-01-22T08:51:02.8635690Z   ssh-strict: true
2026-01-22T08:51:02.8635830Z   ssh-user: git
2026-01-22T08:51:02.8635970Z   persist-credentials: true
2026-01-22T08:51:02.8636120Z   clean: true
2026-01-22T08:51:02.8636260Z   sparse-checkout-cone-mode: true
2026-01-22T08:51:02.8636430Z   fetch-depth: 1
2026-01-22T08:51:02.8636550Z   fetch-tags: false
2026-01-22T08:51:02.8636700Z   show-progress: true
2026-01-22T08:51:02.8636890Z   lfs: false
2026-01-22T08:51:02.8637010Z   submodules: false
2026-01-22T08:51:02.8637170Z   set-safe-directory: true
2026-01-22T08:51:02.8637340Z ##[endgroup]
2026-01-22T08:51:03.0115290Z Syncing repository: tidesdb/tidesdb
2026-01-22T08:51:03.0115950Z ##[group]Getting Git version info
2026-01-22T08:51:03.0116410Z Working directory is '/Users/runner/work/tidesdb-java/tidesdb-java/tidesdb'
2026-01-22T08:51:03.0117060Z [command]/opt/homebrew/bin/git version
2026-01-22T08:51:03.0117480Z git version 2.52.0
2026-01-22T08:51:03.0118360Z ##[endgroup]
2026-01-22T08:51:03.0119530Z Copying '/Users/runner/.gitconfig' to '/Users/runner/work/_temp/b82cf60d-4d23-44ed-93c3-f82fb31cc3b6/.gitconfig'
2026-01-22T08:51:03.0173980Z Temporarily overriding HOME='/Users/runner/work/_temp/b82cf60d-4d23-44ed-93c3-f82fb31cc3b6' before making global git config changes
2026-01-22T08:51:03.0175010Z Adding repository directory to the temporary git global config as a safe directory
2026-01-22T08:51:03.0214450Z [command]/opt/homebrew/bin/git config --global --add safe.directory /Users/runner/work/tidesdb-java/tidesdb-java/tidesdb
2026-01-22T08:51:03.0365750Z ##[group]Initializing the repository
2026-01-22T08:51:03.0372980Z [command]/opt/homebrew/bin/git init /Users/runner/work/tidesdb-java/tidesdb-java/tidesdb
2026-01-22T08:51:03.0492540Z hint: Using 'master' as the name for the initial branch. This default branch name
2026-01-22T08:51:03.0493220Z hint: will change to "main" in Git 3.0. To configure the initial branch name
2026-01-22T08:51:03.0493730Z hint: to use in all of your new repositories, which will suppress this warning,
2026-01-22T08:51:03.0494100Z hint: call:
2026-01-22T08:51:03.0494310Z hint:
2026-01-22T08:51:03.0494710Z hint: 	git config --global init.defaultBranch <name>
2026-01-22T08:51:03.0495010Z hint:
2026-01-22T08:51:03.0495300Z hint: Names commonly chosen instead of 'master' are 'main', 'trunk' and
2026-01-22T08:51:03.0495760Z hint: 'development'. The just-created branch can be renamed via this command:
2026-01-22T08:51:03.0496120Z hint:
2026-01-22T08:51:03.0496320Z hint: 	git branch -m <name>
2026-01-22T08:51:03.0496540Z hint:
2026-01-22T08:51:03.0496850Z hint: Disable this message with "git config set advice.defaultBranchName false"
2026-01-22T08:51:03.0497580Z Initialized empty Git repository in /Users/runner/work/tidesdb-java/tidesdb-java/tidesdb/.git/
2026-01-22T08:51:03.0501050Z [command]/opt/homebrew/bin/git remote add origin https://github.com/tidesdb/tidesdb
2026-01-22T08:51:03.0573860Z ##[endgroup]
2026-01-22T08:51:03.0574780Z ##[group]Disabling automatic garbage collection
2026-01-22T08:51:03.0575770Z [command]/opt/homebrew/bin/git config --local gc.auto 0
2026-01-22T08:51:03.0687320Z ##[endgroup]
2026-01-22T08:51:03.0687680Z ##[group]Setting up auth
2026-01-22T08:51:03.0699580Z [command]/opt/homebrew/bin/git config --local --name-only --get-regexp core\.sshCommand
2026-01-22T08:51:03.0819200Z [command]/opt/homebrew/bin/git submodule foreach --recursive sh -c "git config --local --name-only --get-regexp 'core\.sshCommand' && git config --local --unset-all 'core.sshCommand' || :"
2026-01-22T08:51:03.2350640Z [command]/opt/homebrew/bin/git config --local --name-only --get-regexp http\.https\:\/\/github\.com\/\.extraheader
2026-01-22T08:51:03.2668250Z [command]/opt/homebrew/bin/git submodule foreach --recursive sh -c "git config --local --name-only --get-regexp 'http\.https\:\/\/github\.com\/\.extraheader' && git config --local --unset-all 'http.https://github.com/.extraheader' || :"
2026-01-22T08:51:03.4192900Z [command]/opt/homebrew/bin/git config --local --name-only --get-regexp ^includeIf\.gitdir:
2026-01-22T08:51:03.4293360Z [command]/opt/homebrew/bin/git submodule foreach --recursive git config --local --show-origin --name-only --get-regexp remote.origin.url
2026-01-22T08:51:03.5894740Z [command]/opt/homebrew/bin/git config --local http.https://github.com/.extraheader AUTHORIZATION: basic ***
2026-01-22T08:51:03.6446520Z ##[endgroup]
2026-01-22T08:51:03.6548830Z ##[group]Determining the default branch
2026-01-22T08:51:03.6651020Z Retrieving the default branch name
2026-01-22T08:51:04.1170670Z Default branch 'master'
2026-01-22T08:51:04.1272280Z ##[endgroup]
2026-01-22T08:51:04.1387930Z ##[group]Fetching the repository
2026-01-22T08:51:04.1490730Z [command]/opt/homebrew/bin/git -c protocol.version=2 fetch --no-tags --prune --no-recurse-submodules --depth=1 origin +refs/heads/master:refs/remotes/origin/master
2026-01-22T08:51:05.0764850Z From https://github.com/tidesdb/tidesdb
2026-01-22T08:51:05.0765740Z  * [new branch]      master     -> origin/master
2026-01-22T08:51:05.0853090Z ##[endgroup]
2026-01-22T08:51:05.0853470Z ##[group]Determining the checkout info
2026-01-22T08:51:05.0853990Z ##[endgroup]
2026-01-22T08:51:05.0858450Z [command]/opt/homebrew/bin/git sparse-checkout disable
2026-01-22T08:51:05.1027380Z [command]/opt/homebrew/bin/git config --local --unset-all extensions.worktreeConfig
2026-01-22T08:51:05.1753690Z ##[group]Checking out the ref
2026-01-22T08:51:05.1856910Z [command]/opt/homebrew/bin/git checkout --progress --force -B master refs/remotes/origin/master
2026-01-22T08:51:05.1930290Z Reset branch 'master'
2026-01-22T08:51:05.1935400Z branch 'master' set up to track 'origin/master'.
2026-01-22T08:51:05.1936690Z ##[endgroup]
2026-01-22T08:51:05.2061700Z [command]/opt/homebrew/bin/git log -1 --format=%H
2026-01-22T08:51:05.2140200Z 210356dae7236666959a1326a559d302c1cff212
2026-01-22T08:51:05.2343800Z ##[group]Run brew install zstd lz4 snappy
2026-01-22T08:51:05.2344140Z [36;1mbrew install zstd lz4 snappy[0m
2026-01-22T08:51:05.2401590Z shell: /bin/bash -e {0}
2026-01-22T08:51:05.2401800Z ##[endgroup]
2026-01-22T08:51:09.5814520Z âœ”ï¸Ž JSON API formula_tap_migrations.jws.json
2026-01-22T08:51:09.5917430Z âœ”ï¸Ž JSON API cask_tap_migrations.jws.json
2026-01-22T08:51:11.0638220Z ##[warning]zstd 1.5.7 is already installed and up-to-date.
To reinstall 1.5.7, run:
  brew reinstall zstd

2026-01-22T08:51:11.0650840Z ##[warning]lz4 1.10.0 is already installed and up-to-date.
To reinstall 1.10.0, run:
  brew reinstall lz4

2026-01-22T08:51:12.2649210Z [32m==>[0m [1mFetching downloads for: [32msnappy[39m[0m
2026-01-22T08:51:12.7426900Z âœ”ï¸Ž Bottle Manifest snappy (1.2.2)
2026-01-22T08:51:13.4942610Z âœ”ï¸Ž Bottle snappy (1.2.2)
2026-01-22T08:51:13.6402810Z [34m==>[0m [1mPouring snappy--1.2.2.arm64_sequoia.bottle.tar.gz[0m
2026-01-22T08:51:16.3136980Z ðŸº  /opt/homebrew/Cellar/snappy/1.2.2: 19 files, 178.4KB
2026-01-22T08:51:16.4321460Z ##[group]Run cd tidesdb
2026-01-22T08:51:16.4321730Z [36;1mcd tidesdb[0m
2026-01-22T08:51:16.4322070Z [36;1mexport HOMEBREW_PREFIX=$(brew --prefix)[0m
2026-01-22T08:51:16.4322660Z [36;1mcmake -S . -B build \[0m
2026-01-22T08:51:16.4322990Z [36;1m  -DTIDESDB_BUILD_TESTS=OFF \[0m
2026-01-22T08:51:16.4323390Z [36;1m  -DTIDESDB_WITH_SANITIZER=OFF \[0m
2026-01-22T08:51:16.4323790Z [36;1m  -DCMAKE_PREFIX_PATH="${HOMEBREW_PREFIX}"[0m
2026-01-22T08:51:16.4324150Z [36;1mcmake --build build --config Release[0m
2026-01-22T08:51:16.4324470Z [36;1msudo cmake --install build[0m
2026-01-22T08:51:16.4433270Z shell: /bin/bash -e {0}
2026-01-22T08:51:16.4433860Z ##[endgroup]
2026-01-22T08:51:17.7919510Z -- The C compiler identification is AppleClang 17.0.0.17000013
2026-01-22T08:51:18.7703970Z -- Detecting C compiler ABI info
2026-01-22T08:51:19.8288920Z -- Detecting C compiler ABI info - done
2026-01-22T08:51:19.8467050Z -- Check for working C compiler: /usr/bin/cc - skipped
2026-01-22T08:51:19.8485480Z -- Detecting C compile features
2026-01-22T08:51:19.8486200Z -- Detecting C compile features - done
2026-01-22T08:51:19.8665340Z -- Detected Homebrew at /opt/homebrew
2026-01-22T08:51:19.8728820Z -- Configuring done (3.1s)
2026-01-22T08:51:19.8833810Z -- Generating done (0.0s)
2026-01-22T08:51:19.8843580Z -- Build files have been written to: /Users/runner/work/tidesdb-java/tidesdb-java/tidesdb/build
2026-01-22T08:51:19.9732920Z [  8%] Building C object CMakeFiles/tidesdb.dir/src/tidesdb.c.o
2026-01-22T08:51:20.5764370Z /Users/runner/work/tidesdb-java/tidesdb-java/tidesdb/src/tidesdb.c:16309:13: warning: enumeration value 'LZ4_FAST_COMPRESSION' not handled in switch [-Wswitch]
2026-01-22T08:51:20.5766390Z  16309 |     switch (config->compression_algorithm)
2026-01-22T08:51:20.5767280Z        |             ^~~~~~~~~~~~~~~~~~~~~~~~~~~~~
2026-01-22T08:51:20.5804060Z /Users/runner/work/tidesdb-java/tidesdb-java/tidesdb/src/tidesdb.c:16309:13: note: add missing switch cases
2026-01-22T08:51:20.5805860Z  16309 |     switch (config->compression_algorithm)
2026-01-22T08:51:20.5807250Z        |             ^
2026-01-22T08:51:20.7918540Z 1 warning generated.
2026-01-22T08:51:20.8235050Z [ 16%] Building C object CMakeFiles/tidesdb.dir/src/block_manager.c.o
2026-01-22T08:51:20.9828890Z [ 25%] Building C object CMakeFiles/tidesdb.dir/src/skip_list.c.o
2026-01-22T08:51:21.1213120Z [ 33%] Building C object CMakeFiles/tidesdb.dir/src/compress.c.o
2026-01-22T08:51:21.2201050Z [ 41%] Building C object CMakeFiles/tidesdb.dir/src/bloom_filter.c.o
2026-01-22T08:51:21.3353570Z [ 50%] Building C object CMakeFiles/tidesdb.dir/src/manifest.c.o
2026-01-22T08:51:21.4310510Z [ 58%] Building C object CMakeFiles/tidesdb.dir/src/clock_cache.c.o
2026-01-22T08:51:21.5646390Z [ 66%] Building C object CMakeFiles/tidesdb.dir/src/queue.c.o
2026-01-22T08:51:21.6690600Z [ 75%] Building C object CMakeFiles/tidesdb.dir/src/buffer.c.o
2026-01-22T08:51:21.8211810Z [ 83%] Building C object CMakeFiles/tidesdb.dir/external/xxhash.c.o
2026-01-22T08:51:21.9906600Z [ 91%] Building C object CMakeFiles/tidesdb.dir/external/ini.c.o
2026-01-22T08:51:22.0892340Z [100%] Linking C shared library libtidesdb.dylib
2026-01-22T08:51:22.2124900Z [100%] Built target tidesdb
2026-01-22T08:51:22.2629030Z -- Install configuration: ""
2026-01-22T08:51:22.2631050Z -- Installing: /usr/local/lib/libtidesdb.dylib
2026-01-22T08:51:22.8863460Z -- Installing: /usr/local/include/tidesdb
2026-01-22T08:51:22.8866420Z -- Installing: /usr/local/include/tidesdb/tidesdb.h
2026-01-22T08:51:22.8879530Z -- Installing: /usr/local/include/tidesdb/bloom_filter.h
2026-01-22T08:51:22.8883730Z -- Installing: /usr/local/include/tidesdb/manifest.h
2026-01-22T08:51:22.8898190Z -- Installing: /usr/local/include/tidesdb/db.h
2026-01-22T08:51:22.8919760Z -- Installing: /usr/local/include/tidesdb/block_manager.h
2026-01-22T08:51:22.8929150Z -- Installing: /usr/local/include/tidesdb/buffer.h
2026-01-22T08:51:22.8937720Z -- Installing: /usr/local/include/tidesdb/compress.h
2026-01-22T08:51:22.8945850Z -- Installing: /usr/local/include/tidesdb/skip_list.h
2026-01-22T08:51:22.8955090Z -- Installing: /usr/local/include/tidesdb/compat.h
2026-01-22T08:51:22.8962330Z -- Installing: /usr/local/include/tidesdb/queue.h
2026-01-22T08:51:22.8962840Z -- Installing: /usr/local/include/tidesdb/clock_cache.h
2026-01-22T08:51:22.9003300Z -- Installing: /usr/local/include/tidesdb/ini.h
2026-01-22T08:51:22.9009120Z -- Installing: /usr/local/include/tidesdb/xxhash.h
2026-01-22T08:51:22.9063310Z -- Installing: /usr/local/include/tidesdb/tidesdb_version.h
2026-01-22T08:51:22.9069640Z -- Installing: /usr/local/lib/cmake/tidesdb/TidesDBConfig.cmake
2026-01-22T08:51:22.9070510Z -- Installing: /usr/local/lib/cmake/tidesdb/TidesDBConfigVersion.cmake
2026-01-22T08:51:22.9488500Z ##[group]Run actions/setup-java@v4
2026-01-22T08:51:22.9488900Z with:
2026-01-22T08:51:22.9489050Z   java-version: 11
2026-01-22T08:51:22.9489270Z   distribution: temurin
2026-01-22T08:51:22.9489410Z   java-package: jdk
2026-01-22T08:51:22.9489550Z   check-latest: false
2026-01-22T08:51:22.9490170Z   server-id: github
2026-01-22T08:51:22.9490300Z   server-username: GITHUB_ACTOR
2026-01-22T08:51:22.9490570Z   server-password: GITHUB_TOKEN
2026-01-22T08:51:22.9490740Z   overwrite-settings: true
2026-01-22T08:51:22.9490890Z   job-status: success
2026-01-22T08:51:22.9491220Z   token: ***
2026-01-22T08:51:22.9491430Z ##[endgroup]
2026-01-22T08:51:23.4377420Z ##[group]Installed distributions
2026-01-22T08:51:23.4426030Z Resolved Java 11.0.29+7 from tool-cache
2026-01-22T08:51:23.4426730Z Setting Java 11.0.29+7 as the default
2026-01-22T08:51:23.4443910Z Creating toolchains.xml for JDK version 11 from temurin
2026-01-22T08:51:23.4513820Z Writing to /Users/runner/.m2/toolchains.xml
2026-01-22T08:51:23.4515020Z 
2026-01-22T08:51:23.4515350Z Java configuration:
2026-01-22T08:51:23.4515680Z   Distribution: temurin
2026-01-22T08:51:23.4515900Z   Version: 11.0.29+7
2026-01-22T08:51:23.4516570Z   Path: /Users/runner/hostedtoolcache/Java_Temurin-Hotspot_jdk/11.0.29-7/arm64/Contents/Home
2026-01-22T08:51:23.4516940Z 
2026-01-22T08:51:23.4517910Z ##[endgroup]
2026-01-22T08:51:23.4566450Z Creating settings.xml with server-id: github
2026-01-22T08:51:23.4567250Z Writing to /Users/runner/.m2/settings.xml
2026-01-22T08:51:23.4674160Z ##[group]Run cd tidesdb-java/src/main/c
2026-01-22T08:51:23.4674550Z [36;1mcd tidesdb-java/src/main/c[0m
2026-01-22T08:51:23.4674810Z [36;1mexport HOMEBREW_PREFIX=$(brew --prefix)[0m
2026-01-22T08:51:23.4675210Z [36;1mcmake -S . -B build -DCMAKE_PREFIX_PATH="${HOMEBREW_PREFIX}" -DCMAKE_INSTALL_PREFIX=/usr/local[0m
2026-01-22T08:51:23.4675660Z [36;1mcmake --build build --config Release[0m
2026-01-22T08:51:23.4675890Z [36;1mecho "Built library in build directory:"[0m
2026-01-22T08:51:23.4676120Z [36;1mls -la build/[0m
2026-01-22T08:51:23.4676320Z [36;1mecho "Installing library..."[0m
2026-01-22T08:51:23.4676570Z [36;1msudo cmake --install build --verbose[0m
2026-01-22T08:51:23.4676800Z [36;1mecho "Checking /usr/local/lib:"[0m
2026-01-22T08:51:23.4677100Z [36;1mls -la /usr/local/lib/libtidesdb* || echo "Not found in /usr/local/lib"[0m
2026-01-22T08:51:23.4677460Z [36;1m# Fallback: manually copy if cmake install didn't work[0m
2026-01-22T08:51:23.4677830Z [36;1mif [ ! -f /usr/local/lib/libtidesdb_jni.dylib ]; then[0m
2026-01-22T08:51:23.4678080Z [36;1m  echo "Manual copy fallback..."[0m
2026-01-22T08:51:23.4678340Z [36;1m  sudo cp build/libtidesdb_jni.dylib /usr/local/lib/[0m
2026-01-22T08:51:23.4678620Z [36;1m  ls -la /usr/local/lib/libtidesdb*[0m
2026-01-22T08:51:23.4678810Z [36;1mfi[0m
2026-01-22T08:51:23.4741700Z shell: /bin/bash -e {0}
2026-01-22T08:51:23.4741930Z env:
2026-01-22T08:51:23.4742290Z   JAVA_HOME: /Users/runner/hostedtoolcache/Java_Temurin-Hotspot_jdk/11.0.29-7/arm64/Contents/Home
2026-01-22T08:51:23.4742860Z   JAVA_HOME_11_ARM64: /Users/runner/hostedtoolcache/Java_Temurin-Hotspot_jdk/11.0.29-7/arm64/Contents/Home
2026-01-22T08:51:23.4743250Z ##[endgroup]
2026-01-22T08:51:23.7999690Z -- The C compiler identification is AppleClang 17.0.0.17000013
2026-01-22T08:51:23.8909990Z -- Detecting C compiler ABI info
2026-01-22T08:51:24.2411730Z -- Detecting C compiler ABI info - done
2026-01-22T08:51:24.2629880Z -- Check for working C compiler: /usr/bin/cc - skipped
2026-01-22T08:51:24.2633480Z -- Detecting C compile features
2026-01-22T08:51:24.2654610Z -- Detecting C compile features - done
2026-01-22T08:51:24.7527250Z -- Found JNI: /Users/runner/hostedtoolcache/Java_Temurin-Hotspot_jdk/11.0.29-7/arm64/Contents/Home/include  found components: AWT JVM
2026-01-22T08:51:27.9837820Z -- Configuring done (4.4s)
2026-01-22T08:51:27.9974040Z -- Generating done (0.0s)
2026-01-22T08:51:27.9988330Z -- Build files have been written to: /Users/runner/work/tidesdb-java/tidesdb-java/tidesdb-java/src/main/c/build
2026-01-22T08:51:28.1124400Z [ 50%] Building C object CMakeFiles/tidesdb_jni.dir/com_tidesdb_TidesDB.c.o
2026-01-22T08:51:28.2328300Z [100%] Linking C shared library libtidesdb_jni.dylib
2026-01-22T08:51:28.3465710Z [100%] Built target tidesdb_jni
2026-01-22T08:51:28.3545630Z Built library in build directory:
2026-01-22T08:51:28.3631690Z total 136
2026-01-22T08:51:28.3632340Z drwxr-xr-x   7 runner  staff    224 Jan 22 08:51 .
2026-01-22T08:51:28.3633580Z drwxr-xr-x   8 runner  staff    256 Jan 22 08:51 ..
2026-01-22T08:51:28.3634230Z -rw-r--r--   1 runner  staff   3168 Jan 22 08:51 cmake_install.cmake
2026-01-22T08:51:28.3634870Z -rw-r--r--   1 runner  staff  15268 Jan 22 08:51 CMakeCache.txt
2026-01-22T08:51:28.3635250Z drwxr-xr-x  14 runner  staff    448 Jan 22 08:51 CMakeFiles
2026-01-22T08:51:28.3635660Z -rwxr-xr-x   1 runner  staff  39096 Jan 22 08:51 libtidesdb_jni.dylib
2026-01-22T08:51:28.3636070Z -rw-r--r--   1 runner  staff   7776 Jan 22 08:51 Makefile
2026-01-22T08:51:28.3636490Z Installing library...
2026-01-22T08:51:28.4032960Z -- Install configuration: ""
2026-01-22T08:51:28.4046840Z -- Installing: /usr/local/lib/libtidesdb_jni.dylib
2026-01-22T08:51:28.4275420Z Checking /usr/local/lib:
2026-01-22T08:51:28.4427470Z -rwxr-xr-x  1 root  wheel   39096 Jan 22 08:51 /usr/local/lib/libtidesdb_jni.dylib
2026-01-22T08:51:28.4443320Z -rwxr-xr-x  1 root  wheel  413520 Jan 22 08:51 /usr/local/lib/libtidesdb.dylib
2026-01-22T08:51:28.4608590Z ##[group]Run cd tidesdb-java
2026-01-22T08:51:28.4609430Z [36;1mcd tidesdb-java[0m
2026-01-22T08:51:28.4610160Z [36;1mecho "Library path contents:"[0m
2026-01-22T08:51:28.4610910Z [36;1mls -la /usr/local/lib/libtidesdb* || true[0m
2026-01-22T08:51:28.4611670Z [36;1mmvn clean compile -DskipTests[0m
2026-01-22T08:51:28.4612600Z [36;1mmvn test -DargLine="-Djava.library.path=/usr/local/lib"[0m
2026-01-22T08:51:28.4696130Z shell: /bin/bash -e {0}
2026-01-22T08:51:28.4696370Z env:
2026-01-22T08:51:28.4696710Z   JAVA_HOME: /Users/runner/hostedtoolcache/Java_Temurin-Hotspot_jdk/11.0.29-7/arm64/Contents/Home
2026-01-22T08:51:28.4697290Z   JAVA_HOME_11_ARM64: /Users/runner/hostedtoolcache/Java_Temurin-Hotspot_jdk/11.0.29-7/arm64/Contents/Home
2026-01-22T08:51:28.4697640Z ##[endgroup]
2026-01-22T08:51:28.5613230Z Library path contents:
2026-01-22T08:51:28.5697010Z -rwxr-xr-x  1 root  wheel   39096 Jan 22 08:51 /usr/local/lib/libtidesdb_jni.dylib
2026-01-22T08:51:28.5702100Z -rwxr-xr-x  1 root  wheel  413520 Jan 22 08:51 /usr/local/lib/libtidesdb.dylib
2026-01-22T08:51:31.2861960Z [INFO] Scanning for projects...
2026-01-22T08:51:31.4218700Z [INFO] 
2026-01-22T08:51:31.4327610Z [INFO] ----------------------< com.tidesdb:tidesdb-java >----------------------
2026-01-22T08:51:31.4328050Z [INFO] Building TidesDB Java 0.2.0
2026-01-22T08:51:31.4431220Z [INFO]   from pom.xml
2026-01-22T08:51:31.4532930Z [INFO] --------------------------------[ jar ]---------------------------------
2026-01-22T08:51:32.0770250Z Downloading from central: https://repo.maven.apache.org/maven2/org/apache/maven/plugins/maven-source-plugin/3.3.0/maven-source-plugin-3.3.0.pom
2026-01-22T08:51:32.5448690Z Progress (1): 771 B
2026-01-22T08:51:32.5552950Z Progress (1): 1.8 kB
2026-01-22T08:51:32.5661740Z Progress (1): 4.2 kB
2026-01-22T08:51:32.5774730Z Progress (1): 6.7 kB
2026-01-22T08:51:32.5876590Z                     
2026-01-22T08:51:32.5979450Z Downloaded from central: https://repo.maven.apache.org/maven2/org/apache/maven/plugins/maven-source-plugin/3.3.0/maven-source-plugin-3.3.0.pom (6.7 kB at 13 kB/s)
2026-01-22T08:51:32.6097170Z Downloading from central: https://repo.maven.apache.org/maven2/org/apache/maven/plugins/maven-plugins/39/maven-plugins-39.pom
2026-01-22T08:51:32.6209960Z Progress (1): 763 B
2026-01-22T08:51:32.6311450Z Progress (1): 1.8 kB
2026-01-22T08:51:32.6434840Z Progress (1): 4.2 kB
2026-01-22T08:51:32.6565940Z Progress (1): 6.6 kB
2026-01-22T08:51:32.6666960Z Progress (1): 8.1 kB
2026-01-22T08:51:32.6768570Z                     
2026-01-22T08:51:32.6836010Z Downloaded from central: https://repo.maven.apache.org/maven2/org/apache/maven/plugins/maven-plugins/39/maven-plugins-39.pom (8.1 kB at 279 kB/s)
2026-01-22T08:51:32.6837070Z Downloading from central: https://repo.maven.apache.org/maven2/org/apache/maven/maven-parent/39/maven-parent-39.pom
2026-01-22T08:51:32.6838770Z Progress (1): 724 B
2026-01-22T08:51:32.6839080Z Progress (1): 1.6 kB
2026-01-22T08:51:32.6839380Z Progress (1): 4.2 kB
2026-01-22T08:51:32.6839770Z Progress (1): 8.6 kB
2026-01-22T08:51:32.6843590Z Progress (1): 12 kB 
2026-01-22T08:51:32.6844550Z Progress (1): 16 kB
2026-01-22T08:51:32.6845310Z Progress (1): 21 kB
2026-01-22T08:51:32.6846080Z Progress (1): 23 kB
2026-01-22T08:51:32.6846770Z Progress (1): 27 kB
2026-01-22T08:51:32.6847490Z Progress (1): 28 kB
2026-01-22T08:51:32.6848310Z Progress (1): 30 kB
2026-01-22T08:51:32.6848980Z Progress (1): 33 kB
2026-01-22T08:51:32.6849680Z Progress (1): 36 kB
2026-01-22T08:51:32.6853060Z Progress (1): 38 kB
2026-01-22T08:51:32.6853780Z Progress (1): 41 kB
2026-01-22T08:51:32.6854480Z Progress (1): 45 kB
2026-01-22T08:51:32.6855150Z Progress (1): 48 kB
2026-01-22T08:51:32.6855960Z                    
2026-01-22T08:51:32.6857350Z Downloaded from central: https://repo.maven.apache.org/maven2/org/apache/maven/maven-parent/39/maven-parent-39.pom (48 kB at 1.2 MB/s)
2026-01-22T08:51:32.6862480Z Downloading from central: https://repo.maven.apache.org/maven2/org/apache/apache/29/apache-29.pom
2026-01-22T08:51:32.6927390Z Progress (1): 745 B
2026-01-22T08:51:32.6929210Z Progress (1): 1.6 kB
2026-01-22T08:51:32.7030220Z Progress (1): 3.4 kB
2026-01-22T08:51:32.7152130Z Progress (1): 5.6 kB
2026-01-22T08:51:32.7267790Z Progress (1): 8.9 kB
2026-01-22T08:51:32.7394350Z Progress (1): 14 kB 
2026-01-22T08:51:32.7509840Z Progress (1): 17 kB
2026-01-22T08:51:32.7632240Z Progress (1): 19 kB
2026-01-22T08:51:32.7738540Z Progress (1): 21 kB
2026-01-22T08:51:32.7856760Z                    
2026-01-22T08:51:32.7968160Z Downloaded from central: https://repo.maven.apache.org/maven2/org/apache/apache/29/apache-29.pom (21 kB at 628 kB/s)
2026-01-22T08:51:32.8070720Z Downloading from central: https://repo.maven.apache.org/maven2/org/apache/maven/plugins/maven-source-plugin/3.3.0/maven-source-plugin-3.3.0.jar
2026-01-22T08:51:32.8074050Z Progress (1): 0.9/32 kB
2026-01-22T08:51:32.8074400Z Progress (1): 2.3/32 kB
2026-01-22T08:51:32.8074740Z Progress (1): 3.6/32 kB
2026-01-22T08:51:32.8075300Z Progress (1): 5.0/32 kB
2026-01-22T08:51:32.8075690Z Progress (1): 6.4/32 kB
2026-01-22T08:51:32.8076170Z Progress (1): 7.7/32 kB
2026-01-22T08:51:32.8076570Z Progress (1): 8.2/32 kB
2026-01-22T08:51:32.8076820Z Progress (1): 9.6/32 kB
2026-01-22T08:51:32.8077150Z Progress (1): 11/32 kB 
2026-01-22T08:51:32.8077420Z Progress (1): 12/32 kB
2026-01-22T08:51:32.8077800Z Progress (1): 14/32 kB
2026-01-22T08:51:32.8078070Z Progress (1): 15/32 kB
2026-01-22T08:51:32.8078340Z Progress (1): 16/32 kB
2026-01-22T08:51:32.8078970Z Progress (1): 18/32 kB
2026-01-22T08:51:32.8079280Z Progress (1): 19/32 kB
2026-01-22T08:51:32.8079570Z Progress (1): 21/32 kB
2026-01-22T08:51:32.8080280Z Progress (1): 22/32 kB
2026-01-22T08:51:32.8080580Z Progress (1): 23/32 kB
2026-01-22T08:51:32.8080860Z Progress (1): 25/32 kB
2026-01-22T08:51:32.8081130Z Progress (1): 26/32 kB
2026-01-22T08:51:32.8081490Z Progress (1): 27/32 kB
2026-01-22T08:51:32.8081800Z Progress (1): 29/32 kB
2026-01-22T08:51:32.8082070Z Progress (1): 30/32 kB
2026-01-22T08:51:32.8082430Z Progress (1): 31/32 kB
2026-01-22T08:51:32.8082810Z Progress (1): 32 kB   
2026-01-22T08:51:32.8083330Z                    
2026-01-22T08:51:32.8083910Z Downloaded from central: https://repo.maven.apache.org/maven2/org/apache/maven/plugins/maven-source-plugin/3.3.0/maven-source-plugin-3.3.0.jar (32 kB at 850 kB/s)
2026-01-22T08:51:32.8084930Z Downloading from central: https://repo.maven.apache.org/maven2/org/apache/maven/plugins/maven-javadoc-plugin/3.6.2/maven-javadoc-plugin-3.6.2.pom
2026-01-22T08:51:32.8085530Z Progress (1): 735 B
2026-01-22T08:51:32.8085790Z Progress (1): 2.5 kB
2026-01-22T08:51:32.8086130Z Progress (1): 4.2 kB
2026-01-22T08:51:32.8086400Z Progress (1): 8.4 kB
2026-01-22T08:51:32.8086660Z Progress (1): 14 kB 
2026-01-22T08:51:32.8086990Z Progress (1): 16 kB
2026-01-22T08:51:32.8087250Z Progress (1): 18 kB
2026-01-22T08:51:32.8087910Z Progress (1): 19 kB
2026-01-22T08:51:32.8088110Z Progress (1): 21 kB
2026-01-22T08:51:32.8088320Z                    
2026-01-22T08:51:32.8088930Z Downloaded from central: https://repo.maven.apache.org/maven2/org/apache/maven/plugins/maven-javadoc-plugin/3.6.2/maven-javadoc-plugin-3.6.2.pom (21 kB at 737 kB/s)
2026-01-22T08:51:32.8089860Z Downloading from central: https://repo.maven.apache.org/maven2/org/apache/maven/plugins/maven-plugins/40/maven-plugins-40.pom
2026-01-22T08:51:32.8199110Z Progress (1): 770 B
2026-01-22T08:51:32.8216860Z Progress (1): 2.3 kB
2026-01-22T08:51:32.8217300Z Progress (1): 4.9 kB
2026-01-22T08:51:32.8217570Z Progress (1): 7.4 kB
2026-01-22T08:51:32.8221650Z Progress (1): 8.1 kB
2026-01-22T08:51:32.8222700Z                     
2026-01-22T08:51:32.8224190Z Downloaded from central: https://repo.maven.apache.org/maven2/org/apache/maven/plugins/maven-plugins/40/maven-plugins-40.pom (8.1 kB at 269 kB/s)
2026-01-22T08:51:32.8274420Z Downloading from central: https://repo.maven.apache.org/maven2/org/apache/maven/maven-parent/40/maven-parent-40.pom
2026-01-22T08:51:32.8533960Z Progress (1): 716 B
2026-01-22T08:51:32.8636130Z Progress (1): 1.9 kB
2026-01-22T08:51:32.8739370Z Progress (1): 5.5 kB
2026-01-22T08:51:32.8841260Z Progress (1): 9.7 kB
2026-01-22T08:51:32.8842570Z Progress (1): 14 kB 
2026-01-22T08:51:32.8843460Z Progress (1): 19 kB
2026-01-22T08:51:32.8844190Z Progress (1): 23 kB
2026-01-22T08:51:32.8844960Z Progress (1): 25 kB
2026-01-22T08:51:32.8846420Z Progress (1): 27 kB
2026-01-22T08:51:32.8847390Z Progress (1): 29 kB
2026-01-22T08:51:32.8848120Z Progress (1): 32 kB
2026-01-22T08:51:32.8848870Z Progress (1): 35 kB
2026-01-22T08:51:32.8849520Z Progress (1): 38 kB
2026-01-22T08:51:32.8850120Z Progress (1): 41 kB
2026-01-22T08:51:32.8851110Z Progress (1): 44 kB
2026-01-22T08:51:32.8851730Z Progress (1): 49 kB
2026-01-22T08:51:32.8852460Z                    
2026-01-22T08:51:32.8853960Z Downloaded from central: https://repo.maven.apache.org/maven2/org/apache/maven/maven-parent/40/maven-parent-40.pom (49 kB at 1.5 MB/s)
2026-01-22T08:51:32.8856090Z Downloading from central: https://repo.maven.apache.org/maven2/org/apache/apache/30/apache-30.pom
2026-01-22T08:51:32.8927760Z Progress (1): 741 B
2026-01-22T08:51:32.8961250Z Progress (1): 2.1 kB
2026-01-22T08:51:32.9016110Z Progress (1): 4.0 kB
2026-01-22T08:51:32.9117170Z Progress (1): 6.2 kB
2026-01-22T08:51:32.9145040Z Progress (1): 11 kB 
2026-01-22T08:51:32.9145650Z Progress (1): 16 kB
2026-01-22T08:51:32.9145850Z Progress (1): 20 kB
2026-01-22T08:51:32.9146100Z Progress (1): 21 kB
2026-01-22T08:51:32.9146360Z Progress (1): 23 kB
2026-01-22T08:51:32.9146680Z Progress (1): 23 kB
2026-01-22T08:51:32.9146920Z                    
2026-01-22T08:51:32.9147390Z Downloaded from central: https://repo.maven.apache.org/maven2/org/apache/apache/30/apache-30.pom (23 kB at 750 kB/s)
2026-01-22T08:51:32.9148340Z Downloading from central: https://repo.maven.apache.org/maven2/org/apache/maven/plugins/maven-javadoc-plugin/3.6.2/maven-javadoc-plugin-3.6.2.jar
2026-01-22T08:51:32.9382490Z Progress (1): 4.2/510 kB
2026-01-22T08:51:32.9511900Z Progress (1): 8.5/510 kB
2026-01-22T08:51:32.9614840Z Progress (1): 13/510 kB 
2026-01-22T08:51:32.9716340Z Progress (1): 17/510 kB
2026-01-22T08:51:32.9817880Z Progress (1): 21/510 kB
2026-01-22T08:51:32.9937640Z Progress (1): 25/510 kB
2026-01-22T08:51:33.0042370Z Progress (1): 29/510 kB
2026-01-22T08:51:33.0149040Z Progress (1): 33/510 kB
2026-01-22T08:51:33.0267420Z Progress (1): 37/510 kB
2026-01-22T08:51:33.0368770Z Progress (1): 41/510 kB
2026-01-22T08:51:33.0600700Z Progress (1): 46/510 kB
2026-01-22T08:51:33.0705400Z Progress (1): 49/510 kB
2026-01-22T08:51:33.0806620Z Progress (1): 53/510 kB
2026-01-22T08:51:33.0926700Z Progress (1): 58/510 kB
2026-01-22T08:51:33.1054240Z Progress (1): 62/510 kB
2026-01-22T08:51:33.1163800Z Progress (1): 66/510 kB
2026-01-22T08:51:33.1187250Z Progress (1): 70/510 kB
2026-01-22T08:51:33.1225780Z Progress (1): 75/510 kB
2026-01-22T08:51:33.1327990Z Progress (1): 79/510 kB
2026-01-22T08:51:33.1432970Z Progress (1): 83/510 kB
2026-01-22T08:51:33.1508780Z Progress (1): 87/510 kB
2026-01-22T08:51:33.1509240Z Progress (1): 91/510 kB
2026-01-22T08:51:33.1509560Z Progress (1): 96/510 kB
2026-01-22T08:51:33.1509890Z Progress (1): 98/510 kB
2026-01-22T08:51:33.1510530Z Progress (1): 103/510 kB
2026-01-22T08:51:33.1510870Z Progress (1): 107/510 kB
2026-01-22T08:51:33.1511380Z Progress (1): 111/510 kB
2026-01-22T08:51:33.1511680Z Progress (1): 115/510 kB
2026-01-22T08:51:33.1511970Z Progress (1): 119/510 kB
2026-01-22T08:51:33.1512260Z Progress (1): 136/510 kB
2026-01-22T08:51:33.1512600Z Progress (1): 147/510 kB
2026-01-22T08:51:33.1512880Z Progress (1): 164/510 kB
2026-01-22T08:51:33.1513160Z Progress (1): 180/510 kB
2026-01-22T08:51:33.1513510Z Progress (1): 197/510 kB
2026-01-22T08:51:33.1513790Z Progress (1): 213/510 kB
2026-01-22T08:51:33.1514070Z Progress (1): 229/510 kB
2026-01-22T08:51:33.1514350Z Progress (1): 246/510 kB
2026-01-22T08:51:33.1514680Z Progress (1): 262/510 kB
2026-01-22T08:51:33.1515100Z Progress (1): 279/510 kB
2026-01-22T08:51:33.1515570Z Progress (1): 295/510 kB
2026-01-22T08:51:33.1515940Z Progress (1): 311/510 kB
2026-01-22T08:51:33.1516730Z Progress (1): 328/510 kB
2026-01-22T08:51:33.1517080Z Progress (1): 344/510 kB
2026-01-22T08:51:33.1520400Z Progress (1): 360/510 kB
2026-01-22T08:51:33.1520730Z Progress (1): 377/510 kB
2026-01-22T08:51:33.1520990Z Progress (1): 393/510 kB
2026-01-22T08:51:33.1521320Z Progress (1): 410/510 kB
2026-01-22T08:51:33.1521570Z Progress (1): 426/510 kB
2026-01-22T08:51:33.1522130Z Progress (1): 442/510 kB
2026-01-22T08:51:33.1522460Z Progress (1): 459/510 kB
2026-01-22T08:51:33.1522830Z Progress (1): 475/510 kB
2026-01-22T08:51:33.1523100Z Progress (1): 492/510 kB
2026-01-22T08:51:33.1538370Z Progress (1): 508/510 kB
2026-01-22T08:51:33.1538720Z Progress (1): 510 kB    
2026-01-22T08:51:33.1538980Z                     
2026-01-22T08:51:33.1540460Z Downloaded from central: https://repo.maven.apache.org/maven2/org/apache/maven/plugins/maven-javadoc-plugin/3.6.2/maven-javadoc-plugin-3.6.2.jar (510 kB at 6.1 MB/s)
2026-01-22T08:51:33.1541420Z Downloading from central: https://repo.maven.apache.org/maven2/org/apache/maven/plugins/maven-clean-plugin/3.2.0/maven-clean-plugin-3.2.0.pom
2026-01-22T08:51:33.1541950Z Progress (1): 779 B
2026-01-22T08:51:33.1542150Z Progress (1): 2.2 kB
2026-01-22T08:51:33.1542340Z Progress (1): 4.7 kB
2026-01-22T08:51:33.1542660Z Progress (1): 5.3 kB
2026-01-22T08:51:33.1542920Z                     
2026-01-22T08:51:33.1543550Z Downloaded from central: https://repo.maven.apache.org/maven2/org/apache/maven/plugins/maven-clean-plugin/3.2.0/maven-clean-plugin-3.2.0.pom (5.3 kB at 190 kB/s)
2026-01-22T08:51:33.1544490Z Downloading from central: https://repo.maven.apache.org/maven2/org/apache/maven/plugins/maven-plugins/35/maven-plugins-35.pom
2026-01-22T08:51:33.1545040Z Progress (1): 755 B
2026-01-22T08:51:33.1545320Z Progress (1): 2.2 kB
2026-01-22T08:51:33.1545590Z Progress (1): 4.5 kB
2026-01-22T08:51:33.1545920Z Progress (1): 7.3 kB
2026-01-22T08:51:33.1546140Z Progress (1): 9.9 kB
2026-01-22T08:51:33.1546320Z                     
2026-01-22T08:51:33.1546940Z Downloaded from central: https://repo.maven.apache.org/maven2/org/apache/maven/plugins/maven-plugins/35/maven-plugins-35.pom (9.9 kB at 341 kB/s)
2026-01-22T08:51:33.1547750Z Downloading from central: https://repo.maven.apache.org/maven2/org/apache/maven/maven-parent/35/maven-parent-35.pom
2026-01-22T08:51:33.1548280Z Progress (1): 717 B
2026-01-22T08:51:33.1549870Z Progress (1): 1.9 kB
2026-01-22T08:51:33.1550060Z Progress (1): 5.3 kB
2026-01-22T08:51:33.1550260Z Progress (1): 9.4 kB
2026-01-22T08:51:33.1550390Z Progress (1): 14 kB 
2026-01-22T08:51:33.1550580Z Progress (1): 19 kB
2026-01-22T08:51:33.1550790Z Progress (1): 22 kB
2026-01-22T08:51:33.1550920Z Progress (1): 26 kB
2026-01-22T08:51:33.1551050Z Progress (1): 28 kB
2026-01-22T08:51:33.1551170Z Progress (1): 30 kB
2026-01-22T08:51:33.1551290Z Progress (1): 34 kB
2026-01-22T08:51:33.1552220Z Progress (1): 37 kB
2026-01-22T08:51:33.1552530Z Progress (1): 40 kB
2026-01-22T08:51:33.1552750Z Progress (1): 45 kB
2026-01-22T08:51:33.1552950Z Progress (1): 45 kB
2026-01-22T08:51:33.1553070Z                    
2026-01-22T08:51:33.1553590Z Downloaded from central: https://repo.maven.apache.org/maven2/org/apache/maven/maven-parent/35/maven-parent-35.pom (45 kB at 1.6 MB/s)
2026-01-22T08:51:33.1554250Z Downloading from central: https://repo.maven.apache.org/maven2/org/apache/apache/25/apache-25.pom
2026-01-22T08:51:33.1699780Z Progress (1): 743 B
2026-01-22T08:51:33.1702500Z Progress (1): 2.1 kB
2026-01-22T08:51:33.1709300Z Progress (1): 3.9 kB
2026-01-22T08:51:33.1810610Z Progress (1): 7.3 kB
2026-01-22T08:51:33.1841600Z Progress (1): 12 kB 
2026-01-22T08:51:33.1842070Z Progress (1): 16 kB
2026-01-22T08:51:33.1842370Z Progress (1): 19 kB
2026-01-22T08:51:33.1843400Z Progress (1): 21 kB
2026-01-22T08:51:33.1843660Z                    
2026-01-22T08:51:33.1845410Z Downloaded from central: https://repo.maven.apache.org/maven2/org/apache/apache/25/apache-25.pom (21 kB at 685 kB/s)
2026-01-22T08:51:33.1849010Z Downloading from central: https://repo.maven.apache.org/maven2/org/apache/maven/plugins/maven-clean-plugin/3.2.0/maven-clean-plugin-3.2.0.jar
2026-01-22T08:51:33.2069740Z Progress (1): 7.7/36 kB
2026-01-22T08:51:33.2180940Z Progress (1): 16/36 kB 
2026-01-22T08:51:33.2274640Z Progress (1): 32/36 kB
2026-01-22T08:51:33.2275080Z Progress (1): 36 kB   
2026-01-22T08:51:33.2275380Z                    
2026-01-22T08:51:33.2275990Z Downloaded from central: https://repo.maven.apache.org/maven2/org/apache/maven/plugins/maven-clean-plugin/3.2.0/maven-clean-plugin-3.2.0.jar (36 kB at 1.2 MB/s)
2026-01-22T08:51:33.2277060Z Downloading from central: https://repo.maven.apache.org/maven2/org/apache/maven/plugins/maven-resources-plugin/3.3.1/maven-resources-plugin-3.3.1.pom
2026-01-22T08:51:33.2473820Z Progress (1): 766 B
2026-01-22T08:51:33.2565700Z Progress (1): 2.1 kB
2026-01-22T08:51:33.2566470Z Progress (1): 4.9 kB
2026-01-22T08:51:33.2566760Z Progress (1): 7.5 kB
2026-01-22T08:51:33.2567140Z Progress (1): 8.2 kB
2026-01-22T08:51:33.2567480Z                     
2026-01-22T08:51:33.2568270Z Downloaded from central: https://repo.maven.apache.org/maven2/org/apache/maven/plugins/maven-resources-plugin/3.3.1/maven-resources-plugin-3.3.1.pom (8.2 kB at 291 kB/s)
2026-01-22T08:51:33.2569410Z Downloading from central: https://repo.maven.apache.org/maven2/org/apache/maven/plugins/maven-resources-plugin/3.3.1/maven-resources-plugin-3.3.1.jar
2026-01-22T08:51:33.2833690Z Progress (1): 7.7/31 kB
2026-01-22T08:51:33.2841900Z Progress (1): 16/31 kB 
2026-01-22T08:51:33.2943700Z Progress (1): 31 kB   
2026-01-22T08:51:33.2981370Z                    
2026-01-22T08:51:33.2982160Z Downloaded from central: https://repo.maven.apache.org/maven2/org/apache/maven/plugins/maven-resources-plugin/3.3.1/maven-resources-plugin-3.3.1.jar (31 kB at 910 kB/s)
2026-01-22T08:51:33.2983130Z Downloading from central: https://repo.maven.apache.org/maven2/org/apache/maven/plugins/maven-compiler-plugin/3.11.0/maven-compiler-plugin-3.11.0.pom
2026-01-22T08:51:33.3195880Z Progress (1): 756 B
2026-01-22T08:51:33.3296860Z Progress (1): 2.2 kB
2026-01-22T08:51:33.3324420Z Progress (1): 3.9 kB
2026-01-22T08:51:33.3324760Z Progress (1): 7.6 kB
2026-01-22T08:51:33.3325010Z Progress (1): 9.8 kB
2026-01-22T08:51:33.3325270Z                     
2026-01-22T08:51:33.3325960Z Downloaded from central: https://repo.maven.apache.org/maven2/org/apache/maven/plugins/maven-compiler-plugin/3.11.0/maven-compiler-plugin-3.11.0.pom (9.8 kB at 307 kB/s)
2026-01-22T08:51:33.3326990Z Downloading from central: https://repo.maven.apache.org/maven2/org/apache/maven/plugins/maven-compiler-plugin/3.11.0/maven-compiler-plugin-3.11.0.jar
2026-01-22T08:51:33.3541410Z Progress (1): 7.7/66 kB
2026-01-22T08:51:33.3589100Z Progress (1): 16/66 kB 
2026-01-22T08:51:33.3690290Z Progress (1): 32/66 kB
2026-01-22T08:51:33.3791280Z Progress (1): 48/66 kB
2026-01-22T08:51:33.3894070Z Progress (1): 65/66 kB
2026-01-22T08:51:33.3909170Z Progress (1): 66 kB   
2026-01-22T08:51:33.3909750Z                    
2026-01-22T08:51:33.3911290Z Downloaded from central: https://repo.maven.apache.org/maven2/org/apache/maven/plugins/maven-compiler-plugin/3.11.0/maven-compiler-plugin-3.11.0.jar (66 kB at 2.3 MB/s)
2026-01-22T08:51:33.3915280Z Downloading from central: https://repo.maven.apache.org/maven2/org/junit/jupiter/junit-jupiter/5.10.1/junit-jupiter-5.10.1.pom
2026-01-22T08:51:33.4036860Z Progress (1): 943 B
2026-01-22T08:51:33.4138460Z Progress (1): 3.2 kB
2026-01-22T08:51:33.4254910Z                     
2026-01-22T08:51:33.4330530Z Downloaded from central: https://repo.maven.apache.org/maven2/org/junit/jupiter/junit-jupiter/5.10.1/junit-jupiter-5.10.1.pom (3.2 kB at 119 kB/s)
2026-01-22T08:51:33.4331330Z Downloading from central: https://repo.maven.apache.org/maven2/org/junit/junit-bom/5.10.1/junit-bom-5.10.1.pom
2026-01-22T08:51:33.4411090Z Progress (1): 908 B
2026-01-22T08:51:33.4483180Z Progress (1): 4.1 kB
2026-01-22T08:51:33.4483470Z Progress (1): 5.6 kB
2026-01-22T08:51:33.4483650Z                     
2026-01-22T08:51:33.4484600Z Downloaded from central: https://repo.maven.apache.org/maven2/org/junit/junit-bom/5.10.1/junit-bom-5.10.1.pom (5.6 kB at 171 kB/s)
2026-01-22T08:51:33.4485800Z Downloading from central: https://repo.maven.apache.org/maven2/org/junit/jupiter/junit-jupiter-api/5.10.1/junit-jupiter-api-5.10.1.pom
2026-01-22T08:51:33.4740590Z Progress (1): 954 B
2026-01-22T08:51:33.4802730Z Progress (1): 3.2 kB
2026-01-22T08:51:33.4803320Z                     
2026-01-22T08:51:33.4803950Z Downloaded from central: https://repo.maven.apache.org/maven2/org/junit/jupiter/junit-jupiter-api/5.10.1/junit-jupiter-api-5.10.1.pom (3.2 kB at 114 kB/s)
2026-01-22T08:51:33.4804820Z Downloading from central: https://repo.maven.apache.org/maven2/org/opentest4j/opentest4j/1.3.0/opentest4j-1.3.0.pom
2026-01-22T08:51:33.5041580Z Progress (1): 996 B
2026-01-22T08:51:33.5115780Z Progress (1): 2.0 kB
2026-01-22T08:51:33.5116100Z                     
2026-01-22T08:51:33.5116660Z Downloaded from central: https://repo.maven.apache.org/maven2/org/opentest4j/opentest4j/1.3.0/opentest4j-1.3.0.pom (2.0 kB at 75 kB/s)
2026-01-22T08:51:33.5117550Z Downloading from central: https://repo.maven.apache.org/maven2/org/junit/platform/junit-platform-commons/1.10.1/junit-platform-commons-1.10.1.pom
2026-01-22T08:51:33.5341060Z Progress (1): 966 B
2026-01-22T08:51:33.5442700Z Progress (1): 2.8 kB
2026-01-22T08:51:33.5465830Z                     
2026-01-22T08:51:33.5466530Z Downloaded from central: https://repo.maven.apache.org/maven2/org/junit/platform/junit-platform-commons/1.10.1/junit-platform-commons-1.10.1.pom (2.8 kB at 98 kB/s)
2026-01-22T08:51:33.5467410Z Downloading from central: https://repo.maven.apache.org/maven2/org/apiguardian/apiguardian-api/1.1.2/apiguardian-api-1.1.2.pom
2026-01-22T08:51:33.5688520Z Progress (1): 1.0 kB
2026-01-22T08:51:33.5693000Z Progress (1): 1.5 kB
2026-01-22T08:51:33.5762880Z                     
2026-01-22T08:51:33.5763610Z Downloaded from central: https://repo.maven.apache.org/maven2/org/apiguardian/apiguardian-api/1.1.2/apiguardian-api-1.1.2.pom (1.5 kB at 51 kB/s)
2026-01-22T08:51:33.5764520Z Downloading from central: https://repo.maven.apache.org/maven2/org/junit/jupiter/junit-jupiter-params/5.10.1/junit-jupiter-params-5.10.1.pom
2026-01-22T08:51:33.6004990Z Progress (1): 964 B
2026-01-22T08:51:33.6060760Z Progress (1): 3.0 kB
2026-01-22T08:51:33.6162760Z                     
2026-01-22T08:51:33.6187290Z Downloaded from central: https://repo.maven.apache.org/maven2/org/junit/jupiter/junit-jupiter-params/5.10.1/junit-jupiter-params-5.10.1.pom (3.0 kB at 100 kB/s)
2026-01-22T08:51:33.6195190Z Downloading from central: https://repo.maven.apache.org/maven2/org/junit/jupiter/junit-jupiter-engine/5.10.1/junit-jupiter-engine-5.10.1.pom
2026-01-22T08:51:33.6458780Z Progress (1): 963 B
2026-01-22T08:51:33.6506620Z Progress (1): 3.2 kB
2026-01-22T08:51:33.6507720Z                     
2026-01-22T08:51:33.6508300Z Downloaded from central: https://repo.maven.apache.org/maven2/org/junit/jupiter/junit-jupiter-engine/5.10.1/junit-jupiter-engine-5.10.1.pom (3.2 kB at 114 kB/s)
2026-01-22T08:51:33.6509650Z Downloading from central: https://repo.maven.apache.org/maven2/org/junit/platform/junit-platform-engine/1.10.1/junit-platform-engine-1.10.1.pom
2026-01-22T08:51:33.6799500Z Progress (1): 957 B
2026-01-22T08:51:33.6904620Z Progress (1): 3.2 kB
2026-01-22T08:51:33.7006190Z                     
2026-01-22T08:51:33.7011090Z Downloaded from central: https://repo.maven.apache.org/maven2/org/junit/platform/junit-platform-engine/1.10.1/junit-platform-engine-1.10.1.pom (3.2 kB at 114 kB/s)
2026-01-22T08:51:33.7012840Z [INFO] 
2026-01-22T08:51:33.7013490Z [INFO] --- clean:3.2.0:clean (default-clean) @ tidesdb-java ---
2026-01-22T08:51:33.7015020Z Downloading from central: https://repo.maven.apache.org/maven2/org/apache/maven/shared/maven-shared-utils/3.3.4/maven-shared-utils-3.3.4.pom
2026-01-22T08:51:33.7376920Z Progress (1): 787 B
2026-01-22T08:51:33.7455850Z Progress (1): 2.3 kB
2026-01-22T08:51:33.7456120Z Progress (1): 4.3 kB
2026-01-22T08:51:33.7456390Z Progress (1): 5.8 kB
2026-01-22T08:51:33.7457030Z                     
2026-01-22T08:51:33.7457620Z Downloaded from central: https://repo.maven.apache.org/maven2/org/apache/maven/shared/maven-shared-utils/3.3.4/maven-shared-utils-3.3.4.pom (5.8 kB at 130 kB/s)
2026-01-22T08:51:33.7458500Z Downloading from central: https://repo.maven.apache.org/maven2/org/apache/maven/shared/maven-shared-components/34/maven-shared-components-34.pom
2026-01-22T08:51:33.7698990Z Progress (1): 798 B
2026-01-22T08:51:33.7733030Z Progress (1): 2.3 kB
2026-01-22T08:51:33.7733320Z Progress (1): 4.6 kB
2026-01-22T08:51:33.7772730Z Progress (1): 5.1 kB
2026-01-22T08:51:33.7840980Z                     
2026-01-22T08:51:33.7842640Z Downloaded from central: https://repo.maven.apache.org/maven2/org/apache/maven/shared/maven-shared-components/34/maven-shared-components-34.pom (5.1 kB at 150 kB/s)
2026-01-22T08:51:33.7844960Z Downloading from central: https://repo.maven.apache.org/maven2/org/apache/maven/maven-parent/34/maven-parent-34.pom
2026-01-22T08:51:33.8058140Z Progress (1): 721 B
2026-01-22T08:51:33.8180920Z Progress (1): 1.9 kB
2026-01-22T08:51:33.8289220Z Progress (1): 5.4 kB
2026-01-22T08:51:33.8412800Z Progress (1): 9.8 kB
2026-01-22T08:51:33.8521870Z Progress (1): 14 kB 
2026-01-22T08:51:33.8636220Z Progress (1): 19 kB
2026-01-22T08:51:33.8737250Z Progress (1): 23 kB
2026-01-22T08:51:33.8764460Z Progress (1): 26 kB
2026-01-22T08:51:33.8764900Z Progress (1): 27 kB
2026-01-22T08:51:33.8765530Z Progress (1): 30 kB
2026-01-22T08:51:33.8765790Z Progress (1): 34 kB
2026-01-22T08:51:33.8766010Z Progress (1): 37 kB
2026-01-22T08:51:33.8766230Z Progress (1): 40 kB
2026-01-22T08:51:33.8766510Z Progress (1): 43 kB
2026-01-22T08:51:33.8766720Z                    
2026-01-22T08:51:33.8767240Z Downloaded from central: https://repo.maven.apache.org/maven2/org/apache/maven/maven-parent/34/maven-parent-34.pom (43 kB at 1.4 MB/s)
2026-01-22T08:51:33.8768030Z Downloading from central: https://repo.maven.apache.org/maven2/org/apache/apache/23/apache-23.pom
2026-01-22T08:51:33.8768470Z Progress (1): 749 B
2026-01-22T08:51:33.8768700Z Progress (1): 2.1 kB
2026-01-22T08:51:33.8768920Z Progress (1): 3.9 kB
2026-01-22T08:51:33.8769140Z Progress (1): 7.9 kB
2026-01-22T08:51:33.8769360Z Progress (1): 13 kB 
2026-01-22T08:51:33.8769580Z Progress (1): 16 kB
2026-01-22T08:51:33.8769870Z Progress (1): 18 kB
2026-01-22T08:51:33.8770080Z                    
2026-01-22T08:51:33.8770510Z Downloaded from central: https://repo.maven.apache.org/maven2/org/apache/apache/23/apache-23.pom (18 kB at 512 kB/s)
2026-01-22T08:51:33.8771170Z Downloading from central: https://repo.maven.apache.org/maven2/commons-io/commons-io/2.6/commons-io-2.6.pom
2026-01-22T08:51:33.8888170Z Progress (1): 774 B
2026-01-22T08:51:33.8990020Z Progress (1): 2.1 kB
2026-01-22T08:51:33.9071270Z Progress (1): 5.3 kB
2026-01-22T08:51:33.9105120Z Progress (1): 7.4 kB
2026-01-22T08:51:33.9144850Z Progress (1): 9.4 kB
2026-01-22T08:51:33.9148110Z Progress (1): 12 kB 
2026-01-22T08:51:33.9148590Z Progress (1): 14 kB
2026-01-22T08:51:33.9148850Z                    
2026-01-22T08:51:33.9149360Z Downloaded from central: https://repo.maven.apache.org/maven2/commons-io/commons-io/2.6/commons-io-2.6.pom (14 kB at 528 kB/s)
2026-01-22T08:51:33.9151490Z Downloading from central: https://repo.maven.apache.org/maven2/org/apache/commons/commons-parent/42/commons-parent-42.pom
2026-01-22T08:51:33.9465340Z Progress (1): 707 B
2026-01-22T08:51:33.9501640Z Progress (1): 1.9 kB
2026-01-22T08:51:33.9502500Z Progress (1): 3.1 kB
2026-01-22T08:51:33.9503150Z Progress (1): 4.5 kB
2026-01-22T08:51:33.9503720Z Progress (1): 5.9 kB
2026-01-22T08:51:33.9504270Z Progress (1): 7.5 kB
2026-01-22T08:51:33.9504920Z Progress (1): 11 kB 
2026-01-22T08:51:33.9505910Z Progress (1): 14 kB
2026-01-22T08:51:33.9506170Z Progress (1): 17 kB
2026-01-22T08:51:33.9506380Z Progress (1): 20 kB
2026-01-22T08:51:33.9506600Z Progress (1): 23 kB
2026-01-22T08:51:33.9506860Z Progress (1): 26 kB
2026-01-22T08:51:33.9507120Z Progress (1): 29 kB
2026-01-22T08:51:33.9507340Z Progress (1): 31 kB
2026-01-22T08:51:33.9507970Z Progress (1): 34 kB
2026-01-22T08:51:33.9508280Z Progress (1): 34 kB
2026-01-22T08:51:33.9508500Z Progress (1): 37 kB
2026-01-22T08:51:33.9508710Z Progress (1): 40 kB
2026-01-22T08:51:33.9606230Z Progress (1): 44 kB
2026-01-22T08:51:33.9643210Z Progress (1): 48 kB
2026-01-22T08:51:33.9643600Z Progress (1): 53 kB
2026-01-22T08:51:33.9643820Z Progress (1): 55 kB
2026-01-22T08:51:33.9644040Z Progress (1): 59 kB
2026-01-22T08:51:33.9644260Z Progress (1): 60 kB
2026-01-22T08:51:33.9644490Z Progress (1): 62 kB
2026-01-22T08:51:33.9644830Z Progress (1): 65 kB
2026-01-22T08:51:33.9645350Z Progress (1): 66 kB
2026-01-22T08:51:33.9645580Z Progress (1): 68 kB
2026-01-22T08:51:33.9645850Z                    
2026-01-22T08:51:33.9646430Z Downloaded from central: https://repo.maven.apache.org/maven2/org/apache/commons/commons-parent/42/commons-parent-42.pom (68 kB at 1.2 MB/s)
2026-01-22T08:51:33.9647550Z Downloading from central: https://repo.maven.apache.org/maven2/org/apache/apache/18/apache-18.pom
2026-01-22T08:51:33.9873920Z Progress (1): 745 B
2026-01-22T08:51:33.9874780Z Progress (1): 2.1 kB
2026-01-22T08:51:33.9875440Z Progress (1): 3.9 kB
2026-01-22T08:51:33.9876070Z Progress (1): 8.0 kB
2026-01-22T08:51:33.9876670Z Progress (1): 12 kB 
2026-01-22T08:51:33.9877290Z Progress (1): 14 kB
2026-01-22T08:51:33.9925110Z Progress (1): 16 kB
2026-01-22T08:51:33.9926090Z                    
2026-01-22T08:51:33.9927220Z Downloaded from central: https://repo.maven.apache.org/maven2/org/apache/apache/18/apache-18.pom (16 kB at 490 kB/s)
2026-01-22T08:51:34.0025680Z Downloading from central: https://repo.maven.apache.org/maven2/org/apache/maven/shared/maven-shared-utils/3.3.4/maven-shared-utils-3.3.4.jar
2026-01-22T08:51:34.0057620Z Downloading from central: https://repo.maven.apache.org/maven2/commons-io/commons-io/2.6/commons-io-2.6.jar
2026-01-22T08:51:34.0383430Z Progress (1): 7.7/153 kB
2026-01-22T08:51:34.0497990Z Progress (1): 16/153 kB 
2026-01-22T08:51:34.0512350Z Progress (1): 32/153 kB
2026-01-22T08:51:34.0512650Z Progress (1): 49/153 kB
2026-01-22T08:51:34.0514010Z Progress (1): 65/153 kB
2026-01-22T08:51:34.0514470Z Progress (1): 81/153 kB
2026-01-22T08:51:34.0514690Z Progress (1): 98/153 kB
2026-01-22T08:51:34.0514890Z Progress (1): 114/153 kB
2026-01-22T08:51:34.0515280Z Progress (1): 131/153 kB
2026-01-22T08:51:34.0515490Z Progress (1): 147/153 kB
2026-01-22T08:51:34.0515680Z Progress (1): 153 kB    
2026-01-22T08:51:34.0515870Z                     
2026-01-22T08:51:34.0516430Z Downloaded from central: https://repo.maven.apache.org/maven2/org/apache/maven/shared/maven-shared-utils/3.3.4/maven-shared-utils-3.3.4.jar (153 kB at 3.1 MB/s)
2026-01-22T08:51:34.0811600Z Progress (1): 0.9/215 kB
2026-01-22T08:51:34.0928270Z Progress (1): 2.3/215 kB
2026-01-22T08:51:34.0962530Z Progress (1): 3.6/215 kB
2026-01-22T08:51:34.0962820Z Progress (1): 5.0/215 kB
2026-01-22T08:51:34.0968360Z Progress (1): 6.4/215 kB
2026-01-22T08:51:34.0968610Z Progress (1): 7.7/215 kB
2026-01-22T08:51:34.0968810Z Progress (1): 9.1/215 kB
2026-01-22T08:51:34.0969020Z Progress (1): 10/215 kB 
2026-01-22T08:51:34.0969210Z Progress (1): 12/215 kB
2026-01-22T08:51:34.0969400Z Progress (1): 13/215 kB
2026-01-22T08:51:34.0969590Z Progress (1): 15/215 kB
2026-01-22T08:51:34.0969770Z Progress (1): 16/215 kB
2026-01-22T08:51:34.0969960Z Progress (1): 17/215 kB
2026-01-22T08:51:34.0970140Z Progress (1): 19/215 kB
2026-01-22T08:51:34.0970320Z Progress (1): 20/215 kB
2026-01-22T08:51:34.0970510Z Progress (1): 21/215 kB
2026-01-22T08:51:34.0970690Z Progress (1): 23/215 kB
2026-01-22T08:51:34.0970880Z Progress (1): 24/215 kB
2026-01-22T08:51:34.0971060Z Progress (1): 26/215 kB
2026-01-22T08:51:34.0971240Z Progress (1): 27/215 kB
2026-01-22T08:51:34.0971430Z Progress (1): 28/215 kB
2026-01-22T08:51:34.0971610Z Progress (1): 30/215 kB
2026-01-22T08:51:34.0971790Z Progress (1): 31/215 kB
2026-01-22T08:51:34.0971980Z Progress (1): 32/215 kB
2026-01-22T08:51:34.0972160Z Progress (1): 34/215 kB
2026-01-22T08:51:34.0972350Z Progress (1): 35/215 kB
2026-01-22T08:51:34.0972860Z Progress (1): 36/215 kB
2026-01-22T08:51:34.0973070Z Progress (1): 38/215 kB
2026-01-22T08:51:34.0973250Z Progress (1): 39/215 kB
2026-01-22T08:51:34.0973490Z Progress (1): 41/215 kB
2026-01-22T08:51:34.0973670Z Progress (1): 42/215 kB
2026-01-22T08:51:34.0973860Z Progress (1): 43/215 kB
2026-01-22T08:51:34.0974040Z Progress (1): 45/215 kB
2026-01-22T08:51:34.0974220Z Progress (1): 46/215 kB
2026-01-22T08:51:34.0974410Z Progress (1): 47/215 kB
2026-01-22T08:51:34.0974590Z Progress (1): 49/215 kB
2026-01-22T08:51:34.0974770Z Progress (1): 50/215 kB
2026-01-22T08:51:34.0974950Z Progress (1): 52/215 kB
2026-01-22T08:51:34.0975140Z Progress (1): 53/215 kB
2026-01-22T08:51:34.0975550Z Progress (1): 54/215 kB
2026-01-22T08:51:34.0975870Z Progress (1): 56/215 kB
2026-01-22T08:51:34.0976200Z Progress (1): 60/215 kB
2026-01-22T08:51:34.0976470Z Progress (1): 64/215 kB
2026-01-22T08:51:34.0976720Z Progress (1): 68/215 kB
2026-01-22T08:51:34.0984220Z Progress (1): 73/215 kB
2026-01-22T08:51:34.0984430Z Progress (1): 77/215 kB
2026-01-22T08:51:34.0984610Z Progress (1): 81/215 kB
2026-01-22T08:51:34.0984840Z Progress (1): 85/215 kB
2026-01-22T08:51:34.0985020Z Progress (1): 89/215 kB
2026-01-22T08:51:34.0985210Z Progress (1): 94/215 kB
2026-01-22T08:51:34.0985390Z Progress (1): 98/215 kB
2026-01-22T08:51:34.0985570Z Progress (1): 102/215 kB
2026-01-22T08:51:34.0985760Z Progress (1): 106/215 kB
2026-01-22T08:51:34.0986030Z Progress (1): 111/215 kB
2026-01-22T08:51:34.0986250Z Progress (1): 115/215 kB
2026-01-22T08:51:34.0986440Z Progress (1): 119/215 kB
2026-01-22T08:51:34.0986620Z Progress (1): 123/215 kB
2026-01-22T08:51:34.0986880Z Progress (1): 127/215 kB
2026-01-22T08:51:34.0987070Z Progress (1): 131/215 kB
2026-01-22T08:51:34.0987390Z Progress (1): 135/215 kB
2026-01-22T08:51:34.0987580Z Progress (1): 140/215 kB
2026-01-22T08:51:34.0987790Z Progress (1): 144/215 kB
2026-01-22T08:51:34.0987980Z Progress (1): 148/215 kB
2026-01-22T08:51:34.1103320Z Progress (1): 152/215 kB
2026-01-22T08:51:34.1125920Z Progress (1): 157/215 kB
2026-01-22T08:51:34.1126210Z Progress (1): 161/215 kB
2026-01-22T08:51:34.1126410Z Progress (1): 165/215 kB
2026-01-22T08:51:34.1126590Z Progress (1): 169/215 kB
2026-01-22T08:51:34.1126780Z Progress (1): 173/215 kB
2026-01-22T08:51:34.1126970Z Progress (1): 178/215 kB
2026-01-22T08:51:34.1127150Z Progress (1): 182/215 kB
2026-01-22T08:51:34.1127340Z Progress (1): 186/215 kB
2026-01-22T08:51:34.1127520Z Progress (1): 190/215 kB
2026-01-22T08:51:34.1127770Z Progress (1): 195/215 kB
2026-01-22T08:51:34.1128380Z Progress (1): 199/215 kB
2026-01-22T08:51:34.1129930Z Progress (1): 203/215 kB
2026-01-22T08:51:34.1139470Z Progress (1): 207/215 kB
2026-01-22T08:51:34.1142540Z Progress (1): 212/215 kB
2026-01-22T08:51:34.1186000Z Progress (1): 215 kB    
2026-01-22T08:51:34.1189330Z                     
2026-01-22T08:51:34.1190260Z Downloaded from central: https://repo.maven.apache.org/maven2/commons-io/commons-io/2.6/commons-io-2.6.jar (215 kB at 1.9 MB/s)
2026-01-22T08:51:34.1672900Z [INFO] 
2026-01-22T08:51:34.1773840Z [INFO] --- resources:3.3.1:resources (default-resources) @ tidesdb-java ---
2026-01-22T08:51:34.1876240Z Downloading from central: https://repo.maven.apache.org/maven2/org/codehaus/plexus/plexus-interpolation/1.26/plexus-interpolation-1.26.pom
2026-01-22T08:51:34.2039080Z Progress (1): 1.4 kB
2026-01-22T08:51:34.2103180Z Progress (1): 2.7 kB
2026-01-22T08:51:34.2108810Z                     
2026-01-22T08:51:34.2110230Z Downloaded from central: https://repo.maven.apache.org/maven2/org/codehaus/plexus/plexus-interpolation/1.26/plexus-interpolation-1.26.pom (2.7 kB at 80 kB/s)
2026-01-22T08:51:34.2111160Z Downloading from central: https://repo.maven.apache.org/maven2/org/codehaus/plexus/plexus/5.1/plexus-5.1.pom
2026-01-22T08:51:34.2365520Z Progress (1): 697 B
2026-01-22T08:51:34.2462650Z Progress (1): 2.7 kB
2026-01-22T08:51:34.2463010Z Progress (1): 6.4 kB
2026-01-22T08:51:34.2463240Z Progress (1): 9.1 kB
2026-01-22T08:51:34.2463470Z Progress (1): 11 kB 
2026-01-22T08:51:34.2464300Z Progress (1): 16 kB
2026-01-22T08:51:34.2464580Z Progress (1): 20 kB
2026-01-22T08:51:34.2464790Z Progress (1): 23 kB
2026-01-22T08:51:34.2465720Z                    
2026-01-22T08:51:34.2466310Z Downloaded from central: https://repo.maven.apache.org/maven2/org/codehaus/plexus/plexus/5.1/plexus-5.1.pom (23 kB at 726 kB/s)
2026-01-22T08:51:34.2467090Z Downloading from central: https://repo.maven.apache.org/maven2/org/codehaus/plexus/plexus-utils/3.5.1/plexus-utils-3.5.1.pom
2026-01-22T08:51:34.2690810Z Progress (1): 725 B
2026-01-22T08:51:34.2767120Z Progress (1): 2.4 kB
2026-01-22T08:51:34.2821930Z Progress (1): 4.4 kB
2026-01-22T08:51:34.2822310Z Progress (1): 8.5 kB
2026-01-22T08:51:34.2822620Z Progress (1): 8.8 kB
2026-01-22T08:51:34.2822850Z                     
2026-01-22T08:51:34.2823410Z Downloaded from central: https://repo.maven.apache.org/maven2/org/codehaus/plexus/plexus-utils/3.5.1/plexus-utils-3.5.1.pom (8.8 kB at 292 kB/s)
2026-01-22T08:51:34.2824190Z Downloading from central: https://repo.maven.apache.org/maven2/org/codehaus/plexus/plexus/10/plexus-10.pom
2026-01-22T08:51:34.3168960Z Progress (1): 700 B
2026-01-22T08:51:34.3271340Z Progress (1): 2.7 kB
2026-01-22T08:51:34.3367410Z Progress (1): 6.4 kB
2026-01-22T08:51:34.3367760Z Progress (1): 9.2 kB
2026-01-22T08:51:34.3368000Z Progress (1): 11 kB 
2026-01-22T08:51:34.3368230Z Progress (1): 15 kB
2026-01-22T08:51:34.3368450Z Progress (1): 20 kB
2026-01-22T08:51:34.3368660Z Progress (1): 24 kB
2026-01-22T08:51:34.3368940Z Progress (1): 25 kB
2026-01-22T08:51:34.3369160Z                    
2026-01-22T08:51:34.3370440Z Downloaded from central: https://repo.maven.apache.org/maven2/org/codehaus/plexus/plexus/10/plexus-10.pom (25 kB at 605 kB/s)
2026-01-22T08:51:34.3373070Z Downloading from central: https://repo.maven.apache.org/maven2/org/apache/maven/shared/maven-filtering/3.3.1/maven-filtering-3.3.1.pom
2026-01-22T08:51:34.3619670Z Progress (1): 799 B
2026-01-22T08:51:34.3634120Z Progress (1): 2.3 kB
2026-01-22T08:51:34.3634430Z Progress (1): 5.6 kB
2026-01-22T08:51:34.3634730Z Progress (1): 6.0 kB
2026-01-22T08:51:34.3635030Z                     
2026-01-22T08:51:34.3635690Z Downloaded from central: https://repo.maven.apache.org/maven2/org/apache/maven/shared/maven-filtering/3.3.1/maven-filtering-3.3.1.pom (6.0 kB at 183 kB/s)
2026-01-22T08:51:34.3746820Z Downloading from central: https://repo.maven.apache.org/maven2/org/apache/maven/shared/maven-shared-components/39/maven-shared-components-39.pom
2026-01-22T08:51:34.4050050Z Progress (1): 812 B
2026-01-22T08:51:34.4108270Z Progress (1): 2.2 kB
2026-01-22T08:51:34.4108780Z Progress (1): 3.2 kB
2026-01-22T08:51:34.4109090Z                     
2026-01-22T08:51:34.4109780Z Downloaded from central: https://repo.maven.apache.org/maven2/org/apache/maven/shared/maven-shared-components/39/maven-shared-components-39.pom (3.2 kB at 104 kB/s)
2026-01-22T08:51:34.4111180Z Downloading from central: https://repo.maven.apache.org/maven2/javax/inject/javax.inject/1/javax.inject-1.pom
2026-01-22T08:51:34.4453140Z Progress (1): 612 B
2026-01-22T08:51:34.4455400Z                    
2026-01-22T08:51:34.4456750Z Downloaded from central: https://repo.maven.apache.org/maven2/javax/inject/javax.inject/1/javax.inject-1.pom (612 B at 17 kB/s)
2026-01-22T08:51:34.4569640Z Downloading from central: https://repo.maven.apache.org/maven2/org/slf4j/slf4j-api/1.7.36/slf4j-api-1.7.36.pom
2026-01-22T08:51:34.4951680Z Progress (1): 1.0 kB
2026-01-22T08:51:34.4967730Z Progress (1): 2.7 kB
2026-01-22T08:51:34.4968220Z                     
2026-01-22T08:51:34.4968780Z Downloaded from central: https://repo.maven.apache.org/maven2/org/slf4j/slf4j-api/1.7.36/slf4j-api-1.7.36.pom (2.7 kB at 69 kB/s)
2026-01-22T08:51:34.5034060Z Downloading from central: https://repo.maven.apache.org/maven2/org/slf4j/slf4j-parent/1.7.36/slf4j-parent-1.7.36.pom
2026-01-22T08:51:34.5363530Z Progress (1): 1.0 kB
2026-01-22T08:51:34.5456660Z Progress (1): 3.0 kB
2026-01-22T08:51:34.5479470Z Progress (1): 5.9 kB
2026-01-22T08:51:34.5480010Z Progress (1): 8.7 kB
2026-01-22T08:51:34.5480800Z Progress (1): 12 kB 
2026-01-22T08:51:34.5481040Z Progress (1): 14 kB
2026-01-22T08:51:34.5481250Z                    
2026-01-22T08:51:34.5481830Z Downloaded from central: https://repo.maven.apache.org/maven2/org/slf4j/slf4j-parent/1.7.36/slf4j-parent-1.7.36.pom (14 kB at 414 kB/s)
2026-01-22T08:51:34.5482880Z Downloading from central: https://repo.maven.apache.org/maven2/org/sonatype/plexus/plexus-build-api/0.0.7/plexus-build-api-0.0.7.pom
2026-01-22T08:51:34.5772280Z Progress (1): 910 B
2026-01-22T08:51:34.5873830Z Progress (1): 3.2 kB
2026-01-22T08:51:34.5926080Z                     
2026-01-22T08:51:34.6028370Z Downloaded from central: https://repo.maven.apache.org/maven2/org/sonatype/plexus/plexus-build-api/0.0.7/plexus-build-api-0.0.7.pom (3.2 kB at 97 kB/s)
2026-01-22T08:51:34.6135610Z Downloading from central: https://repo.maven.apache.org/maven2/org/sonatype/spice/spice-parent/15/spice-parent-15.pom
2026-01-22T08:51:34.6237200Z Progress (1): 1.2 kB
2026-01-22T08:51:34.6292080Z Progress (1): 3.7 kB
2026-01-22T08:51:34.6335930Z Progress (1): 7.3 kB
2026-01-22T08:51:34.6336260Z Progress (1): 8.4 kB
2026-01-22T08:51:34.6336470Z                     
2026-01-22T08:51:34.6337000Z Downloaded from central: https://repo.maven.apache.org/maven2/org/sonatype/spice/spice-parent/15/spice-parent-15.pom (8.4 kB at 288 kB/s)
2026-01-22T08:51:34.6337780Z Downloading from central: https://repo.maven.apache.org/maven2/org/sonatype/forge/forge-parent/5/forge-parent-5.pom
2026-01-22T08:51:34.6358800Z Progress (1): 1.3 kB
2026-01-22T08:51:34.6359170Z Progress (1): 5.5 kB
2026-01-22T08:51:34.6379180Z Progress (1): 8.4 kB
2026-01-22T08:51:34.6399350Z                     
2026-01-22T08:51:34.6400110Z Downloaded from central: https://repo.maven.apache.org/maven2/org/sonatype/forge/forge-parent/5/forge-parent-5.pom (8.4 kB at 288 kB/s)
2026-01-22T08:51:34.6401410Z Downloading from central: https://repo.maven.apache.org/maven2/org/codehaus/plexus/plexus-utils/3.5.0/plexus-utils-3.5.0.pom
2026-01-22T08:51:34.6696430Z Progress (1): 725 B
2026-01-22T08:51:34.6797530Z Progress (1): 2.4 kB
2026-01-22T08:51:34.6848490Z Progress (1): 4.5 kB
2026-01-22T08:51:34.6848980Z Progress (1): 8.0 kB
2026-01-22T08:51:34.6849160Z                     
2026-01-22T08:51:34.6849870Z Downloaded from central: https://repo.maven.apache.org/maven2/org/codehaus/plexus/plexus-utils/3.5.0/plexus-utils-3.5.0.pom (8.0 kB at 267 kB/s)
2026-01-22T08:51:34.6851320Z Downloading from central: https://repo.maven.apache.org/maven2/commons-io/commons-io/2.11.0/commons-io-2.11.0.pom
2026-01-22T08:51:34.7064130Z Progress (1): 760 B
2026-01-22T08:51:34.7065080Z Progress (1): 2.1 kB
2026-01-22T08:51:34.7065630Z Progress (1): 5.2 kB
2026-01-22T08:51:34.7066110Z Progress (1): 7.6 kB
2026-01-22T08:51:34.7066580Z Progress (1): 10 kB 
2026-01-22T08:51:34.7067050Z Progress (1): 12 kB
2026-01-22T08:51:34.7070050Z Progress (1): 15 kB
2026-01-22T08:51:34.7077680Z Progress (1): 18 kB
2026-01-22T08:51:34.7078400Z Progress (1): 20 kB
2026-01-22T08:51:34.7078880Z                    
2026-01-22T08:51:34.7080070Z Downloaded from central: https://repo.maven.apache.org/maven2/commons-io/commons-io/2.11.0/commons-io-2.11.0.pom (20 kB at 636 kB/s)
2026-01-22T08:51:34.7135850Z Downloading from central: https://repo.maven.apache.org/maven2/org/apache/commons/commons-parent/52/commons-parent-52.pom
2026-01-22T08:51:34.7479030Z Progress (1): 702 B
2026-01-22T08:51:34.7580040Z Progress (1): 1.8 kB
2026-01-22T08:51:34.7681160Z Progress (1): 3.1 kB
2026-01-22T08:51:34.7684310Z Progress (1): 4.6 kB
2026-01-22T08:51:34.7714650Z Progress (1): 6.7 kB
2026-01-22T08:51:34.7715260Z Progress (1): 8.1 kB
2026-01-22T08:51:34.7715740Z Progress (1): 10 kB 
2026-01-22T08:51:34.7715960Z Progress (1): 12 kB
2026-01-22T08:51:34.7716150Z Progress (1): 15 kB
2026-01-22T08:51:34.7716330Z Progress (1): 17 kB
2026-01-22T08:51:34.7716510Z Progress (1): 20 kB
2026-01-22T08:51:34.7716720Z Progress (1): 22 kB
2026-01-22T08:51:34.7716890Z Progress (1): 25 kB
2026-01-22T08:51:34.7717070Z Progress (1): 29 kB
2026-01-22T08:51:34.7717820Z Progress (1): 32 kB
2026-01-22T08:51:34.7718070Z Progress (1): 32 kB
2026-01-22T08:51:34.7718240Z Progress (1): 36 kB
2026-01-22T08:51:34.7718410Z Progress (1): 39 kB
2026-01-22T08:51:34.7718590Z Progress (1): 42 kB
2026-01-22T08:51:34.7718760Z Progress (1): 44 kB
2026-01-22T08:51:34.7718940Z Progress (1): 47 kB
2026-01-22T08:51:34.7719120Z Progress (1): 51 kB
2026-01-22T08:51:34.7719290Z Progress (1): 54 kB
2026-01-22T08:51:34.7719660Z Progress (1): 56 kB
2026-01-22T08:51:34.7719830Z Progress (1): 61 kB
2026-01-22T08:51:34.7720110Z Progress (1): 65 kB
2026-01-22T08:51:34.7720280Z Progress (1): 73 kB
2026-01-22T08:51:34.7720800Z Progress (1): 75 kB
2026-01-22T08:51:34.7720970Z Progress (1): 79 kB
2026-01-22T08:51:34.7721290Z                    
2026-01-22T08:51:34.7721790Z Downloaded from central: https://repo.maven.apache.org/maven2/org/apache/commons/commons-parent/52/commons-parent-52.pom (79 kB at 2.1 MB/s)
2026-01-22T08:51:34.7724080Z Downloading from central: https://repo.maven.apache.org/maven2/org/junit/junit-bom/5.7.2/junit-bom-5.7.2.pom
2026-01-22T08:51:34.7963390Z Progress (1): 911 B
2026-01-22T08:51:34.7963660Z Progress (1): 4.1 kB
2026-01-22T08:51:34.7975940Z Progress (1): 5.1 kB
2026-01-22T08:51:34.7976250Z                     
2026-01-22T08:51:34.7976710Z Downloaded from central: https://repo.maven.apache.org/maven2/org/junit/junit-bom/5.7.2/junit-bom-5.7.2.pom (5.1 kB at 170 kB/s)
2026-01-22T08:51:34.8066570Z Downloading from central: https://repo.maven.apache.org/maven2/org/apache/commons/commons-lang3/3.12.0/commons-lang3-3.12.0.pom
2026-01-22T08:51:34.8341820Z Progress (1): 728 B
2026-01-22T08:51:34.8365930Z Progress (1): 2.0 kB
2026-01-22T08:51:34.8366220Z Progress (1): 5.2 kB
2026-01-22T08:51:34.8366400Z Progress (1): 8.8 kB
2026-01-22T08:51:34.8366600Z Progress (1): 12 kB 
2026-01-22T08:51:34.8366780Z Progress (1): 15 kB
2026-01-22T08:51:34.8366980Z Progress (1): 17 kB
2026-01-22T08:51:34.8367160Z Progress (1): 18 kB
2026-01-22T08:51:34.8367330Z Progress (1): 21 kB
2026-01-22T08:51:34.8367520Z Progress (1): 24 kB
2026-01-22T08:51:34.8367690Z Progress (1): 27 kB
2026-01-22T08:51:34.8368160Z Progress (1): 30 kB
2026-01-22T08:51:34.8368410Z Progress (1): 31 kB
2026-01-22T08:51:34.8368580Z                    
2026-01-22T08:51:34.8369090Z Downloaded from central: https://repo.maven.apache.org/maven2/org/apache/commons/commons-lang3/3.12.0/commons-lang3-3.12.0.pom (31 kB at 929 kB/s)
2026-01-22T08:51:34.8503120Z Downloading from central: https://repo.maven.apache.org/maven2/org/junit/junit-bom/5.7.1/junit-bom-5.7.1.pom
2026-01-22T08:51:34.8764820Z Progress (1): 911 B
2026-01-22T08:51:34.8769540Z Progress (1): 4.1 kB
2026-01-22T08:51:34.8814640Z Progress (1): 5.1 kB
2026-01-22T08:51:34.8920000Z                     
2026-01-22T08:51:34.9021240Z Downloaded from central: https://repo.maven.apache.org/maven2/org/junit/junit-bom/5.7.1/junit-bom-5.7.1.pom (5.1 kB at 159 kB/s)
2026-01-22T08:51:34.9133160Z Downloading from central: https://repo.maven.apache.org/maven2/org/codehaus/plexus/plexus-interpolation/1.26/plexus-interpolation-1.26.jar
2026-01-22T08:51:34.9286760Z Downloading from central: https://repo.maven.apache.org/maven2/org/codehaus/plexus/plexus-utils/3.5.1/plexus-utils-3.5.1.jar
2026-01-22T08:51:34.9384900Z Downloading from central: https://repo.maven.apache.org/maven2/org/apache/maven/shared/maven-filtering/3.3.1/maven-filtering-3.3.1.jar
2026-01-22T08:51:34.9417720Z Downloading from central: https://repo.maven.apache.org/maven2/javax/inject/javax.inject/1/javax.inject-1.jar
2026-01-22T08:51:34.9471190Z Downloading from central: https://repo.maven.apache.org/maven2/org/slf4j/slf4j-api/1.7.36/slf4j-api-1.7.36.jar
2026-01-22T08:51:34.9573200Z Progress (1): 7.7/269 kB
2026-01-22T08:51:34.9573430Z Progress (1): 12/269 kB 
2026-01-22T08:51:34.9639110Z Progress (2): 12/269 kB | 7.7/85 kB
2026-01-22T08:51:34.9639460Z Progress (2): 12/269 kB | 16/85 kB 
2026-01-22T08:51:34.9639690Z Progress (2): 29/269 kB | 16/85 kB
2026-01-22T08:51:34.9639910Z Progress (2): 29/269 kB | 32/85 kB
2026-01-22T08:51:34.9640410Z Progress (2): 45/269 kB | 32/85 kB
2026-01-22T08:51:34.9640650Z Progress (2): 45/269 kB | 49/85 kB
2026-01-22T08:51:34.9640860Z Progress (2): 61/269 kB | 49/85 kB
2026-01-22T08:51:34.9641060Z Progress (2): 78/269 kB | 49/85 kB
2026-01-22T08:51:34.9641270Z Progress (2): 78/269 kB | 65/85 kB
2026-01-22T08:51:34.9641480Z Progress (2): 94/269 kB | 65/85 kB
2026-01-22T08:51:34.9641690Z Progress (2): 111/269 kB | 65/85 kB
2026-01-22T08:51:34.9641900Z Progress (2): 111/269 kB | 81/85 kB
2026-01-22T08:51:34.9642110Z Progress (2): 127/269 kB | 81/85 kB
2026-01-22T08:51:34.9642320Z Progress (2): 127/269 kB | 85 kB   
2026-01-22T08:51:34.9642540Z Progress (2): 143/269 kB | 85 kB
2026-01-22T08:51:34.9642760Z Progress (2): 160/269 kB | 85 kB
2026-01-22T08:51:34.9642970Z Progress (2): 176/269 kB | 85 kB
2026-01-22T08:51:34.9643180Z                                 
2026-01-22T08:51:34.9643750Z Downloaded from central: https://repo.maven.apache.org/maven2/org/codehaus/plexus/plexus-interpolation/1.26/plexus-interpolation-1.26.jar (85 kB at 1.6 MB/s)
2026-01-22T08:51:34.9644580Z Downloading from central: https://repo.maven.apache.org/maven2/org/sonatype/plexus/plexus-build-api/0.0.7/plexus-build-api-0.0.7.jar
2026-01-22T08:51:34.9645060Z Progress (1): 193/269 kB
2026-01-22T08:51:34.9645260Z Progress (1): 197/269 kB
2026-01-22T08:51:34.9645440Z Progress (1): 213/269 kB
2026-01-22T08:51:34.9645630Z Progress (1): 229/269 kB
2026-01-22T08:51:34.9645820Z Progress (1): 246/269 kB
2026-01-22T08:51:34.9646000Z Progress (1): 262/269 kB
2026-01-22T08:51:34.9646180Z Progress (1): 269 kB    
2026-01-22T08:51:34.9646360Z                     
2026-01-22T08:51:34.9646830Z Downloaded from central: https://repo.maven.apache.org/maven2/org/codehaus/plexus/plexus-utils/3.5.1/plexus-utils-3.5.1.jar (269 kB at 4.5 MB/s)
2026-01-22T08:51:34.9647580Z Downloading from central: https://repo.maven.apache.org/maven2/commons-io/commons-io/2.11.0/commons-io-2.11.0.jar
2026-01-22T08:51:34.9648020Z Progress (1): 0.9/55 kB
2026-01-22T08:51:34.9648210Z Progress (1): 2.3/55 kB
2026-01-22T08:51:34.9648380Z Progress (1): 3.6/55 kB
2026-01-22T08:51:34.9648570Z Progress (1): 5.0/55 kB
2026-01-22T08:51:34.9648750Z Progress (1): 6.4/55 kB
2026-01-22T08:51:34.9648930Z Progress (1): 7.7/55 kB
2026-01-22T08:51:34.9649110Z Progress (1): 9.1/55 kB
2026-01-22T08:51:34.9649280Z Progress (1): 10/55 kB 
2026-01-22T08:51:34.9649460Z Progress (1): 12/55 kB
2026-01-22T08:51:34.9649640Z Progress (1): 13/55 kB
2026-01-22T08:51:34.9649820Z Progress (1): 15/55 kB
2026-01-22T08:51:34.9650000Z Progress (1): 16/55 kB
2026-01-22T08:51:34.9650180Z Progress (1): 17/55 kB
2026-01-22T08:51:34.9650350Z Progress (1): 19/55 kB
2026-01-22T08:51:34.9650530Z Progress (1): 20/55 kB
2026-01-22T08:51:34.9650700Z Progress (1): 21/55 kB
2026-01-22T08:51:34.9650880Z Progress (1): 23/55 kB
2026-01-22T08:51:34.9651200Z Progress (1): 24/55 kB
2026-01-22T08:51:34.9651380Z Progress (1): 26/55 kB
2026-01-22T08:51:34.9651560Z Progress (1): 27/55 kB
2026-01-22T08:51:34.9651740Z Progress (1): 28/55 kB
2026-01-22T08:51:34.9651910Z Progress (1): 30/55 kB
2026-01-22T08:51:34.9652090Z Progress (1): 31/55 kB
2026-01-22T08:51:34.9652260Z Progress (1): 32/55 kB
2026-01-22T08:51:34.9652430Z Progress (1): 34/55 kB
2026-01-22T08:51:34.9652610Z Progress (1): 35/55 kB
2026-01-22T08:51:34.9652780Z Progress (1): 36/55 kB
2026-01-22T08:51:34.9652960Z Progress (1): 38/55 kB
2026-01-22T08:51:34.9653130Z Progress (1): 39/55 kB
2026-01-22T08:51:34.9653310Z Progress (1): 41/55 kB
2026-01-22T08:51:34.9653480Z Progress (1): 42/55 kB
2026-01-22T08:51:34.9653660Z Progress (1): 43/55 kB
2026-01-22T08:51:34.9653830Z Progress (1): 45/55 kB
2026-01-22T08:51:34.9654000Z Progress (1): 46/55 kB
2026-01-22T08:51:34.9654180Z Progress (1): 47/55 kB
2026-01-22T08:51:34.9654350Z Progress (1): 49/55 kB
2026-01-22T08:51:34.9654530Z Progress (1): 50/55 kB
2026-01-22T08:51:34.9654710Z Progress (1): 52/55 kB
2026-01-22T08:51:34.9654890Z Progress (1): 53/55 kB
2026-01-22T08:51:34.9655070Z Progress (1): 54/55 kB
2026-01-22T08:51:34.9655400Z Progress (1): 55 kB   
2026-01-22T08:51:34.9655600Z                    
2026-01-22T08:51:34.9656100Z Downloaded from central: https://repo.maven.apache.org/maven2/org/apache/maven/shared/maven-filtering/3.3.1/maven-filtering-3.3.1.jar (55 kB at 809 kB/s)
2026-01-22T08:51:34.9657050Z Downloading from central: https://repo.maven.apache.org/maven2/org/apache/commons/commons-lang3/3.12.0/commons-lang3-3.12.0.jar
2026-01-22T08:51:34.9658320Z Progress (1): 7.7/8.5 kB
2026-01-22T08:51:34.9705310Z Progress (1): 8.5 kB    
2026-01-22T08:51:34.9705570Z                     
2026-01-22T08:51:34.9706100Z Downloaded from central: https://repo.maven.apache.org/maven2/org/sonatype/plexus/plexus-build-api/0.0.7/plexus-build-api-0.0.7.jar (8.5 kB at 121 kB/s)
2026-01-22T08:51:34.9739050Z Progress (1): 0.9/2.5 kB
2026-01-22T08:51:34.9749920Z Progress (1): 2.3/2.5 kB
2026-01-22T08:51:34.9750930Z Progress (1): 2.5 kB    
2026-01-22T08:51:34.9751350Z                     
2026-01-22T08:51:34.9752420Z Downloaded from central: https://repo.maven.apache.org/maven2/javax/inject/javax.inject/1/javax.inject-1.jar (2.5 kB at 29 kB/s)
2026-01-22T08:51:34.9772000Z Progress (1): 7.7/327 kB
2026-01-22T08:51:34.9777730Z Progress (1): 16/327 kB 
2026-01-22T08:51:34.9791660Z Progress (1): 32/327 kB
2026-01-22T08:51:34.9793050Z Progress (1): 49/327 kB
2026-01-22T08:51:34.9793690Z Progress (1): 65/327 kB
2026-01-22T08:51:34.9795010Z Progress (1): 81/327 kB
2026-01-22T08:51:34.9804400Z Progress (1): 98/327 kB
2026-01-22T08:51:34.9905320Z Progress (1): 114/327 kB
2026-01-22T08:51:35.0112220Z Progress (2): 114/327 kB | 3.8/587 kB
2026-01-22T08:51:35.0246560Z Progress (2): 114/327 kB | 8.0/587 kB
2026-01-22T08:51:35.0355020Z Progress (2): 114/327 kB | 12/587 kB 
2026-01-22T08:51:35.0413360Z Progress (3): 114/327 kB | 12/587 kB | 0.9/41 kB
2026-01-22T08:51:35.0413710Z Progress (3): 114/327 kB | 12/587 kB | 2.3/41 kB
2026-01-22T08:51:35.0414000Z Progress (3): 114/327 kB | 12/587 kB | 3.6/41 kB
2026-01-22T08:51:35.0414270Z Progress (3): 114/327 kB | 12/587 kB | 5.0/41 kB
2026-01-22T08:51:35.0414550Z Progress (3): 114/327 kB | 12/587 kB | 6.4/41 kB
2026-01-22T08:51:35.0414800Z Progress (3): 114/327 kB | 12/587 kB | 7.7/41 kB
2026-01-22T08:51:35.0415070Z Progress (3): 114/327 kB | 12/587 kB | 9.1/41 kB
2026-01-22T08:51:35.0415330Z Progress (3): 114/327 kB | 12/587 kB | 10/41 kB 
2026-01-22T08:51:35.0415990Z Progress (3): 114/327 kB | 12/587 kB | 12/41 kB
2026-01-22T08:51:35.0416320Z Progress (3): 114/327 kB | 16/587 kB | 12/41 kB
2026-01-22T08:51:35.0416770Z Progress (3): 114/327 kB | 16/587 kB | 13/41 kB
2026-01-22T08:51:35.0417040Z Progress (3): 114/327 kB | 16/587 kB | 15/41 kB
2026-01-22T08:51:35.0417300Z Progress (3): 114/327 kB | 16/587 kB | 16/41 kB
2026-01-22T08:51:35.0417550Z Progress (3): 114/327 kB | 16/587 kB | 17/41 kB
2026-01-22T08:51:35.0417800Z Progress (3): 114/327 kB | 16/587 kB | 19/41 kB
2026-01-22T08:51:35.0418300Z Progress (3): 114/327 kB | 16/587 kB | 20/41 kB
2026-01-22T08:51:35.0418770Z Progress (3): 114/327 kB | 16/587 kB | 21/41 kB
2026-01-22T08:51:35.0424550Z Progress (3): 114/327 kB | 21/587 kB | 21/41 kB
2026-01-22T08:51:35.0425180Z Progress (3): 114/327 kB | 21/587 kB | 23/41 kB
2026-01-22T08:51:35.0425440Z Progress (3): 114/327 kB | 21/587 kB | 24/41 kB
2026-01-22T08:51:35.0425700Z Progress (3): 114/327 kB | 21/587 kB | 26/41 kB
2026-01-22T08:51:35.0425950Z Progress (3): 114/327 kB | 21/587 kB | 27/41 kB
2026-01-22T08:51:35.0455130Z Progress (3): 114/327 kB | 21/587 kB | 28/41 kB
2026-01-22T08:51:35.0457210Z Progress (3): 114/327 kB | 21/587 kB | 30/41 kB
2026-01-22T08:51:35.0462490Z Progress (3): 114/327 kB | 21/587 kB | 31/41 kB
2026-01-22T08:51:35.0462940Z Progress (3): 114/327 kB | 25/587 kB | 31/41 kB
2026-01-22T08:51:35.0463200Z Progress (3): 114/327 kB | 29/587 kB | 31/41 kB
2026-01-22T08:51:35.0463450Z Progress (3): 114/327 kB | 33/587 kB | 31/41 kB
2026-01-22T08:51:35.0463790Z Progress (3): 114/327 kB | 38/587 kB | 31/41 kB
2026-01-22T08:51:35.0514920Z Progress (3): 114/327 kB | 42/587 kB | 31/41 kB
2026-01-22T08:51:35.0528610Z Progress (3): 114/327 kB | 46/587 kB | 31/41 kB
2026-01-22T08:51:35.0530470Z Progress (3): 114/327 kB | 50/587 kB | 31/41 kB
2026-01-22T08:51:35.0531040Z Progress (3): 114/327 kB | 55/587 kB | 31/41 kB
2026-01-22T08:51:35.0531610Z Progress (3): 114/327 kB | 59/587 kB | 31/41 kB
2026-01-22T08:51:35.0532160Z Progress (3): 114/327 kB | 63/587 kB | 31/41 kB
2026-01-22T08:51:35.0532720Z Progress (3): 114/327 kB | 67/587 kB | 31/41 kB
2026-01-22T08:51:35.0533280Z Progress (3): 114/327 kB | 71/587 kB | 31/41 kB
2026-01-22T08:51:35.0533830Z Progress (3): 114/327 kB | 76/587 kB | 31/41 kB
2026-01-22T08:51:35.0534410Z Progress (3): 114/327 kB | 80/587 kB | 31/41 kB
2026-01-22T08:51:35.0534970Z Progress (3): 114/327 kB | 84/587 kB | 31/41 kB
2026-01-22T08:51:35.0535530Z Progress (3): 131/327 kB | 84/587 kB | 31/41 kB
2026-01-22T08:51:35.0536070Z Progress (3): 147/327 kB | 84/587 kB | 31/41 kB
2026-01-22T08:51:35.0536640Z Progress (3): 147/327 kB | 88/587 kB | 31/41 kB
2026-01-22T08:51:35.0537200Z Progress (3): 147/327 kB | 93/587 kB | 31/41 kB
2026-01-22T08:51:35.0537790Z Progress (3): 147/327 kB | 97/587 kB | 31/41 kB
2026-01-22T08:51:35.0538370Z Progress (3): 163/327 kB | 97/587 kB | 31/41 kB
2026-01-22T08:51:35.0538970Z Progress (3): 163/327 kB | 101/587 kB | 31/41 kB
2026-01-22T08:51:35.0539540Z Progress (3): 163/327 kB | 105/587 kB | 31/41 kB
2026-01-22T08:51:35.0540160Z Progress (3): 163/327 kB | 105/587 kB | 32/41 kB
2026-01-22T08:51:35.0541940Z Progress (3): 163/327 kB | 105/587 kB | 34/41 kB
2026-01-22T08:51:35.0542210Z Progress (3): 163/327 kB | 105/587 kB | 35/41 kB
2026-01-22T08:51:35.0542430Z Progress (3): 163/327 kB | 105/587 kB | 36/41 kB
2026-01-22T08:51:35.0542640Z Progress (3): 163/327 kB | 105/587 kB | 38/41 kB
2026-01-22T08:51:35.0542840Z Progress (3): 180/327 kB | 105/587 kB | 38/41 kB
2026-01-22T08:51:35.0543050Z Progress (3): 196/327 kB | 105/587 kB | 38/41 kB
2026-01-22T08:51:35.0543270Z Progress (3): 213/327 kB | 105/587 kB | 38/41 kB
2026-01-22T08:51:35.0543490Z Progress (3): 213/327 kB | 105/587 kB | 39/41 kB
2026-01-22T08:51:35.0543700Z Progress (3): 213/327 kB | 105/587 kB | 41/41 kB
2026-01-22T08:51:35.0544160Z Progress (3): 213/327 kB | 105/587 kB | 41 kB   
2026-01-22T08:51:35.0544350Z                                              
2026-01-22T08:51:35.0544790Z Downloaded from central: https://repo.maven.apache.org/maven2/org/slf4j/slf4j-api/1.7.36/slf4j-api-1.7.36.jar (41 kB at 349 kB/s)
2026-01-22T08:51:35.0545220Z Progress (2): 213/327 kB | 109/587 kB
2026-01-22T08:51:35.0545390Z Progress (2): 213/327 kB | 114/587 kB
2026-01-22T08:51:35.0545570Z Progress (2): 213/327 kB | 118/587 kB
2026-01-22T08:51:35.0545760Z Progress (2): 213/327 kB | 122/587 kB
2026-01-22T08:51:35.0545930Z Progress (2): 213/327 kB | 126/587 kB
2026-01-22T08:51:35.0546120Z Progress (2): 213/327 kB | 131/587 kB
2026-01-22T08:51:35.0546290Z Progress (2): 213/327 kB | 135/587 kB
2026-01-22T08:51:35.0546790Z Progress (2): 213/327 kB | 139/587 kB
2026-01-22T08:51:35.0546960Z Progress (2): 213/327 kB | 143/587 kB
2026-01-22T08:51:35.0547140Z Progress (2): 213/327 kB | 148/587 kB
2026-01-22T08:51:35.0547300Z Progress (2): 213/327 kB | 152/587 kB
2026-01-22T08:51:35.0547470Z Progress (2): 229/327 kB | 152/587 kB
2026-01-22T08:51:35.0547640Z Progress (2): 229/327 kB | 156/587 kB
2026-01-22T08:51:35.0547800Z Progress (2): 229/327 kB | 160/587 kB
2026-01-22T08:51:35.0547970Z Progress (2): 229/327 kB | 164/587 kB
2026-01-22T08:51:35.0548140Z Progress (2): 229/327 kB | 169/587 kB
2026-01-22T08:51:35.0548300Z Progress (2): 229/327 kB | 185/587 kB
2026-01-22T08:51:35.0548460Z Progress (2): 229/327 kB | 201/587 kB
2026-01-22T08:51:35.0548630Z Progress (2): 229/327 kB | 218/587 kB
2026-01-22T08:51:35.0548800Z Progress (2): 229/327 kB | 234/587 kB
2026-01-22T08:51:35.0548960Z Progress (2): 229/327 kB | 251/587 kB
2026-01-22T08:51:35.0549130Z Progress (2): 229/327 kB | 267/587 kB
2026-01-22T08:51:35.0549290Z Progress (2): 229/327 kB | 283/587 kB
2026-01-22T08:51:35.0549460Z Progress (2): 229/327 kB | 300/587 kB
2026-01-22T08:51:35.0549840Z Progress (2): 229/327 kB | 316/587 kB
2026-01-22T08:51:35.0550030Z Progress (2): 229/327 kB | 333/587 kB
2026-01-22T08:51:35.0550200Z Progress (2): 229/327 kB | 349/587 kB
2026-01-22T08:51:35.0550390Z Progress (2): 229/327 kB | 365/587 kB
2026-01-22T08:51:35.0550560Z Progress (2): 229/327 kB | 382/587 kB
2026-01-22T08:51:35.0550720Z Progress (2): 229/327 kB | 398/587 kB
2026-01-22T08:51:35.0550890Z Progress (2): 229/327 kB | 414/587 kB
2026-01-22T08:51:35.0551060Z Progress (2): 245/327 kB | 414/587 kB
2026-01-22T08:51:35.0551220Z Progress (2): 262/327 kB | 414/587 kB
2026-01-22T08:51:35.0551390Z Progress (2): 278/327 kB | 414/587 kB
2026-01-22T08:51:35.0552780Z Progress (2): 294/327 kB | 414/587 kB
2026-01-22T08:51:35.0553060Z Progress (2): 294/327 kB | 431/587 kB
2026-01-22T08:51:35.0553240Z Progress (2): 294/327 kB | 447/587 kB
2026-01-22T08:51:35.0553430Z Progress (2): 311/327 kB | 447/587 kB
2026-01-22T08:51:35.0553590Z Progress (2): 311/327 kB | 464/587 kB
2026-01-22T08:51:35.0554100Z Progress (2): 311/327 kB | 480/587 kB
2026-01-22T08:51:35.0554290Z Progress (2): 311/327 kB | 496/587 kB
2026-01-22T08:51:35.0554460Z Progress (2): 327 kB | 496/587 kB    
2026-01-22T08:51:35.0554630Z Progress (2): 327 kB | 513/587 kB
2026-01-22T08:51:35.0554810Z                                  
2026-01-22T08:51:35.0555250Z Downloaded from central: https://repo.maven.apache.org/maven2/commons-io/commons-io/2.11.0/commons-io-2.11.0.jar (327 kB at 2.2 MB/s)
2026-01-22T08:51:35.0555690Z Progress (1): 529/587 kB
2026-01-22T08:51:35.0555830Z Progress (1): 546/587 kB
2026-01-22T08:51:35.0555970Z Progress (1): 562/587 kB
2026-01-22T08:51:35.0556110Z Progress (1): 578/587 kB
2026-01-22T08:51:35.0556590Z Progress (1): 587 kB    
2026-01-22T08:51:35.0584840Z                     
2026-01-22T08:51:35.0585460Z Downloaded from central: https://repo.maven.apache.org/maven2/org/apache/commons/commons-lang3/3.12.0/commons-lang3-3.12.0.jar (587 kB at 3.7 MB/s)
2026-01-22T08:51:35.1075460Z [INFO] skip non existing resourceDirectory /Users/runner/work/tidesdb-java/tidesdb-java/tidesdb-java/src/main/resources
2026-01-22T08:51:35.1177250Z [INFO] 
2026-01-22T08:51:35.1200550Z [INFO] --- compiler:3.11.0:compile (default-compile) @ tidesdb-java ---
2026-01-22T08:51:35.1201300Z Downloading from central: https://repo.maven.apache.org/maven2/org/apache/maven/shared/maven-shared-incremental/1.1/maven-shared-incremental-1.1.pom
2026-01-22T08:51:35.1462160Z Progress (1): 803 B
2026-01-22T08:51:35.1563560Z Progress (1): 2.3 kB
2026-01-22T08:51:35.1589570Z Progress (1): 4.7 kB
2026-01-22T08:51:35.1589840Z                     
2026-01-22T08:51:35.1590430Z Downloaded from central: https://repo.maven.apache.org/maven2/org/apache/maven/shared/maven-shared-incremental/1.1/maven-shared-incremental-1.1.pom (4.7 kB at 144 kB/s)
2026-01-22T08:51:35.1591400Z Downloading from central: https://repo.maven.apache.org/maven2/org/apache/maven/shared/maven-shared-components/19/maven-shared-components-19.pom
2026-01-22T08:51:35.1879550Z Progress (1): 773 B
2026-01-22T08:51:35.1955330Z Progress (1): 2.4 kB
2026-01-22T08:51:35.1955600Z Progress (1): 4.2 kB
2026-01-22T08:51:35.1955840Z Progress (1): 6.4 kB
2026-01-22T08:51:35.1956020Z                     
2026-01-22T08:51:35.1956600Z Downloaded from central: https://repo.maven.apache.org/maven2/org/apache/maven/shared/maven-shared-components/19/maven-shared-components-19.pom (6.4 kB at 212 kB/s)
2026-01-22T08:51:35.1957400Z Downloading from central: https://repo.maven.apache.org/maven2/org/apache/maven/maven-parent/23/maven-parent-23.pom
2026-01-22T08:51:35.2203030Z Progress (1): 721 B
2026-01-22T08:51:35.2259340Z Progress (1): 1.9 kB
2026-01-22T08:51:35.2260530Z Progress (1): 5.9 kB
2026-01-22T08:51:35.2261600Z Progress (1): 10 kB 
2026-01-22T08:51:35.2262750Z Progress (1): 15 kB
2026-01-22T08:51:35.2263260Z Progress (1): 18 kB
2026-01-22T08:51:35.2263950Z Progress (1): 22 kB
2026-01-22T08:51:35.2264550Z Progress (1): 25 kB
2026-01-22T08:51:35.2265030Z Progress (1): 27 kB
2026-01-22T08:51:35.2265980Z Progress (1): 31 kB
2026-01-22T08:51:35.2267320Z Progress (1): 33 kB
2026-01-22T08:51:35.2268180Z                    
2026-01-22T08:51:35.2269390Z Downloaded from central: https://repo.maven.apache.org/maven2/org/apache/maven/maven-parent/23/maven-parent-23.pom (33 kB at 1.2 MB/s)
2026-01-22T08:51:35.2271260Z Downloading from central: https://repo.maven.apache.org/maven2/org/apache/apache/13/apache-13.pom
2026-01-22T08:51:35.2606930Z Progress (1): 749 B
2026-01-22T08:51:35.2628300Z Progress (1): 2.1 kB
2026-01-22T08:51:35.2662020Z Progress (1): 4.1 kB
2026-01-22T08:51:35.2664490Z Progress (1): 8.9 kB
2026-01-22T08:51:35.2667150Z Progress (1): 11 kB 
2026-01-22T08:51:35.2688980Z Progress (1): 14 kB
2026-01-22T08:51:35.2689450Z                    
2026-01-22T08:51:35.2690820Z Downloaded from central: https://repo.maven.apache.org/maven2/org/apache/apache/13/apache-13.pom (14 kB at 518 kB/s)
2026-01-22T08:51:35.2691760Z Downloading from central: https://repo.maven.apache.org/maven2/org/codehaus/plexus/plexus-component-annotations/1.5.5/plexus-component-annotations-1.5.5.pom
2026-01-22T08:51:35.2886870Z Progress (1): 815 B
2026-01-22T08:51:35.2929480Z                    
2026-01-22T08:51:35.2931260Z Downloaded from central: https://repo.maven.apache.org/maven2/org/codehaus/plexus/plexus-component-annotations/1.5.5/plexus-component-annotations-1.5.5.pom (815 B at 28 kB/s)
2026-01-22T08:51:35.2934290Z Downloading from central: https://repo.maven.apache.org/maven2/org/codehaus/plexus/plexus-containers/1.5.5/plexus-containers-1.5.5.pom
2026-01-22T08:51:35.3215640Z Progress (1): 1.3 kB
2026-01-22T08:51:35.3231220Z Progress (1): 4.2 kB
2026-01-22T08:51:35.3231650Z                     
2026-01-22T08:51:35.3233530Z Downloaded from central: https://repo.maven.apache.org/maven2/org/codehaus/plexus/plexus-containers/1.5.5/plexus-containers-1.5.5.pom (4.2 kB at 137 kB/s)
2026-01-22T08:51:35.3285660Z Downloading from central: https://repo.maven.apache.org/maven2/org/codehaus/plexus/plexus/2.0.7/plexus-2.0.7.pom
2026-01-22T08:51:35.3596740Z Progress (1): 711 B
2026-01-22T08:51:35.3712720Z Progress (1): 2.7 kB
2026-01-22T08:51:35.3784300Z Progress (1): 6.3 kB
2026-01-22T08:51:35.3785090Z Progress (1): 9.1 kB
2026-01-22T08:51:35.3785330Z Progress (1): 13 kB 
2026-01-22T08:51:35.3785480Z Progress (1): 17 kB
2026-01-22T08:51:35.3785610Z Progress (1): 17 kB
2026-01-22T08:51:35.3785750Z                    
2026-01-22T08:51:35.3786200Z Downloaded from central: https://repo.maven.apache.org/maven2/org/codehaus/plexus/plexus/2.0.7/plexus-2.0.7.pom (17 kB at 480 kB/s)
2026-01-22T08:51:35.3786920Z Downloading from central: https://repo.maven.apache.org/maven2/org/codehaus/plexus/plexus-java/1.1.2/plexus-java-1.1.2.pom
2026-01-22T08:51:35.3972090Z Progress (1): 1.3 kB
2026-01-22T08:51:35.3972770Z Progress (1): 4.2 kB
2026-01-22T08:51:35.3986950Z Progress (1): 5.0 kB
2026-01-22T08:51:35.3987250Z                     
2026-01-22T08:51:35.3993160Z Downloaded from central: https://repo.maven.apache.org/maven2/org/codehaus/plexus/plexus-java/1.1.2/plexus-java-1.1.2.pom (5.0 kB at 166 kB/s)
2026-01-22T08:51:35.4059920Z Downloading from central: https://repo.maven.apache.org/maven2/org/codehaus/plexus/plexus-languages/1.1.2/plexus-languages-1.1.2.pom
2026-01-22T08:51:35.4341810Z Progress (1): 1.3 kB
2026-01-22T08:51:35.4354810Z Progress (1): 4.1 kB
2026-01-22T08:51:35.4355560Z                     
2026-01-22T08:51:35.4356930Z Downloaded from central: https://repo.maven.apache.org/maven2/org/codehaus/plexus/plexus-languages/1.1.2/plexus-languages-1.1.2.pom (4.1 kB at 134 kB/s)
2026-01-22T08:51:35.4432820Z Downloading from central: https://repo.maven.apache.org/maven2/org/ow2/asm/asm/9.4/asm-9.4.pom
2026-01-22T08:51:35.4722320Z Progress (1): 1.3 kB
2026-01-22T08:51:35.4777120Z Progress (1): 2.4 kB
2026-01-22T08:51:35.4777480Z                     
2026-01-22T08:51:35.4777920Z Downloaded from central: https://repo.maven.apache.org/maven2/org/ow2/asm/asm/9.4/asm-9.4.pom (2.4 kB at 76 kB/s)
2026-01-22T08:51:35.4779390Z Downloading from central: https://repo.maven.apache.org/maven2/org/ow2/ow2/1.5.1/ow2-1.5.1.pom
2026-01-22T08:51:35.5024980Z Progress (1): 707 B
2026-01-22T08:51:35.5025560Z Progress (1): 2.1 kB
2026-01-22T08:51:35.5025760Z Progress (1): 3.6 kB
2026-01-22T08:51:35.5025940Z Progress (1): 5.7 kB
2026-01-22T08:51:35.5026110Z Progress (1): 8.0 kB
2026-01-22T08:51:35.5026290Z Progress (1): 11 kB 
2026-01-22T08:51:35.5026480Z                    
2026-01-22T08:51:35.5026900Z Downloaded from central: https://repo.maven.apache.org/maven2/org/ow2/ow2/1.5.1/ow2-1.5.1.pom (11 kB at 418 kB/s)
2026-01-22T08:51:35.5119900Z Downloading from central: https://repo.maven.apache.org/maven2/com/thoughtworks/qdox/qdox/2.0.3/qdox-2.0.3.pom
2026-01-22T08:51:35.5391420Z Progress (1): 871 B
2026-01-22T08:51:35.5392700Z Progress (1): 3.4 kB
2026-01-22T08:51:35.5398610Z Progress (1): 6.6 kB
2026-01-22T08:51:35.5398830Z Progress (1): 10 kB 
2026-01-22T08:51:35.5399060Z Progress (1): 13 kB
2026-01-22T08:51:35.5399240Z Progress (1): 17 kB
2026-01-22T08:51:35.5400060Z                    
2026-01-22T08:51:35.5401320Z Downloaded from central: https://repo.maven.apache.org/maven2/com/thoughtworks/qdox/qdox/2.0.3/qdox-2.0.3.pom (17 kB at 594 kB/s)
2026-01-22T08:51:35.5506510Z Downloading from central: https://repo.maven.apache.org/maven2/org/sonatype/oss/oss-parent/9/oss-parent-9.pom
2026-01-22T08:51:35.5780860Z Progress (1): 835 B
2026-01-22T08:51:35.5782020Z Progress (1): 2.7 kB
2026-01-22T08:51:35.5782740Z Progress (1): 6.2 kB
2026-01-22T08:51:35.5990400Z Progress (1): 6.6 kB
2026-01-22T08:51:35.5990750Z                     
2026-01-22T08:51:35.5991400Z Downloaded from central: https://repo.maven.apache.org/maven2/org/sonatype/oss/oss-parent/9/oss-parent-9.pom (6.6 kB at 129 kB/s)
2026-01-22T08:51:35.6102950Z Downloading from central: https://repo.maven.apache.org/maven2/org/codehaus/plexus/plexus-compiler-api/2.13.0/plexus-compiler-api-2.13.0.pom
2026-01-22T08:51:35.6417660Z Progress (1): 1.1 kB
2026-01-22T08:51:35.6459750Z                     
2026-01-22T08:51:35.6508220Z Downloaded from central: https://repo.maven.apache.org/maven2/org/codehaus/plexus/plexus-compiler-api/2.13.0/plexus-compiler-api-2.13.0.pom (1.1 kB at 35 kB/s)
2026-01-22T08:51:35.6577350Z Downloading from central: https://repo.maven.apache.org/maven2/org/codehaus/plexus/plexus-compiler/2.13.0/plexus-compiler-2.13.0.pom
2026-01-22T08:51:35.6710790Z Progress (1): 1.2 kB
2026-01-22T08:51:35.6746730Z Progress (1): 4.1 kB
2026-01-22T08:51:35.6747450Z Progress (1): 7.3 kB
2026-01-22T08:51:35.6748020Z Progress (1): 8.4 kB
2026-01-22T08:51:35.6748690Z                     
2026-01-22T08:51:35.6750070Z Downloaded from central: https://repo.maven.apache.org/maven2/org/codehaus/plexus/plexus-compiler/2.13.0/plexus-compiler-2.13.0.pom (8.4 kB at 279 kB/s)
2026-01-22T08:51:35.6770750Z Downloading from central: https://repo.maven.apache.org/maven2/org/codehaus/plexus/plexus-components/10.0/plexus-components-10.0.pom
2026-01-22T08:51:35.7046230Z Progress (1): 1.3 kB
2026-01-22T08:51:35.7059440Z Progress (1): 2.7 kB
2026-01-22T08:51:35.7060150Z                     
2026-01-22T08:51:35.7061560Z Downloaded from central: https://repo.maven.apache.org/maven2/org/codehaus/plexus/plexus-components/10.0/plexus-components-10.0.pom (2.7 kB at 92 kB/s)
2026-01-22T08:51:35.7113270Z Downloading from central: https://repo.maven.apache.org/maven2/org/junit/junit-bom/5.9.1/junit-bom-5.9.1.pom
2026-01-22T08:51:35.7463950Z Progress (1): 907 B
2026-01-22T08:51:35.7465120Z Progress (1): 4.1 kB
2026-01-22T08:51:35.7465370Z Progress (1): 5.6 kB
2026-01-22T08:51:35.7465540Z                     
2026-01-22T08:51:35.7466000Z Downloaded from central: https://repo.maven.apache.org/maven2/org/junit/junit-bom/5.9.1/junit-bom-5.9.1.pom (5.6 kB at 161 kB/s)
2026-01-22T08:51:35.7524780Z Downloading from central: https://repo.maven.apache.org/maven2/org/codehaus/plexus/plexus-compiler-manager/2.13.0/plexus-compiler-manager-2.13.0.pom
2026-01-22T08:51:35.7908960Z Progress (1): 1.1 kB
2026-01-22T08:51:35.7997620Z                     
2026-01-22T08:51:35.7998720Z Downloaded from central: https://repo.maven.apache.org/maven2/org/codehaus/plexus/plexus-compiler-manager/2.13.0/plexus-compiler-manager-2.13.0.pom (1.1 kB at 30 kB/s)
2026-01-22T08:51:35.7999770Z Downloading from central: https://repo.maven.apache.org/maven2/org/codehaus/plexus/plexus-component-annotations/2.1.1/plexus-component-annotations-2.1.1.pom
2026-01-22T08:51:35.8218700Z Progress (1): 770 B
2026-01-22T08:51:35.8249760Z                    
2026-01-22T08:51:35.8251850Z Downloaded from central: https://repo.maven.apache.org/maven2/org/codehaus/plexus/plexus-component-annotations/2.1.1/plexus-component-annotations-2.1.1.pom (770 B at 26 kB/s)
2026-01-22T08:51:35.8254690Z Downloading from central: https://repo.maven.apache.org/maven2/org/codehaus/plexus/plexus-containers/2.1.1/plexus-containers-2.1.1.pom
2026-01-22T08:51:35.8494120Z Progress (1): 1.3 kB
2026-01-22T08:51:35.8495150Z Progress (1): 4.9 kB
2026-01-22T08:51:35.8501850Z Progress (1): 6.0 kB
2026-01-22T08:51:35.8502790Z                     
2026-01-22T08:51:35.8504190Z Downloaded from central: https://repo.maven.apache.org/maven2/org/codehaus/plexus/plexus-containers/2.1.1/plexus-containers-2.1.1.pom (6.0 kB at 224 kB/s)
2026-01-22T08:51:35.8522890Z Downloading from central: https://repo.maven.apache.org/maven2/org/codehaus/plexus/plexus/6.5/plexus-6.5.pom
2026-01-22T08:51:35.8821890Z Progress (1): 692 B
2026-01-22T08:51:35.8825310Z Progress (1): 2.7 kB
2026-01-22T08:51:35.8825520Z Progress (1): 6.4 kB
2026-01-22T08:51:35.8825690Z Progress (1): 9.2 kB
2026-01-22T08:51:35.8825890Z Progress (1): 11 kB 
2026-01-22T08:51:35.8826070Z Progress (1): 15 kB
2026-01-22T08:51:35.8826240Z Progress (1): 20 kB
2026-01-22T08:51:35.8826410Z Progress (1): 24 kB
2026-01-22T08:51:35.8826630Z Progress (1): 26 kB
2026-01-22T08:51:35.8826800Z                    
2026-01-22T08:51:35.8827260Z Downloaded from central: https://repo.maven.apache.org/maven2/org/codehaus/plexus/plexus/6.5/plexus-6.5.pom (26 kB at 829 kB/s)
2026-01-22T08:51:35.8915160Z Downloading from central: https://repo.maven.apache.org/maven2/org/codehaus/plexus/plexus-compiler-javac/2.13.0/plexus-compiler-javac-2.13.0.pom
2026-01-22T08:51:35.9186750Z Progress (1): 1.2 kB
2026-01-22T08:51:35.9228180Z                     
2026-01-22T08:51:35.9229850Z Downloaded from central: https://repo.maven.apache.org/maven2/org/codehaus/plexus/plexus-compiler-javac/2.13.0/plexus-compiler-javac-2.13.0.pom (1.2 kB at 42 kB/s)
2026-01-22T08:51:35.9249350Z Downloading from central: https://repo.maven.apache.org/maven2/org/codehaus/plexus/plexus-compilers/2.13.0/plexus-compilers-2.13.0.pom
2026-01-22T08:51:35.9472010Z Progress (1): 1.3 kB
2026-01-22T08:51:35.9579660Z                     
2026-01-22T08:51:35.9681980Z Downloaded from central: https://repo.maven.apache.org/maven2/org/codehaus/plexus/plexus-compilers/2.13.0/plexus-compilers-2.13.0.pom (1.3 kB at 51 kB/s)
2026-01-22T08:51:35.9786390Z Downloading from central: https://repo.maven.apache.org/maven2/org/apache/maven/shared/maven-shared-incremental/1.1/maven-shared-incremental-1.1.jar
2026-01-22T08:51:35.9803680Z Downloading from central: https://repo.maven.apache.org/maven2/org/codehaus/plexus/plexus-component-annotations/1.5.5/plexus-component-annotations-1.5.5.jar
2026-01-22T08:51:35.9825240Z Downloading from central: https://repo.maven.apache.org/maven2/org/codehaus/plexus/plexus-java/1.1.2/plexus-java-1.1.2.jar
2026-01-22T08:51:35.9828060Z Downloading from central: https://repo.maven.apache.org/maven2/org/ow2/asm/asm/9.4/asm-9.4.jar
2026-01-22T08:51:35.9830480Z Downloading from central: https://repo.maven.apache.org/maven2/com/thoughtworks/qdox/qdox/2.0.3/qdox-2.0.3.jar
2026-01-22T08:51:35.9872300Z Progress (1): 7.7/14 kB
2026-01-22T08:51:35.9877750Z Progress (1): 12/14 kB 
2026-01-22T08:51:35.9908300Z Progress (1): 14 kB   
2026-01-22T08:51:35.9908950Z                    
2026-01-22T08:51:35.9910450Z Downloaded from central: https://repo.maven.apache.org/maven2/org/apache/maven/shared/maven-shared-incremental/1.1/maven-shared-incremental-1.1.jar (14 kB at 437 kB/s)
2026-01-22T08:51:35.9913660Z Downloading from central: https://repo.maven.apache.org/maven2/org/codehaus/plexus/plexus-compiler-api/2.13.0/plexus-compiler-api-2.13.0.jar
2026-01-22T08:51:36.0043690Z Progress (1): 4.2 kB
2026-01-22T08:51:36.0051960Z                     
2026-01-22T08:51:36.0054200Z Downloaded from central: https://repo.maven.apache.org/maven2/org/codehaus/plexus/plexus-component-annotations/1.5.5/plexus-component-annotations-1.5.5.jar (4.2 kB at 94 kB/s)
2026-01-22T08:51:36.0059340Z Downloading from central: https://repo.maven.apache.org/maven2/org/codehaus/plexus/plexus-utils/3.5.0/plexus-utils-3.5.0.jar
2026-01-22T08:51:36.0155630Z Progress (1): 7.7/334 kB
2026-01-22T08:51:36.0334880Z Progress (1): 12/334 kB 
2026-01-22T08:51:36.0484010Z Progress (2): 12/334 kB | 0.9/122 kB
2026-01-22T08:51:36.0586350Z Progress (2): 12/334 kB | 2.3/122 kB
2026-01-22T08:51:36.0688800Z Progress (2): 12/334 kB | 3.6/122 kB
2026-01-22T08:51:36.0754670Z Progress (2): 12/334 kB | 5.0/122 kB
2026-01-22T08:51:36.0755160Z Progress (2): 12/334 kB | 6.4/122 kB
2026-01-22T08:51:36.0755610Z Progress (2): 12/334 kB | 7.7/122 kB
2026-01-22T08:51:36.0755980Z Progress (2): 12/334 kB | 9.1/122 kB
2026-01-22T08:51:36.0756400Z Progress (2): 12/334 kB | 10/122 kB 
2026-01-22T08:51:36.0756770Z Progress (2): 12/334 kB | 12/122 kB
2026-01-22T08:51:36.0757090Z Progress (2): 12/334 kB | 12/122 kB
2026-01-22T08:51:36.0757480Z Progress (2): 12/334 kB | 14/122 kB
2026-01-22T08:51:36.0757870Z Progress (2): 12/334 kB | 15/122 kB
2026-01-22T08:51:36.0758270Z Progress (2): 12/334 kB | 16/122 kB
2026-01-22T08:51:36.0758660Z Progress (2): 12/334 kB | 18/122 kB
2026-01-22T08:51:36.0759050Z Progress (2): 12/334 kB | 19/122 kB
2026-01-22T08:51:36.0759390Z Progress (2): 29/334 kB | 19/122 kB
2026-01-22T08:51:36.0760820Z Progress (2): 29/334 kB | 21/122 kB
2026-01-22T08:51:36.0761150Z Progress (2): 29/334 kB | 22/122 kB
2026-01-22T08:51:36.0761440Z Progress (2): 29/334 kB | 23/122 kB
2026-01-22T08:51:36.0761650Z Progress (2): 29/334 kB | 25/122 kB
2026-01-22T08:51:36.0761860Z Progress (2): 29/334 kB | 26/122 kB
2026-01-22T08:51:36.0762090Z Progress (2): 29/334 kB | 27/122 kB
2026-01-22T08:51:36.0762310Z Progress (2): 29/334 kB | 29/122 kB
2026-01-22T08:51:36.0762520Z Progress (2): 29/334 kB | 30/122 kB
2026-01-22T08:51:36.0762730Z Progress (2): 29/334 kB | 31/122 kB
2026-01-22T08:51:36.0762940Z Progress (2): 29/334 kB | 33/122 kB
2026-01-22T08:51:36.0763160Z Progress (2): 29/334 kB | 34/122 kB
2026-01-22T08:51:36.0763370Z Progress (2): 29/334 kB | 36/122 kB
2026-01-22T08:51:36.0763590Z Progress (2): 29/334 kB | 37/122 kB
2026-01-22T08:51:36.0763790Z Progress (2): 29/334 kB | 38/122 kB
2026-01-22T08:51:36.0764000Z Progress (2): 29/334 kB | 40/122 kB
2026-01-22T08:51:36.0764220Z Progress (2): 29/334 kB | 41/122 kB
2026-01-22T08:51:36.0764430Z Progress (2): 29/334 kB | 42/122 kB
2026-01-22T08:51:36.0764640Z Progress (2): 29/334 kB | 44/122 kB
2026-01-22T08:51:36.0765210Z Progress (2): 29/334 kB | 45/122 kB
2026-01-22T08:51:36.0765480Z Progress (2): 29/334 kB | 47/122 kB
2026-01-22T08:51:36.0765700Z Progress (2): 45/334 kB | 47/122 kB
2026-01-22T08:51:36.0765910Z Progress (2): 45/334 kB | 48/122 kB
2026-01-22T08:51:36.0766130Z Progress (2): 61/334 kB | 48/122 kB
2026-01-22T08:51:36.0766340Z Progress (2): 78/334 kB | 48/122 kB
2026-01-22T08:51:36.0766560Z Progress (2): 94/334 kB | 48/122 kB
2026-01-22T08:51:36.0766790Z Progress (3): 94/334 kB | 48/122 kB | 7.7/27 kB
2026-01-22T08:51:36.0767050Z Progress (3): 94/334 kB | 48/122 kB | 16/27 kB 
2026-01-22T08:51:36.0767300Z Progress (3): 94/334 kB | 48/122 kB | 27 kB   
2026-01-22T08:51:36.0767570Z Progress (4): 94/334 kB | 48/122 kB | 27 kB | 0.9/55 kB
2026-01-22T08:51:36.0767880Z Progress (4): 94/334 kB | 48/122 kB | 27 kB | 2.3/55 kB
2026-01-22T08:51:36.0768250Z Progress (4): 94/334 kB | 48/122 kB | 27 kB | 3.6/55 kB
2026-01-22T08:51:36.0768650Z Progress (4): 94/334 kB | 48/122 kB | 27 kB | 5.0/55 kB
2026-01-22T08:51:36.0769010Z Progress (4): 94/334 kB | 48/122 kB | 27 kB | 6.4/55 kB
2026-01-22T08:51:36.0769360Z Progress (4): 94/334 kB | 48/122 kB | 27 kB | 7.7/55 kB
2026-01-22T08:51:36.0769830Z Progress (4): 94/334 kB | 48/122 kB | 27 kB | 9.1/55 kB
2026-01-22T08:51:36.0770160Z Progress (4): 94/334 kB | 48/122 kB | 27 kB | 10/55 kB 
2026-01-22T08:51:36.0770420Z                                                       
2026-01-22T08:51:36.0771020Z Downloaded from central: https://repo.maven.apache.org/maven2/org/codehaus/plexus/plexus-compiler-api/2.13.0/plexus-compiler-api-2.13.0.jar (27 kB at 356 kB/s)
2026-01-22T08:51:36.0771920Z Downloading from central: https://repo.maven.apache.org/maven2/org/codehaus/plexus/plexus-compiler-manager/2.13.0/plexus-compiler-manager-2.13.0.jar
2026-01-22T08:51:36.0772550Z Progress (3): 94/334 kB | 49/122 kB | 10/55 kB
2026-01-22T08:51:36.0772860Z Progress (3): 94/334 kB | 51/122 kB | 10/55 kB
2026-01-22T08:51:36.0773110Z Progress (3): 94/334 kB | 55/122 kB | 10/55 kB
2026-01-22T08:51:36.0773410Z Progress (3): 94/334 kB | 59/122 kB | 10/55 kB
2026-01-22T08:51:36.0773700Z Progress (3): 94/334 kB | 63/122 kB | 10/55 kB
2026-01-22T08:51:36.0773960Z Progress (3): 94/334 kB | 68/122 kB | 10/55 kB
2026-01-22T08:51:36.0774200Z Progress (3): 94/334 kB | 72/122 kB | 10/55 kB
2026-01-22T08:51:36.0774440Z Progress (3): 94/334 kB | 76/122 kB | 10/55 kB
2026-01-22T08:51:36.0774690Z Progress (3): 94/334 kB | 80/122 kB | 10/55 kB
2026-01-22T08:51:36.0774930Z Progress (3): 94/334 kB | 84/122 kB | 10/55 kB
2026-01-22T08:51:36.0775180Z Progress (3): 94/334 kB | 89/122 kB | 10/55 kB
2026-01-22T08:51:36.0775420Z Progress (3): 94/334 kB | 93/122 kB | 10/55 kB
2026-01-22T08:51:36.0775690Z Progress (3): 94/334 kB | 97/122 kB | 10/55 kB
2026-01-22T08:51:36.0776000Z Progress (4): 94/334 kB | 97/122 kB | 10/55 kB | 4.1/267 kB
2026-01-22T08:51:36.0776300Z Progress (4): 94/334 kB | 101/122 kB | 10/55 kB | 4.1/267 kB
2026-01-22T08:51:36.0776600Z Progress (4): 94/334 kB | 101/122 kB | 10/55 kB | 20/267 kB 
2026-01-22T08:51:36.0776910Z Progress (4): 94/334 kB | 106/122 kB | 10/55 kB | 20/267 kB
2026-01-22T08:51:36.0777210Z Progress (4): 94/334 kB | 106/122 kB | 10/55 kB | 37/267 kB
2026-01-22T08:51:36.0777510Z Progress (4): 94/334 kB | 110/122 kB | 10/55 kB | 37/267 kB
2026-01-22T08:51:36.0777800Z Progress (4): 94/334 kB | 114/122 kB | 10/55 kB | 37/267 kB
2026-01-22T08:51:36.0778090Z Progress (4): 94/334 kB | 114/122 kB | 10/55 kB | 53/267 kB
2026-01-22T08:51:36.0778390Z Progress (4): 94/334 kB | 114/122 kB | 10/55 kB | 70/267 kB
2026-01-22T08:51:36.0778730Z Progress (4): 94/334 kB | 114/122 kB | 10/55 kB | 86/267 kB
2026-01-22T08:51:36.0779030Z Progress (4): 94/334 kB | 114/122 kB | 10/55 kB | 102/267 kB
2026-01-22T08:51:36.0779330Z Progress (4): 94/334 kB | 114/122 kB | 12/55 kB | 102/267 kB
2026-01-22T08:51:36.0779650Z Progress (4): 94/334 kB | 114/122 kB | 12/55 kB | 119/267 kB
2026-01-22T08:51:36.0779980Z Progress (4): 94/334 kB | 114/122 kB | 13/55 kB | 119/267 kB
2026-01-22T08:51:36.0780280Z Progress (4): 94/334 kB | 114/122 kB | 17/55 kB | 119/267 kB
2026-01-22T08:51:36.0780710Z Progress (4): 94/334 kB | 114/122 kB | 22/55 kB | 119/267 kB
2026-01-22T08:51:36.0781060Z Progress (4): 94/334 kB | 118/122 kB | 22/55 kB | 119/267 kB
2026-01-22T08:51:36.0781370Z Progress (4): 111/334 kB | 118/122 kB | 22/55 kB | 119/267 kB
2026-01-22T08:51:36.0781680Z Progress (4): 111/334 kB | 122 kB | 22/55 kB | 119/267 kB    
2026-01-22T08:51:36.0782040Z Progress (4): 111/334 kB | 122 kB | 22/55 kB | 135/267 kB
2026-01-22T08:51:36.0782330Z Progress (4): 111/334 kB | 122 kB | 22/55 kB | 152/267 kB
2026-01-22T08:51:36.0782670Z Progress (4): 111/334 kB | 122 kB | 22/55 kB | 168/267 kB
2026-01-22T08:51:36.0782960Z Progress (4): 111/334 kB | 122 kB | 22/55 kB | 184/267 kB
2026-01-22T08:51:36.0783250Z Progress (4): 111/334 kB | 122 kB | 22/55 kB | 197/267 kB
2026-01-22T08:51:36.0783540Z Progress (4): 111/334 kB | 122 kB | 22/55 kB | 213/267 kB
2026-01-22T08:51:36.0783920Z Progress (4): 111/334 kB | 122 kB | 26/55 kB | 213/267 kB
2026-01-22T08:51:36.0784220Z Progress (4): 111/334 kB | 122 kB | 30/55 kB | 213/267 kB
2026-01-22T08:51:36.0784510Z Progress (4): 111/334 kB | 122 kB | 34/55 kB | 213/267 kB
2026-01-22T08:51:36.0784940Z Progress (4): 111/334 kB | 122 kB | 34/55 kB | 229/267 kB
2026-01-22T08:51:36.0785260Z Progress (4): 111/334 kB | 122 kB | 39/55 kB | 229/267 kB
2026-01-22T08:51:36.0785550Z Progress (4): 111/334 kB | 122 kB | 43/55 kB | 229/267 kB
2026-01-22T08:51:36.0785840Z Progress (4): 127/334 kB | 122 kB | 43/55 kB | 229/267 kB
2026-01-22T08:51:36.0786130Z Progress (4): 127/334 kB | 122 kB | 47/55 kB | 229/267 kB
2026-01-22T08:51:36.0786410Z Progress (4): 127/334 kB | 122 kB | 51/55 kB | 229/267 kB
2026-01-22T08:51:36.0786700Z Progress (4): 127/334 kB | 122 kB | 55 kB | 229/267 kB   
2026-01-22T08:51:36.0786990Z Progress (4): 143/334 kB | 122 kB | 55 kB | 229/267 kB
2026-01-22T08:51:36.0787280Z Progress (4): 147/334 kB | 122 kB | 55 kB | 229/267 kB
2026-01-22T08:51:36.0787600Z Progress (4): 164/334 kB | 122 kB | 55 kB | 229/267 kB
2026-01-22T08:51:36.0787900Z                                                       
2026-01-22T08:51:36.0788740Z Downloaded from central: https://repo.maven.apache.org/maven2/org/codehaus/plexus/plexus-java/1.1.2/plexus-java-1.1.2.jar (55 kB at 600 kB/s)
2026-01-22T08:51:36.0789560Z Downloading from central: https://repo.maven.apache.org/maven2/org/codehaus/plexus/plexus-compiler-javac/2.13.0/plexus-compiler-javac-2.13.0.jar
2026-01-22T08:51:36.0790150Z Progress (3): 180/334 kB | 122 kB | 229/267 kB
2026-01-22T08:51:36.0790400Z Progress (3): 197/334 kB | 122 kB | 229/267 kB
2026-01-22T08:51:36.0790650Z Progress (3): 213/334 kB | 122 kB | 229/267 kB
2026-01-22T08:51:36.0790900Z Progress (3): 229/334 kB | 122 kB | 229/267 kB
2026-01-22T08:51:36.0791150Z Progress (3): 246/334 kB | 122 kB | 229/267 kB
2026-01-22T08:51:36.0791390Z Progress (3): 262/334 kB | 122 kB | 229/267 kB
2026-01-22T08:51:36.0791640Z Progress (3): 262/334 kB | 122 kB | 246/267 kB
2026-01-22T08:51:36.0791890Z Progress (3): 279/334 kB | 122 kB | 246/267 kB
2026-01-22T08:51:36.0792130Z Progress (3): 279/334 kB | 122 kB | 262/267 kB
2026-01-22T08:51:36.0792380Z Progress (3): 295/334 kB | 122 kB | 262/267 kB
2026-01-22T08:51:36.0792620Z                                               
2026-01-22T08:51:36.0793040Z Downloaded from central: https://repo.maven.apache.org/maven2/org/ow2/asm/asm/9.4/asm-9.4.jar (122 kB at 1.2 MB/s)
2026-01-22T08:51:36.0793470Z Progress (2): 311/334 kB | 262/267 kB
2026-01-22T08:51:36.0793690Z Progress (2): 311/334 kB | 267 kB    
2026-01-22T08:51:36.0793910Z Progress (2): 328/334 kB | 267 kB
2026-01-22T08:51:36.0794120Z Progress (2): 334 kB | 267 kB    
2026-01-22T08:51:36.0794320Z                              
2026-01-22T08:51:36.0794790Z Downloaded from central: https://repo.maven.apache.org/maven2/com/thoughtworks/qdox/qdox/2.0.3/qdox-2.0.3.jar (334 kB at 3.2 MB/s)
2026-01-22T08:51:36.0795560Z Downloaded from central: https://repo.maven.apache.org/maven2/org/codehaus/plexus/plexus-utils/3.5.0/plexus-utils-3.5.0.jar (267 kB at 2.5 MB/s)
2026-01-22T08:51:36.0796250Z Progress (1): 4.7 kB
2026-01-22T08:51:36.0796430Z                     
2026-01-22T08:51:36.0796960Z Downloaded from central: https://repo.maven.apache.org/maven2/org/codehaus/plexus/plexus-compiler-manager/2.13.0/plexus-compiler-manager-2.13.0.jar (4.7 kB at 42 kB/s)
2026-01-22T08:51:36.0847540Z Progress (1): 3.8/23 kB
2026-01-22T08:51:36.0882740Z Progress (1): 8.0/23 kB
2026-01-22T08:51:36.0903510Z Progress (1): 12/23 kB 
2026-01-22T08:51:36.0932070Z Progress (1): 16/23 kB
2026-01-22T08:51:36.0932380Z Progress (1): 20/23 kB
2026-01-22T08:51:36.0932590Z Progress (1): 23 kB   
2026-01-22T08:51:36.0932770Z                    
2026-01-22T08:51:36.0933340Z Downloaded from central: https://repo.maven.apache.org/maven2/org/codehaus/plexus/plexus-compiler-javac/2.13.0/plexus-compiler-javac-2.13.0.jar (23 kB at 184 kB/s)
2026-01-22T08:51:36.1893850Z [INFO] Changes detected - recompiling the module! :source
2026-01-22T08:51:36.1936400Z [INFO] Compiling 14 source files with javac [debug target 11] to target/classes
2026-01-22T08:51:36.9894950Z [INFO] ------------------------------------------------------------------------
2026-01-22T08:51:36.9996990Z [INFO] BUILD SUCCESS
2026-01-22T08:51:37.0123420Z [INFO] ------------------------------------------------------------------------
2026-01-22T08:51:37.0124530Z [INFO] Total time:  5.814 s
2026-01-22T08:51:37.0212470Z [INFO] Finished at: 2026-01-22T08:51:36Z
2026-01-22T08:51:37.0213400Z [INFO] ------------------------------------------------------------------------
2026-01-22T08:51:38.6527140Z [INFO] Scanning for projects...
2026-01-22T08:51:38.7278960Z [INFO] 
2026-01-22T08:51:38.7380200Z [INFO] ----------------------< com.tidesdb:tidesdb-java >----------------------
2026-01-22T08:51:38.7481430Z [INFO] Building TidesDB Java 0.2.0
2026-01-22T08:51:38.7583030Z [INFO]   from pom.xml
2026-01-22T08:51:38.7684390Z [INFO] --------------------------------[ jar ]---------------------------------
2026-01-22T08:51:39.0763430Z Downloading from central: https://repo.maven.apache.org/maven2/org/apache/maven/plugins/maven-surefire-plugin/3.2.2/maven-surefire-plugin-3.2.2.pom
2026-01-22T08:51:39.3494200Z Progress (1): 826 B
2026-01-22T08:51:39.3595710Z Progress (1): 2.1 kB
2026-01-22T08:51:39.3697190Z Progress (1): 4.6 kB
2026-01-22T08:51:39.3811810Z Progress (1): 5.1 kB
2026-01-22T08:51:39.3912680Z                     
2026-01-22T08:51:39.4014230Z Downloaded from central: https://repo.maven.apache.org/maven2/org/apache/maven/plugins/maven-surefire-plugin/3.2.2/maven-surefire-plugin-3.2.2.pom (5.1 kB at 18 kB/s)
2026-01-22T08:51:39.4117610Z Downloading from central: https://repo.maven.apache.org/maven2/org/apache/maven/surefire/surefire/3.2.2/surefire-3.2.2.pom
2026-01-22T08:51:39.4218810Z Progress (1): 787 B
2026-01-22T08:51:39.4319580Z Progress (1): 1.8 kB
2026-01-22T08:51:39.4421020Z Progress (1): 3.6 kB
2026-01-22T08:51:39.4522380Z Progress (1): 6.6 kB
2026-01-22T08:51:39.4632050Z Progress (1): 9.4 kB
2026-01-22T08:51:39.4734490Z Progress (1): 13 kB 
2026-01-22T08:51:39.4835860Z Progress (1): 15 kB
2026-01-22T08:51:39.4936910Z Progress (1): 17 kB
2026-01-22T08:51:39.5041130Z Progress (1): 19 kB
2026-01-22T08:51:39.5142010Z Progress (1): 21 kB
2026-01-22T08:51:39.5246520Z                    
2026-01-22T08:51:39.5348810Z Downloaded from central: https://repo.maven.apache.org/maven2/org/apache/maven/surefire/surefire/3.2.2/surefire-3.2.2.pom (21 kB at 712 kB/s)
2026-01-22T08:51:39.5451410Z Downloading from central: https://repo.maven.apache.org/maven2/org/junit/junit-bom/5.9.3/junit-bom-5.9.3.pom
2026-01-22T08:51:39.5553110Z Progress (1): 907 B
2026-01-22T08:51:39.5653860Z Progress (1): 2.3 kB
2026-01-22T08:51:39.5756890Z Progress (1): 5.6 kB
2026-01-22T08:51:39.5858300Z                     
2026-01-22T08:51:39.5961190Z Downloaded from central: https://repo.maven.apache.org/maven2/org/junit/junit-bom/5.9.3/junit-bom-5.9.3.pom (5.6 kB at 235 kB/s)
2026-01-22T08:51:39.6105450Z Downloading from central: https://repo.maven.apache.org/maven2/org/apache/maven/plugins/maven-surefire-plugin/3.2.2/maven-surefire-plugin-3.2.2.jar
2026-01-22T08:51:39.6264440Z Progress (1): 0.9/45 kB
2026-01-22T08:51:39.6393210Z Progress (1): 2.3/45 kB
2026-01-22T08:51:39.6506580Z Progress (1): 3.6/45 kB
2026-01-22T08:51:39.6718020Z Progress (1): 5.0/45 kB
2026-01-22T08:51:39.6819030Z Progress (1): 6.4/45 kB
2026-01-22T08:51:39.6961470Z Progress (1): 7.7/45 kB
2026-01-22T08:51:39.7074990Z Progress (1): 9.1/45 kB
2026-01-22T08:51:39.7075210Z Progress (1): 10/45 kB 
2026-01-22T08:51:39.7075390Z Progress (1): 12/45 kB
2026-01-22T08:51:39.7230570Z Progress (1): 12/45 kB
2026-01-22T08:51:39.7342380Z Progress (1): 14/45 kB
2026-01-22T08:51:39.7460130Z Progress (1): 15/45 kB
2026-01-22T08:51:39.7575220Z Progress (1): 16/45 kB
2026-01-22T08:51:39.7682240Z Progress (1): 18/45 kB
2026-01-22T08:51:39.7786630Z Progress (1): 19/45 kB
2026-01-22T08:51:39.7889200Z Progress (1): 21/45 kB
2026-01-22T08:51:39.8014100Z Progress (1): 22/45 kB
2026-01-22T08:51:39.8119240Z Progress (1): 23/45 kB
2026-01-22T08:51:39.8242130Z Progress (1): 25/45 kB
2026-01-22T08:51:39.8343260Z Progress (1): 26/45 kB
2026-01-22T08:51:39.8474750Z Progress (1): 27/45 kB
2026-01-22T08:51:39.8584130Z Progress (1): 29/45 kB
2026-01-22T08:51:39.8685320Z Progress (1): 30/45 kB
2026-01-22T08:51:39.8786260Z Progress (1): 31/45 kB
2026-01-22T08:51:39.8887390Z Progress (1): 33/45 kB
2026-01-22T08:51:39.8992090Z Progress (1): 34/45 kB
2026-01-22T08:51:39.9092910Z Progress (1): 36/45 kB
2026-01-22T08:51:39.9194800Z Progress (1): 37/45 kB
2026-01-22T08:51:39.9306490Z Progress (1): 38/45 kB
2026-01-22T08:51:39.9407640Z Progress (1): 40/45 kB
2026-01-22T08:51:39.9508810Z Progress (1): 44/45 kB
2026-01-22T08:51:39.9628650Z Progress (1): 45 kB   
2026-01-22T08:51:39.9730980Z                    
2026-01-22T08:51:39.9839670Z Downloaded from central: https://repo.maven.apache.org/maven2/org/apache/maven/plugins/maven-surefire-plugin/3.2.2/maven-surefire-plugin-3.2.2.jar (45 kB at 1.0 MB/s)
2026-01-22T08:51:39.9942240Z Downloading from central: https://repo.maven.apache.org/maven2/org/junit/jupiter/junit-jupiter/5.10.1/junit-jupiter-5.10.1.jar
2026-01-22T08:51:40.0043900Z Downloading from central: https://repo.maven.apache.org/maven2/org/junit/jupiter/junit-jupiter-api/5.10.1/junit-jupiter-api-5.10.1.jar
2026-01-22T08:51:40.0146470Z Downloading from central: https://repo.maven.apache.org/maven2/org/opentest4j/opentest4j/1.3.0/opentest4j-1.3.0.jar
2026-01-22T08:51:40.0248630Z Downloading from central: https://repo.maven.apache.org/maven2/org/junit/platform/junit-platform-commons/1.10.1/junit-platform-commons-1.10.1.jar
2026-01-22T08:51:40.0351790Z Downloading from central: https://repo.maven.apache.org/maven2/org/apiguardian/apiguardian-api/1.1.2/apiguardian-api-1.1.2.jar
2026-01-22T08:51:40.0453920Z Progress (1): 3.8/6.8 kB
2026-01-22T08:51:40.0554950Z Progress (1): 6.8 kB    
2026-01-22T08:51:40.0657710Z                     
2026-01-22T08:51:40.0759180Z Downloaded from central: https://repo.maven.apache.org/maven2/org/apiguardian/apiguardian-api/1.1.2/apiguardian-api-1.1.2.jar (6.8 kB at 131 kB/s)
2026-01-22T08:51:40.0760050Z Downloading from central: https://repo.maven.apache.org/maven2/org/junit/jupiter/junit-jupiter-params/5.10.1/junit-jupiter-params-5.10.1.jar
2026-01-22T08:51:40.0861690Z Progress (1): 3.8/586 kB
2026-01-22T08:51:40.0962790Z Progress (1): 8.0/586 kB
2026-01-22T08:51:40.1063850Z Progress (1): 12/586 kB 
2026-01-22T08:51:40.1166040Z Progress (1): 16/586 kB
2026-01-22T08:51:40.1267140Z Progress (1): 21/586 kB
2026-01-22T08:51:40.1368060Z Progress (1): 25/586 kB
2026-01-22T08:51:40.1469610Z Progress (1): 29/586 kB
2026-01-22T08:51:40.1571250Z Progress (1): 33/586 kB
2026-01-22T08:51:40.1672410Z Progress (1): 38/586 kB
2026-01-22T08:51:40.1773310Z Progress (1): 42/586 kB
2026-01-22T08:51:40.1877200Z Progress (1): 46/586 kB
2026-01-22T08:51:40.1983360Z Progress (1): 50/586 kB
2026-01-22T08:51:40.2084170Z Progress (1): 55/586 kB
2026-01-22T08:51:40.2185140Z Progress (1): 59/586 kB
2026-01-22T08:51:40.2286290Z Progress (1): 63/586 kB
2026-01-22T08:51:40.2388300Z Progress (1): 67/586 kB
2026-01-22T08:51:40.2490100Z Progress (1): 71/586 kB
2026-01-22T08:51:40.2591370Z Progress (1): 76/586 kB
2026-01-22T08:51:40.2692410Z Progress (1): 80/586 kB
2026-01-22T08:51:40.2793530Z Progress (1): 84/586 kB
2026-01-22T08:51:40.2894720Z Progress (1): 88/586 kB
2026-01-22T08:51:40.2996000Z Progress (1): 93/586 kB
2026-01-22T08:51:40.3098110Z Progress (1): 97/586 kB
2026-01-22T08:51:40.3203850Z Progress (1): 101/586 kB
2026-01-22T08:51:40.3317920Z Progress (1): 105/586 kB
2026-01-22T08:51:40.3419860Z Progress (1): 109/586 kB
2026-01-22T08:51:40.3524430Z Progress (1): 114/586 kB
2026-01-22T08:51:40.3625550Z Progress (1): 118/586 kB
2026-01-22T08:51:40.3728810Z Progress (1): 122/586 kB
2026-01-22T08:51:40.3839390Z Progress (1): 126/586 kB
2026-01-22T08:51:40.3941160Z Progress (1): 131/586 kB
2026-01-22T08:51:40.4042700Z Progress (1): 135/586 kB
2026-01-22T08:51:40.4143620Z Progress (1): 139/586 kB
2026-01-22T08:51:40.4262020Z Progress (1): 143/586 kB
2026-01-22T08:51:40.4383290Z Progress (1): 148/586 kB
2026-01-22T08:51:40.4484590Z Progress (1): 152/586 kB
2026-01-22T08:51:40.4585770Z Progress (1): 168/586 kB
2026-01-22T08:51:40.4687240Z Progress (1): 185/586 kB
2026-01-22T08:51:40.4788430Z Progress (1): 201/586 kB
2026-01-22T08:51:40.4893560Z Progress (1): 217/586 kB
2026-01-22T08:51:40.4995080Z Progress (1): 234/586 kB
2026-01-22T08:51:40.5096360Z Progress (2): 234/586 kB | 0.9/211 kB
2026-01-22T08:51:40.5197370Z Progress (2): 234/586 kB | 2.3/211 kB
2026-01-22T08:51:40.5298670Z Progress (2): 234/586 kB | 3.6/211 kB
2026-01-22T08:51:40.5399940Z Progress (2): 234/586 kB | 5.0/211 kB
2026-01-22T08:51:40.5501840Z Progress (2): 234/586 kB | 6.4/211 kB
2026-01-22T08:51:40.5603400Z Progress (2): 234/586 kB | 7.7/211 kB
2026-01-22T08:51:40.5707520Z Progress (2): 234/586 kB | 9.1/211 kB
2026-01-22T08:51:40.5808500Z Progress (2): 234/586 kB | 10/211 kB 
2026-01-22T08:51:40.5912570Z Progress (2): 234/586 kB | 12/211 kB
2026-01-22T08:51:40.6030410Z Progress (2): 234/586 kB | 13/211 kB
2026-01-22T08:51:40.6138620Z Progress (2): 234/586 kB | 15/211 kB
2026-01-22T08:51:40.6240970Z Progress (2): 234/586 kB | 16/211 kB
2026-01-22T08:51:40.6250150Z Progress (2): 234/586 kB | 17/211 kB
2026-01-22T08:51:40.6250590Z Progress (2): 234/586 kB | 19/211 kB
2026-01-22T08:51:40.6251090Z Progress (2): 234/586 kB | 20/211 kB
2026-01-22T08:51:40.6251700Z Progress (2): 234/586 kB | 21/211 kB
2026-01-22T08:51:40.6252110Z Progress (2): 234/586 kB | 23/211 kB
2026-01-22T08:51:40.6252450Z Progress (2): 234/586 kB | 24/211 kB
2026-01-22T08:51:40.6252740Z Progress (2): 234/586 kB | 26/211 kB
2026-01-22T08:51:40.6253160Z Progress (2): 234/586 kB | 27/211 kB
2026-01-22T08:51:40.6253540Z Progress (2): 234/586 kB | 28/211 kB
2026-01-22T08:51:40.6253840Z Progress (2): 234/586 kB | 30/211 kB
2026-01-22T08:51:40.6254140Z Progress (2): 234/586 kB | 31/211 kB
2026-01-22T08:51:40.6254540Z Progress (2): 250/586 kB | 31/211 kB
2026-01-22T08:51:40.6254890Z Progress (2): 266/586 kB | 31/211 kB
2026-01-22T08:51:40.6255190Z Progress (2): 266/586 kB | 32/211 kB
2026-01-22T08:51:40.6255500Z Progress (2): 266/586 kB | 34/211 kB
2026-01-22T08:51:40.6255790Z Progress (2): 266/586 kB | 35/211 kB
2026-01-22T08:51:40.6256090Z Progress (2): 266/586 kB | 36/211 kB
2026-01-22T08:51:40.6256380Z Progress (2): 266/586 kB | 38/211 kB
2026-01-22T08:51:40.6256910Z Progress (2): 283/586 kB | 38/211 kB
2026-01-22T08:51:40.6257380Z Progress (3): 283/586 kB | 38/211 kB | 0.9/106 kB
2026-01-22T08:51:40.6257770Z Progress (3): 283/586 kB | 39/211 kB | 0.9/106 kB
2026-01-22T08:51:40.6258100Z Progress (3): 283/586 kB | 39/211 kB | 2.3/106 kB
2026-01-22T08:51:40.6258430Z Progress (3): 283/586 kB | 39/211 kB | 3.6/106 kB
2026-01-22T08:51:40.6259270Z Progress (3): 283/586 kB | 41/211 kB | 3.6/106 kB
2026-01-22T08:51:40.6259750Z Progress (3): 283/586 kB | 42/211 kB | 3.6/106 kB
2026-01-22T08:51:40.6260110Z Progress (3): 283/586 kB | 43/211 kB | 3.6/106 kB
2026-01-22T08:51:40.6260440Z Progress (3): 283/586 kB | 45/211 kB | 3.6/106 kB
2026-01-22T08:51:40.6260780Z Progress (3): 283/586 kB | 46/211 kB | 3.6/106 kB
2026-01-22T08:51:40.6261640Z Progress (3): 283/586 kB | 47/211 kB | 3.6/106 kB
2026-01-22T08:51:40.6261990Z Progress (3): 283/586 kB | 49/211 kB | 3.6/106 kB
2026-01-22T08:51:40.6262390Z Progress (3): 283/586 kB | 50/211 kB | 3.6/106 kB
2026-01-22T08:51:40.6262720Z Progress (3): 283/586 kB | 52/211 kB | 3.6/106 kB
2026-01-22T08:51:40.6263050Z Progress (3): 283/586 kB | 53/211 kB | 3.6/106 kB
2026-01-22T08:51:40.6263850Z Progress (3): 283/586 kB | 54/211 kB | 3.6/106 kB
2026-01-22T08:51:40.6264200Z Progress (3): 283/586 kB | 56/211 kB | 3.6/106 kB
2026-01-22T08:51:40.6264530Z Progress (3): 299/586 kB | 56/211 kB | 3.6/106 kB
2026-01-22T08:51:40.6264870Z Progress (3): 299/586 kB | 56/211 kB | 5.0/106 kB
2026-01-22T08:51:40.6265200Z Progress (3): 299/586 kB | 56/211 kB | 6.4/106 kB
2026-01-22T08:51:40.6265980Z Progress (3): 316/586 kB | 56/211 kB | 6.4/106 kB
2026-01-22T08:51:40.6266330Z Progress (3): 316/586 kB | 56/211 kB | 7.7/106 kB
2026-01-22T08:51:40.6266780Z Progress (3): 316/586 kB | 56/211 kB | 9.1/106 kB
2026-01-22T08:51:40.6267040Z Progress (3): 332/586 kB | 56/211 kB | 9.1/106 kB
2026-01-22T08:51:40.6267520Z Progress (3): 332/586 kB | 56/211 kB | 10/106 kB 
2026-01-22T08:51:40.6267790Z Progress (3): 332/586 kB | 56/211 kB | 12/106 kB
2026-01-22T08:51:40.6268020Z Progress (3): 348/586 kB | 56/211 kB | 12/106 kB
2026-01-22T08:51:40.6268230Z Progress (3): 348/586 kB | 56/211 kB | 13/106 kB
2026-01-22T08:51:40.6268440Z Progress (3): 348/586 kB | 56/211 kB | 15/106 kB
2026-01-22T08:51:40.6269040Z Progress (3): 365/586 kB | 56/211 kB | 15/106 kB
2026-01-22T08:51:40.6269450Z Progress (3): 365/586 kB | 56/211 kB | 16/106 kB
2026-01-22T08:51:40.6269850Z Progress (3): 365/586 kB | 56/211 kB | 17/106 kB
2026-01-22T08:51:40.6270780Z Progress (3): 365/586 kB | 60/211 kB | 17/106 kB
2026-01-22T08:51:40.6271220Z Progress (3): 365/586 kB | 64/211 kB | 17/106 kB
2026-01-22T08:51:40.6271650Z Progress (3): 365/586 kB | 64/211 kB | 19/106 kB
2026-01-22T08:51:40.6272150Z Progress (3): 365/586 kB | 68/211 kB | 19/106 kB
2026-01-22T08:51:40.6272550Z Progress (3): 365/586 kB | 68/211 kB | 20/106 kB
2026-01-22T08:51:40.6272770Z Progress (3): 365/586 kB | 73/211 kB | 20/106 kB
2026-01-22T08:51:40.6273070Z Progress (3): 365/586 kB | 73/211 kB | 21/106 kB
2026-01-22T08:51:40.6273540Z Progress (3): 365/586 kB | 77/211 kB | 21/106 kB
2026-01-22T08:51:40.6273980Z Progress (3): 365/586 kB | 81/211 kB | 21/106 kB
2026-01-22T08:51:40.6274190Z Progress (3): 365/586 kB | 81/211 kB | 23/106 kB
2026-01-22T08:51:40.6274430Z Progress (3): 365/586 kB | 85/211 kB | 23/106 kB
2026-01-22T08:51:40.6274660Z Progress (3): 365/586 kB | 89/211 kB | 23/106 kB
2026-01-22T08:51:40.6274870Z Progress (3): 365/586 kB | 94/211 kB | 23/106 kB
2026-01-22T08:51:40.6275080Z Progress (3): 365/586 kB | 98/211 kB | 23/106 kB
2026-01-22T08:51:40.6275440Z Progress (3): 365/586 kB | 102/211 kB | 23/106 kB
2026-01-22T08:51:40.6275970Z Progress (3): 365/586 kB | 106/211 kB | 23/106 kB
2026-01-22T08:51:40.6276920Z Progress (3): 365/586 kB | 111/211 kB | 23/106 kB
2026-01-22T08:51:40.6277610Z Progress (3): 365/586 kB | 115/211 kB | 23/106 kB
2026-01-22T08:51:40.6278220Z Progress (3): 365/586 kB | 119/211 kB | 23/106 kB
2026-01-22T08:51:40.6278790Z Progress (3): 365/586 kB | 123/211 kB | 23/106 kB
2026-01-22T08:51:40.6279560Z Progress (3): 365/586 kB | 128/211 kB | 23/106 kB
2026-01-22T08:51:40.6280350Z Progress (3): 365/586 kB | 132/211 kB | 23/106 kB
2026-01-22T08:51:40.6281030Z Progress (3): 365/586 kB | 136/211 kB | 23/106 kB
2026-01-22T08:51:40.6283160Z Progress (3): 365/586 kB | 140/211 kB | 23/106 kB
2026-01-22T08:51:40.6283790Z Progress (3): 365/586 kB | 144/211 kB | 23/106 kB
2026-01-22T08:51:40.6284420Z Progress (3): 365/586 kB | 149/211 kB | 23/106 kB
2026-01-22T08:51:40.6285020Z Progress (3): 365/586 kB | 153/211 kB | 23/106 kB
2026-01-22T08:51:40.6285590Z Progress (3): 381/586 kB | 153/211 kB | 23/106 kB
2026-01-22T08:51:40.6286150Z Progress (3): 381/586 kB | 153/211 kB | 24/106 kB
2026-01-22T08:51:40.6288270Z Progress (3): 381/586 kB | 153/211 kB | 26/106 kB
2026-01-22T08:51:40.6289760Z Progress (3): 398/586 kB | 153/211 kB | 26/106 kB
2026-01-22T08:51:40.6290340Z Progress (3): 398/586 kB | 153/211 kB | 27/106 kB
2026-01-22T08:51:40.6290920Z Progress (3): 398/586 kB | 153/211 kB | 28/106 kB
2026-01-22T08:51:40.6291480Z Progress (3): 398/586 kB | 153/211 kB | 30/106 kB
2026-01-22T08:51:40.6293050Z Progress (3): 398/586 kB | 153/211 kB | 31/106 kB
2026-01-22T08:51:40.6293420Z Progress (3): 398/586 kB | 153/211 kB | 32/106 kB
2026-01-22T08:51:40.6293640Z Progress (3): 398/586 kB | 153/211 kB | 34/106 kB
2026-01-22T08:51:40.6293910Z Progress (3): 398/586 kB | 153/211 kB | 35/106 kB
2026-01-22T08:51:40.6296410Z Progress (3): 414/586 kB | 153/211 kB | 35/106 kB
2026-01-22T08:51:40.6296630Z Progress (3): 414/586 kB | 153/211 kB | 36/106 kB
2026-01-22T08:51:40.6296900Z Progress (3): 414/586 kB | 153/211 kB | 38/106 kB
2026-01-22T08:51:40.6297180Z Progress (3): 414/586 kB | 153/211 kB | 39/106 kB
2026-01-22T08:51:40.6297380Z Progress (3): 414/586 kB | 153/211 kB | 41/106 kB
2026-01-22T08:51:40.6297650Z Progress (3): 414/586 kB | 153/211 kB | 42/106 kB
2026-01-22T08:51:40.6298470Z Progress (3): 414/586 kB | 153/211 kB | 43/106 kB
2026-01-22T08:51:40.6299860Z Progress (3): 430/586 kB | 153/211 kB | 43/106 kB
2026-01-22T08:51:40.6300140Z Progress (3): 430/586 kB | 153/211 kB | 45/106 kB
2026-01-22T08:51:40.6300530Z Progress (3): 430/586 kB | 153/211 kB | 46/106 kB
2026-01-22T08:51:40.6300830Z Progress (3): 430/586 kB | 153/211 kB | 47/106 kB
2026-01-22T08:51:40.6301080Z Progress (3): 430/586 kB | 153/211 kB | 49/106 kB
2026-01-22T08:51:40.6301290Z Progress (3): 430/586 kB | 153/211 kB | 50/106 kB
2026-01-22T08:51:40.6301670Z Progress (3): 430/586 kB | 153/211 kB | 52/106 kB
2026-01-22T08:51:40.6302170Z Progress (3): 447/586 kB | 153/211 kB | 52/106 kB
2026-01-22T08:51:40.6302560Z Progress (3): 447/586 kB | 153/211 kB | 53/106 kB
2026-01-22T08:51:40.6302900Z Progress (3): 447/586 kB | 153/211 kB | 54/106 kB
2026-01-22T08:51:40.6303590Z Progress (3): 447/586 kB | 153/211 kB | 56/106 kB
2026-01-22T08:51:40.6303990Z Progress (3): 447/586 kB | 153/211 kB | 60/106 kB
2026-01-22T08:51:40.6304320Z Progress (3): 463/586 kB | 153/211 kB | 60/106 kB
2026-01-22T08:51:40.6304640Z Progress (3): 463/586 kB | 153/211 kB | 64/106 kB
2026-01-22T08:51:40.6305040Z Progress (3): 463/586 kB | 153/211 kB | 68/106 kB
2026-01-22T08:51:40.6305400Z Progress (3): 463/586 kB | 153/211 kB | 73/106 kB
2026-01-22T08:51:40.6307170Z Progress (3): 479/586 kB | 153/211 kB | 73/106 kB
2026-01-22T08:51:40.6307580Z Progress (3): 479/586 kB | 153/211 kB | 77/106 kB
2026-01-22T08:51:40.6307900Z Progress (3): 479/586 kB | 153/211 kB | 81/106 kB
2026-01-22T08:51:40.6308240Z Progress (3): 479/586 kB | 153/211 kB | 85/106 kB
2026-01-22T08:51:40.6308550Z Progress (3): 479/586 kB | 153/211 kB | 89/106 kB
2026-01-22T08:51:40.6308880Z Progress (3): 496/586 kB | 153/211 kB | 89/106 kB
2026-01-22T08:51:40.6309280Z Progress (3): 496/586 kB | 153/211 kB | 94/106 kB
2026-01-22T08:51:40.6309610Z Progress (3): 496/586 kB | 157/211 kB | 94/106 kB
2026-01-22T08:51:40.6309930Z Progress (3): 496/586 kB | 157/211 kB | 98/106 kB
2026-01-22T08:51:40.6310310Z Progress (3): 496/586 kB | 161/211 kB | 98/106 kB
2026-01-22T08:51:40.6310580Z Progress (3): 496/586 kB | 161/211 kB | 102/106 kB
2026-01-22T08:51:40.6310880Z Progress (3): 496/586 kB | 166/211 kB | 102/106 kB
2026-01-22T08:51:40.6311220Z Progress (3): 496/586 kB | 166/211 kB | 106 kB    
2026-01-22T08:51:40.6311640Z Progress (3): 496/586 kB | 170/211 kB | 106 kB
2026-01-22T08:51:40.6312010Z Progress (3): 512/586 kB | 170/211 kB | 106 kB
2026-01-22T08:51:40.6312330Z Progress (3): 529/586 kB | 170/211 kB | 106 kB
2026-01-22T08:51:40.6312620Z Progress (3): 545/586 kB | 170/211 kB | 106 kB
2026-01-22T08:51:40.6312970Z Progress (3): 561/586 kB | 170/211 kB | 106 kB
2026-01-22T08:51:40.6313560Z                                               
2026-01-22T08:51:40.6314480Z Downloaded from central: https://repo.maven.apache.org/maven2/org/junit/platform/junit-platform-commons/1.10.1/junit-platform-commons-1.10.1.jar (106 kB at 759 kB/s)
2026-01-22T08:51:40.6316110Z Downloading from central: https://repo.maven.apache.org/maven2/org/junit/jupiter/junit-jupiter-engine/5.10.1/junit-jupiter-engine-5.10.1.jar
2026-01-22T08:51:40.6316870Z Progress (2): 578/586 kB | 170/211 kB
2026-01-22T08:51:40.6317490Z Progress (2): 586 kB | 170/211 kB    
2026-01-22T08:51:40.6317950Z Progress (3): 586 kB | 170/211 kB | 0.9/14 kB
2026-01-22T08:51:40.6320110Z Progress (3): 586 kB | 170/211 kB | 2.3/14 kB
2026-01-22T08:51:40.6320430Z Progress (3): 586 kB | 170/211 kB | 3.6/14 kB
2026-01-22T08:51:40.6320780Z Progress (3): 586 kB | 170/211 kB | 5.0/14 kB
2026-01-22T08:51:40.6321150Z Progress (3): 586 kB | 170/211 kB | 6.4/14 kB
2026-01-22T08:51:40.6321410Z Progress (3): 586 kB | 170/211 kB | 7.7/14 kB
2026-01-22T08:51:40.6321720Z Progress (3): 586 kB | 170/211 kB | 9.1/14 kB
2026-01-22T08:51:40.6322090Z Progress (3): 586 kB | 170/211 kB | 10/14 kB 
2026-01-22T08:51:40.6324010Z Progress (3): 586 kB | 170/211 kB | 12/14 kB
2026-01-22T08:51:40.6324620Z Progress (3): 586 kB | 170/211 kB | 13/14 kB
2026-01-22T08:51:40.6324920Z Progress (3): 586 kB | 170/211 kB | 14 kB   
2026-01-22T08:51:40.6325710Z Progress (3): 586 kB | 174/211 kB | 14 kB
2026-01-22T08:51:40.6326100Z Progress (3): 586 kB | 178/211 kB | 14 kB
2026-01-22T08:51:40.6326390Z                                          
2026-01-22T08:51:40.6327050Z Downloaded from central: https://repo.maven.apache.org/maven2/org/junit/jupiter/junit-jupiter-params/5.10.1/junit-jupiter-params-5.10.1.jar (586 kB at 4.0 MB/s)
2026-01-22T08:51:40.6328020Z Downloading from central: https://repo.maven.apache.org/maven2/org/junit/platform/junit-platform-engine/1.10.1/junit-platform-engine-1.10.1.jar
2026-01-22T08:51:40.6328660Z Progress (2): 183/211 kB | 14 kB
2026-01-22T08:51:40.6329200Z Progress (2): 187/211 kB | 14 kB
2026-01-22T08:51:40.6329430Z Progress (2): 191/211 kB | 14 kB
2026-01-22T08:51:40.6329660Z Progress (2): 195/211 kB | 14 kB
2026-01-22T08:51:40.6329900Z Progress (2): 199/211 kB | 14 kB
2026-01-22T08:51:40.6330120Z Progress (2): 204/211 kB | 14 kB
2026-01-22T08:51:40.6330350Z Progress (2): 208/211 kB | 14 kB
2026-01-22T08:51:40.6330570Z Progress (2): 211 kB | 14 kB    
2026-01-22T08:51:40.6330800Z                             
2026-01-22T08:51:40.6331390Z Downloaded from central: https://repo.maven.apache.org/maven2/org/junit/jupiter/junit-jupiter-api/5.10.1/junit-jupiter-api-5.10.1.jar (211 kB at 1.3 MB/s)
2026-01-22T08:51:40.6332230Z Downloaded from central: https://repo.maven.apache.org/maven2/org/opentest4j/opentest4j/1.3.0/opentest4j-1.3.0.jar (14 kB at 91 kB/s)
2026-01-22T08:51:40.6332740Z Progress (1): 0.9/6.4 kB
2026-01-22T08:51:40.6332960Z Progress (1): 2.3/6.4 kB
2026-01-22T08:51:40.6333170Z Progress (1): 3.6/6.4 kB
2026-01-22T08:51:40.6333380Z Progress (1): 5.0/6.4 kB
2026-01-22T08:51:40.6333580Z Progress (1): 6.4 kB    
2026-01-22T08:51:40.6333780Z                     
2026-01-22T08:51:40.6334350Z Downloaded from central: https://repo.maven.apache.org/maven2/org/junit/jupiter/junit-jupiter/5.10.1/junit-jupiter-5.10.1.jar (6.4 kB at 38 kB/s)
2026-01-22T08:51:40.6334910Z Progress (1): 3.8/245 kB
2026-01-22T08:51:40.6335150Z Progress (1): 8.0/245 kB
2026-01-22T08:51:40.6335360Z Progress (1): 12/245 kB 
2026-01-22T08:51:40.6335560Z Progress (1): 12/245 kB
2026-01-22T08:51:40.6335760Z Progress (1): 17/245 kB
2026-01-22T08:51:40.6335970Z Progress (1): 21/245 kB
2026-01-22T08:51:40.6336170Z Progress (1): 25/245 kB
2026-01-22T08:51:40.6336380Z Progress (1): 29/245 kB
2026-01-22T08:51:40.6336660Z Progress (1): 33/245 kB
2026-01-22T08:51:40.6336970Z Progress (1): 38/245 kB
2026-01-22T08:51:40.6337200Z Progress (1): 42/245 kB
2026-01-22T08:51:40.6337400Z Progress (1): 46/245 kB
2026-01-22T08:51:40.6337600Z Progress (1): 50/245 kB
2026-01-22T08:51:40.6337950Z Progress (1): 55/245 kB
2026-01-22T08:51:40.6338140Z Progress (1): 59/245 kB
2026-01-22T08:51:40.6338370Z Progress (1): 63/245 kB
2026-01-22T08:51:40.6338590Z Progress (1): 67/245 kB
2026-01-22T08:51:40.6338980Z Progress (1): 71/245 kB
2026-01-22T08:51:40.6339160Z Progress (1): 76/245 kB
2026-01-22T08:51:40.6339430Z Progress (1): 80/245 kB
2026-01-22T08:51:40.6339610Z Progress (1): 84/245 kB
2026-01-22T08:51:40.6339810Z Progress (1): 88/245 kB
2026-01-22T08:51:40.6340040Z Progress (1): 93/245 kB
2026-01-22T08:51:40.6340220Z Progress (1): 97/245 kB
2026-01-22T08:51:40.6340400Z Progress (1): 101/245 kB
2026-01-22T08:51:40.6340590Z Progress (1): 105/245 kB
2026-01-22T08:51:40.6340780Z Progress (1): 110/245 kB
2026-01-22T08:51:40.6340960Z Progress (1): 114/245 kB
2026-01-22T08:51:40.6341160Z Progress (2): 114/245 kB | 0.9/205 kB
2026-01-22T08:51:40.6341390Z Progress (2): 114/245 kB | 2.3/205 kB
2026-01-22T08:51:40.6341640Z Progress (2): 114/245 kB | 3.6/205 kB
2026-01-22T08:51:40.6341920Z Progress (2): 114/245 kB | 5.0/205 kB
2026-01-22T08:51:40.6342190Z Progress (2): 114/245 kB | 6.4/205 kB
2026-01-22T08:51:40.6342670Z Progress (2): 114/245 kB | 7.7/205 kB
2026-01-22T08:51:40.6342920Z Progress (2): 114/245 kB | 8.2/205 kB
2026-01-22T08:51:40.6343160Z Progress (2): 114/245 kB | 9.6/205 kB
2026-01-22T08:51:40.6343390Z Progress (2): 130/245 kB | 9.6/205 kB
2026-01-22T08:51:40.6344000Z Progress (2): 130/245 kB | 11/205 kB 
2026-01-22T08:51:40.6348710Z Progress (2): 130/245 kB | 12/205 kB
2026-01-22T08:51:40.6349100Z Progress (2): 130/245 kB | 14/205 kB
2026-01-22T08:51:40.6349320Z Progress (2): 130/245 kB | 15/205 kB
2026-01-22T08:51:40.6349540Z Progress (2): 130/245 kB | 16/205 kB
2026-01-22T08:51:40.6349750Z Progress (2): 130/245 kB | 18/205 kB
2026-01-22T08:51:40.6349970Z Progress (2): 130/245 kB | 19/205 kB
2026-01-22T08:51:40.6350190Z Progress (2): 130/245 kB | 21/205 kB
2026-01-22T08:51:40.6350510Z Progress (2): 130/245 kB | 22/205 kB
2026-01-22T08:51:40.6350800Z Progress (2): 130/245 kB | 23/205 kB
2026-01-22T08:51:40.6351300Z Progress (2): 130/245 kB | 25/205 kB
2026-01-22T08:51:40.6351650Z Progress (2): 130/245 kB | 26/205 kB
2026-01-22T08:51:40.6352070Z Progress (2): 130/245 kB | 27/205 kB
2026-01-22T08:51:40.6353040Z Progress (2): 130/245 kB | 29/205 kB
2026-01-22T08:51:40.6353690Z Progress (2): 130/245 kB | 30/205 kB
2026-01-22T08:51:40.6354030Z Progress (2): 143/245 kB | 30/205 kB
2026-01-22T08:51:40.6354330Z Progress (2): 143/245 kB | 31/205 kB
2026-01-22T08:51:40.6354630Z Progress (2): 143/245 kB | 33/205 kB
2026-01-22T08:51:40.6354970Z Progress (2): 143/245 kB | 34/205 kB
2026-01-22T08:51:40.6355250Z Progress (2): 143/245 kB | 36/205 kB
2026-01-22T08:51:40.6355570Z Progress (2): 143/245 kB | 37/205 kB
2026-01-22T08:51:40.6355860Z Progress (2): 143/245 kB | 38/205 kB
2026-01-22T08:51:40.6356140Z Progress (2): 160/245 kB | 38/205 kB
2026-01-22T08:51:40.6356460Z Progress (2): 160/245 kB | 40/205 kB
2026-01-22T08:51:40.6356700Z Progress (2): 160/245 kB | 44/205 kB
2026-01-22T08:51:40.6356920Z Progress (2): 160/245 kB | 48/205 kB
2026-01-22T08:51:40.6357140Z Progress (2): 160/245 kB | 52/205 kB
2026-01-22T08:51:40.6357340Z Progress (2): 160/245 kB | 57/205 kB
2026-01-22T08:51:40.6357560Z Progress (2): 160/245 kB | 61/205 kB
2026-01-22T08:51:40.6357780Z Progress (2): 160/245 kB | 65/205 kB
2026-01-22T08:51:40.6357990Z Progress (2): 160/245 kB | 69/205 kB
2026-01-22T08:51:40.6358210Z Progress (2): 176/245 kB | 69/205 kB
2026-01-22T08:51:40.6358420Z Progress (2): 176/245 kB | 74/205 kB
2026-01-22T08:51:40.6358640Z Progress (2): 176/245 kB | 78/205 kB
2026-01-22T08:51:40.6358850Z Progress (2): 176/245 kB | 82/205 kB
2026-01-22T08:51:40.6359080Z Progress (2): 176/245 kB | 86/205 kB
2026-01-22T08:51:40.6359340Z Progress (2): 176/245 kB | 90/205 kB
2026-01-22T08:51:40.6359560Z Progress (2): 176/245 kB | 95/205 kB
2026-01-22T08:51:40.6359780Z Progress (2): 176/245 kB | 99/205 kB
2026-01-22T08:51:40.6360010Z Progress (2): 176/245 kB | 103/205 kB
2026-01-22T08:51:40.6360250Z Progress (2): 176/245 kB | 107/205 kB
2026-01-22T08:51:40.6360510Z Progress (2): 176/245 kB | 112/205 kB
2026-01-22T08:51:40.6360880Z Progress (2): 176/245 kB | 116/205 kB
2026-01-22T08:51:40.6361190Z Progress (2): 176/245 kB | 120/205 kB
2026-01-22T08:51:40.6361770Z Progress (2): 176/245 kB | 124/205 kB
2026-01-22T08:51:40.6362060Z Progress (2): 176/245 kB | 128/205 kB
2026-01-22T08:51:40.6362340Z Progress (2): 193/245 kB | 128/205 kB
2026-01-22T08:51:40.6362650Z Progress (2): 209/245 kB | 128/205 kB
2026-01-22T08:51:40.6363050Z Progress (2): 225/245 kB | 128/205 kB
2026-01-22T08:51:40.6363270Z Progress (2): 242/245 kB | 128/205 kB
2026-01-22T08:51:40.6363540Z Progress (2): 245 kB | 128/205 kB    
2026-01-22T08:51:40.6363760Z                                  
2026-01-22T08:51:40.6364380Z Downloaded from central: https://repo.maven.apache.org/maven2/org/junit/jupiter/junit-jupiter-engine/5.10.1/junit-jupiter-engine-5.10.1.jar (245 kB at 952 kB/s)
2026-01-22T08:51:40.6365010Z Progress (1): 133/205 kB
2026-01-22T08:51:40.6365220Z Progress (1): 137/205 kB
2026-01-22T08:51:40.6365430Z Progress (1): 139/205 kB
2026-01-22T08:51:40.6365680Z Progress (1): 143/205 kB
2026-01-22T08:51:40.6365880Z Progress (1): 148/205 kB
2026-01-22T08:51:40.6366130Z Progress (1): 152/205 kB
2026-01-22T08:51:40.6366360Z Progress (1): 156/205 kB
2026-01-22T08:51:40.6366560Z Progress (1): 160/205 kB
2026-01-22T08:51:40.6366750Z Progress (1): 165/205 kB
2026-01-22T08:51:40.6367420Z Progress (1): 169/205 kB
2026-01-22T08:51:40.6367840Z Progress (1): 173/205 kB
2026-01-22T08:51:40.6368130Z Progress (1): 177/205 kB
2026-01-22T08:51:40.6375420Z Progress (1): 182/205 kB
2026-01-22T08:51:40.6375670Z Progress (1): 186/205 kB
2026-01-22T08:51:40.6375880Z Progress (1): 190/205 kB
2026-01-22T08:51:40.6376070Z Progress (1): 194/205 kB
2026-01-22T08:51:40.6376270Z Progress (1): 198/205 kB
2026-01-22T08:51:40.6376520Z Progress (1): 203/205 kB
2026-01-22T08:51:40.6376700Z Progress (1): 205 kB    
2026-01-22T08:51:40.6376900Z                     
2026-01-22T08:51:40.6377480Z Downloaded from central: https://repo.maven.apache.org/maven2/org/junit/platform/junit-platform-engine/1.10.1/junit-platform-engine-1.10.1.jar (205 kB at 745 kB/s)
2026-01-22T08:51:40.6378250Z [INFO] 
2026-01-22T08:51:40.6378520Z [INFO] --- resources:3.3.1:resources (default-resources) @ tidesdb-java ---
2026-01-22T08:51:40.6379100Z [INFO] skip non existing resourceDirectory /Users/runner/work/tidesdb-java/tidesdb-java/tidesdb-java/src/main/resources
2026-01-22T08:51:40.6379540Z [INFO] 
2026-01-22T08:51:40.6379790Z [INFO] --- compiler:3.11.0:compile (default-compile) @ tidesdb-java ---
2026-01-22T08:51:40.6380160Z [INFO] Nothing to compile - all classes are up to date
2026-01-22T08:51:40.6380420Z [INFO] 
2026-01-22T08:51:40.6380700Z [INFO] --- resources:3.3.1:testResources (default-testResources) @ tidesdb-java ---
2026-01-22T08:51:40.6381290Z [INFO] skip non existing resourceDirectory /Users/runner/work/tidesdb-java/tidesdb-java/tidesdb-java/src/test/resources
2026-01-22T08:51:40.6381920Z [INFO] 
2026-01-22T08:51:40.6382230Z [INFO] --- compiler:3.11.0:testCompile (default-testCompile) @ tidesdb-java ---
2026-01-22T08:51:40.6382620Z [INFO] Changes detected - recompiling the module! :source
2026-01-22T08:51:40.6383000Z [INFO] Compiling 1 source file with javac [debug target 11] to target/test-classes
2026-01-22T08:51:40.6383340Z [INFO] 
2026-01-22T08:51:40.6383670Z [INFO] --- surefire:3.2.2:test (default-test) @ tidesdb-java ---
2026-01-22T08:51:40.6384270Z Downloading from central: https://repo.maven.apache.org/maven2/org/apache/maven/surefire/maven-surefire-common/3.2.2/maven-surefire-common-3.2.2.pom
2026-01-22T08:51:40.6384930Z Progress (1): 822 B
2026-01-22T08:51:40.6385130Z Progress (1): 3.3 kB
2026-01-22T08:51:40.6385310Z Progress (1): 6.1 kB
2026-01-22T08:51:40.6385490Z Progress (1): 6.1 kB
2026-01-22T08:51:40.6385670Z                     
2026-01-22T08:51:40.6386240Z Downloaded from central: https://repo.maven.apache.org/maven2/org/apache/maven/surefire/maven-surefire-common/3.2.2/maven-surefire-common-3.2.2.pom (6.1 kB at 209 kB/s)
2026-01-22T08:51:40.6387100Z Downloading from central: https://repo.maven.apache.org/maven2/org/apache/maven/surefire/surefire-api/3.2.2/surefire-api-3.2.2.pom
2026-01-22T08:51:40.6493290Z Progress (1): 839 B
2026-01-22T08:51:40.6599230Z Progress (1): 2.7 kB
2026-01-22T08:51:40.6649260Z Progress (1): 3.4 kB
2026-01-22T08:51:40.6649550Z                     
2026-01-22T08:51:40.6650140Z Downloaded from central: https://repo.maven.apache.org/maven2/org/apache/maven/surefire/surefire-api/3.2.2/surefire-api-3.2.2.pom (3.4 kB at 107 kB/s)
2026-01-22T08:51:40.6651020Z Downloading from central: https://repo.maven.apache.org/maven2/org/apache/maven/surefire/surefire-logger-api/3.2.2/surefire-logger-api-3.2.2.pom
2026-01-22T08:51:40.6912560Z Progress (1): 827 B
2026-01-22T08:51:40.6933880Z Progress (1): 2.2 kB
2026-01-22T08:51:40.6934680Z Progress (1): 3.2 kB
2026-01-22T08:51:40.6935160Z                     
2026-01-22T08:51:40.6936650Z Downloaded from central: https://repo.maven.apache.org/maven2/org/apache/maven/surefire/surefire-logger-api/3.2.2/surefire-logger-api-3.2.2.pom (3.2 kB at 102 kB/s)
2026-01-22T08:51:40.7118660Z Downloading from central: https://repo.maven.apache.org/maven2/org/apache/maven/surefire/surefire-shared-utils/3.2.2/surefire-shared-utils-3.2.2.pom
2026-01-22T08:51:40.7389780Z Progress (1): 1.1 kB
2026-01-22T08:51:40.7489310Z Progress (1): 4.1 kB
2026-01-22T08:51:40.7525750Z                     
2026-01-22T08:51:40.7527470Z Downloaded from central: https://repo.maven.apache.org/maven2/org/apache/maven/surefire/surefire-shared-utils/3.2.2/surefire-shared-utils-3.2.2.pom (4.1 kB at 135 kB/s)
2026-01-22T08:51:40.7530270Z Downloading from central: https://repo.maven.apache.org/maven2/org/apache/maven/surefire/surefire-extensions-api/3.2.2/surefire-extensions-api-3.2.2.pom
2026-01-22T08:51:40.7726860Z Progress (1): 844 B
2026-01-22T08:51:40.7770320Z Progress (1): 2.7 kB
2026-01-22T08:51:40.7770730Z Progress (1): 3.2 kB
2026-01-22T08:51:40.7770910Z                     
2026-01-22T08:51:40.7771530Z Downloaded from central: https://repo.maven.apache.org/maven2/org/apache/maven/surefire/surefire-extensions-api/3.2.2/surefire-extensions-api-3.2.2.pom (3.2 kB at 124 kB/s)
2026-01-22T08:51:40.7772640Z Downloading from central: https://repo.maven.apache.org/maven2/org/apache/maven/surefire/surefire-booter/3.2.2/surefire-booter-3.2.2.pom
2026-01-22T08:51:40.8023320Z Progress (1): 827 B
2026-01-22T08:51:40.8054790Z Progress (1): 2.9 kB
2026-01-22T08:51:40.8055240Z Progress (1): 4.3 kB
2026-01-22T08:51:40.8055420Z                     
2026-01-22T08:51:40.8055960Z Downloaded from central: https://repo.maven.apache.org/maven2/org/apache/maven/surefire/surefire-booter/3.2.2/surefire-booter-3.2.2.pom (4.3 kB at 160 kB/s)
2026-01-22T08:51:40.8089810Z Downloading from central: https://repo.maven.apache.org/maven2/org/apache/maven/surefire/surefire-extensions-spi/3.2.2/surefire-extensions-spi-3.2.2.pom
2026-01-22T08:51:40.8359810Z Progress (1): 873 B
2026-01-22T08:51:40.8364460Z Progress (1): 1.7 kB
2026-01-22T08:51:40.8365120Z                     
2026-01-22T08:51:40.8369770Z Downloaded from central: https://repo.maven.apache.org/maven2/org/apache/maven/surefire/surefire-extensions-spi/3.2.2/surefire-extensions-spi-3.2.2.pom (1.7 kB at 61 kB/s)
2026-01-22T08:51:40.8438020Z Downloading from central: https://repo.maven.apache.org/maven2/org/eclipse/aether/aether-util/1.0.0.v20140518/aether-util-1.0.0.v20140518.pom
2026-01-22T08:51:40.8694120Z Progress (1): 932 B
2026-01-22T08:51:40.8699610Z Progress (1): 2.2 kB
2026-01-22T08:51:40.8700130Z                     
2026-01-22T08:51:40.8701590Z Downloaded from central: https://repo.maven.apache.org/maven2/org/eclipse/aether/aether-util/1.0.0.v20140518/aether-util-1.0.0.v20140518.pom (2.2 kB at 81 kB/s)
2026-01-22T08:51:40.8725360Z Downloading from central: https://repo.maven.apache.org/maven2/org/eclipse/aether/aether/1.0.0.v20140518/aether-1.0.0.v20140518.pom
2026-01-22T08:51:40.8984420Z Progress (1): 799 B
2026-01-22T08:51:40.9025600Z Progress (1): 3.2 kB
2026-01-22T08:51:40.9026880Z Progress (1): 5.1 kB
2026-01-22T08:51:40.9027540Z Progress (1): 9.0 kB
2026-01-22T08:51:40.9028120Z Progress (1): 12 kB 
2026-01-22T08:51:40.9028670Z Progress (1): 17 kB
2026-01-22T08:51:40.9029220Z Progress (1): 20 kB
2026-01-22T08:51:40.9030660Z Progress (1): 23 kB
2026-01-22T08:51:40.9031020Z Progress (1): 28 kB
2026-01-22T08:51:40.9031390Z Progress (1): 30 kB
2026-01-22T08:51:40.9031740Z                    
2026-01-22T08:51:40.9032930Z Downloaded from central: https://repo.maven.apache.org/maven2/org/eclipse/aether/aether/1.0.0.v20140518/aether-1.0.0.v20140518.pom (30 kB at 1.1 MB/s)
2026-01-22T08:51:40.9034940Z Downloading from central: https://repo.maven.apache.org/maven2/org/eclipse/aether/aether-api/1.0.0.v20140518/aether-api-1.0.0.v20140518.pom
2026-01-22T08:51:40.9317080Z Progress (1): 938 B
2026-01-22T08:51:40.9323950Z Progress (1): 1.9 kB
2026-01-22T08:51:40.9325020Z                     
2026-01-22T08:51:40.9328030Z Downloaded from central: https://repo.maven.apache.org/maven2/org/eclipse/aether/aether-api/1.0.0.v20140518/aether-api-1.0.0.v20140518.pom (1.9 kB at 63 kB/s)
2026-01-22T08:51:40.9361030Z Downloading from central: https://repo.maven.apache.org/maven2/org/apache/maven/shared/maven-common-artifact-filters/3.1.1/maven-common-artifact-filters-3.1.1.pom
2026-01-22T08:51:40.9713900Z Progress (1): 798 B
2026-01-22T08:51:40.9730370Z Progress (1): 2.3 kB
2026-01-22T08:51:40.9731090Z Progress (1): 5.7 kB
2026-01-22T08:51:40.9731500Z Progress (1): 5.8 kB
2026-01-22T08:51:40.9731780Z                     
2026-01-22T08:51:40.9732490Z Downloaded from central: https://repo.maven.apache.org/maven2/org/apache/maven/shared/maven-common-artifact-filters/3.1.1/maven-common-artifact-filters-3.1.1.pom (5.8 kB at 161 kB/s)
2026-01-22T08:51:40.9806490Z Downloading from central: https://repo.maven.apache.org/maven2/org/apache/maven/maven-artifact/3.2.5/maven-artifact-3.2.5.pom
2026-01-22T08:51:41.0208250Z Progress (1): 843 B
2026-01-22T08:51:41.0208880Z Progress (1): 2.3 kB
2026-01-22T08:51:41.0209260Z                     
2026-01-22T08:51:41.0210460Z Downloaded from central: https://repo.maven.apache.org/maven2/org/apache/maven/maven-artifact/3.2.5/maven-artifact-3.2.5.pom (2.3 kB at 62 kB/s)
2026-01-22T08:51:41.0284480Z Downloading from central: https://repo.maven.apache.org/maven2/org/apache/maven/maven/3.2.5/maven-3.2.5.pom
2026-01-22T08:51:41.0526160Z Progress (1): 754 B
2026-01-22T08:51:41.0527330Z Progress (1): 1.9 kB
2026-01-22T08:51:41.0528360Z Progress (1): 3.4 kB
2026-01-22T08:51:41.0535800Z Progress (1): 5.3 kB
2026-01-22T08:51:41.0536330Z Progress (1): 11 kB 
2026-01-22T08:51:41.0536560Z Progress (1): 15 kB
2026-01-22T08:51:41.0536790Z Progress (1): 18 kB
2026-01-22T08:51:41.0537000Z Progress (1): 21 kB
2026-01-22T08:51:41.0537280Z Progress (1): 22 kB
2026-01-22T08:51:41.0537540Z                    
2026-01-22T08:51:41.0538070Z Downloaded from central: https://repo.maven.apache.org/maven2/org/apache/maven/maven/3.2.5/maven-3.2.5.pom (22 kB at 860 kB/s)
2026-01-22T08:51:41.0564090Z Downloading from central: https://repo.maven.apache.org/maven2/org/apache/maven/maven-parent/25/maven-parent-25.pom
2026-01-22T08:51:41.0805330Z Progress (1): 729 B
2026-01-22T08:51:41.0805860Z Progress (1): 2.0 kB
2026-01-22T08:51:41.0807050Z Progress (1): 6.0 kB
2026-01-22T08:51:41.0807830Z Progress (1): 10 kB 
2026-01-22T08:51:41.0809180Z Progress (1): 15 kB
2026-01-22T08:51:41.0809780Z Progress (1): 18 kB
2026-01-22T08:51:41.0810410Z Progress (1): 23 kB
2026-01-22T08:51:41.0811720Z Progress (1): 24 kB
2026-01-22T08:51:41.0812270Z Progress (1): 27 kB
2026-01-22T08:51:41.0820950Z Progress (1): 30 kB
2026-01-22T08:51:41.0824020Z Progress (1): 32 kB
2026-01-22T08:51:41.0824670Z Progress (1): 37 kB
2026-01-22T08:51:41.0826850Z Progress (1): 37 kB
2026-01-22T08:51:41.0827920Z                    
2026-01-22T08:51:41.0829310Z Downloaded from central: https://repo.maven.apache.org/maven2/org/apache/maven/maven-parent/25/maven-parent-25.pom (37 kB at 1.4 MB/s)
2026-01-22T08:51:41.0891290Z Downloading from central: https://repo.maven.apache.org/maven2/org/apache/apache/15/apache-15.pom
2026-01-22T08:51:41.1152500Z Progress (1): 749 B
2026-01-22T08:51:41.1153990Z Progress (1): 2.1 kB
2026-01-22T08:51:41.1154890Z Progress (1): 3.9 kB
2026-01-22T08:51:41.1156310Z Progress (1): 7.8 kB
2026-01-22T08:51:41.1156910Z Progress (1): 11 kB 
2026-01-22T08:51:41.1157460Z Progress (1): 14 kB
2026-01-22T08:51:41.1158130Z Progress (1): 15 kB
2026-01-22T08:51:41.1158790Z                    
2026-01-22T08:51:41.1160140Z Downloaded from central: https://repo.maven.apache.org/maven2/org/apache/apache/15/apache-15.pom (15 kB at 544 kB/s)
2026-01-22T08:51:41.1226500Z Downloading from central: https://repo.maven.apache.org/maven2/org/codehaus/plexus/plexus-utils/4.0.0/plexus-utils-4.0.0.pom
2026-01-22T08:51:41.1522990Z Progress (1): 724 B
2026-01-22T08:51:41.1529750Z Progress (1): 2.3 kB
2026-01-22T08:51:41.1530120Z Progress (1): 4.5 kB
2026-01-22T08:51:41.1530370Z Progress (1): 8.7 kB
2026-01-22T08:51:41.1531330Z                     
2026-01-22T08:51:41.1532820Z Downloaded from central: https://repo.maven.apache.org/maven2/org/codehaus/plexus/plexus-utils/4.0.0/plexus-utils-4.0.0.pom (8.7 kB at 279 kB/s)
2026-01-22T08:51:41.1553080Z Downloading from central: https://repo.maven.apache.org/maven2/org/codehaus/plexus/plexus/13/plexus-13.pom
2026-01-22T08:51:41.1799500Z Progress (1): 692 B
2026-01-22T08:51:41.1800940Z Progress (1): 2.5 kB
2026-01-22T08:51:41.1802920Z Progress (1): 6.4 kB
2026-01-22T08:51:41.1804320Z Progress (1): 8.8 kB
2026-01-22T08:51:41.1807040Z Progress (1): 11 kB 
2026-01-22T08:51:41.1821660Z Progress (1): 14 kB
2026-01-22T08:51:41.1822350Z Progress (1): 18 kB
2026-01-22T08:51:41.1833010Z Progress (1): 21 kB
2026-01-22T08:51:41.1845270Z Progress (1): 25 kB
2026-01-22T08:51:41.1846530Z Progress (1): 27 kB
2026-01-22T08:51:41.1847150Z                    
2026-01-22T08:51:41.1848390Z Downloaded from central: https://repo.maven.apache.org/maven2/org/codehaus/plexus/plexus/13/plexus-13.pom (27 kB at 1.1 MB/s)
2026-01-22T08:51:41.1850280Z Downloading from central: https://repo.maven.apache.org/maven2/org/apache/maven/maven-core/3.2.5/maven-core-3.2.5.pom
2026-01-22T08:51:41.2149460Z Progress (1): 790 B
2026-01-22T08:51:41.2149860Z Progress (1): 2.1 kB
2026-01-22T08:51:41.2150140Z Progress (1): 5.3 kB
2026-01-22T08:51:41.2150480Z Progress (1): 8.1 kB
2026-01-22T08:51:41.2150770Z                     
2026-01-22T08:51:41.2151360Z Downloaded from central: https://repo.maven.apache.org/maven2/org/apache/maven/maven-core/3.2.5/maven-core-3.2.5.pom (8.1 kB at 288 kB/s)
2026-01-22T08:51:41.2153640Z Downloading from central: https://repo.maven.apache.org/maven2/org/apache/maven/maven-settings/3.2.5/maven-settings-3.2.5.pom
2026-01-22T08:51:41.2401660Z Progress (1): 823 B
2026-01-22T08:51:41.2416100Z Progress (1): 2.2 kB
2026-01-22T08:51:41.2416430Z                     
2026-01-22T08:51:41.2417010Z Downloaded from central: https://repo.maven.apache.org/maven2/org/apache/maven/maven-settings/3.2.5/maven-settings-3.2.5.pom (2.2 kB at 84 kB/s)
2026-01-22T08:51:41.2505880Z Downloading from central: https://repo.maven.apache.org/maven2/org/apache/maven/maven-settings-builder/3.2.5/maven-settings-builder-3.2.5.pom
2026-01-22T08:51:41.2771770Z Progress (1): 823 B
2026-01-22T08:51:41.2873890Z Progress (1): 2.6 kB
2026-01-22T08:51:41.2889490Z                     
2026-01-22T08:51:41.2890410Z Downloaded from central: https://repo.maven.apache.org/maven2/org/apache/maven/maven-settings-builder/3.2.5/maven-settings-builder-3.2.5.pom (2.6 kB at 79 kB/s)
2026-01-22T08:51:41.2891400Z Downloading from central: https://repo.maven.apache.org/maven2/org/codehaus/plexus/plexus-interpolation/1.21/plexus-interpolation-1.21.pom
2026-01-22T08:51:41.3138170Z Progress (1): 1.3 kB
2026-01-22T08:51:41.3138990Z Progress (1): 1.5 kB
2026-01-22T08:51:41.3139370Z                     
2026-01-22T08:51:41.3140740Z Downloaded from central: https://repo.maven.apache.org/maven2/org/codehaus/plexus/plexus-interpolation/1.21/plexus-interpolation-1.21.pom (1.5 kB at 53 kB/s)
2026-01-22T08:51:41.3163730Z Downloading from central: https://repo.maven.apache.org/maven2/org/codehaus/plexus/plexus-components/1.3.1/plexus-components-1.3.1.pom
2026-01-22T08:51:41.3427190Z Progress (1): 1.3 kB
2026-01-22T08:51:41.3429950Z Progress (1): 3.1 kB
2026-01-22T08:51:41.3430630Z                     
2026-01-22T08:51:41.3431230Z Downloaded from central: https://repo.maven.apache.org/maven2/org/codehaus/plexus/plexus-components/1.3.1/plexus-components-1.3.1.pom (3.1 kB at 113 kB/s)
2026-01-22T08:51:41.3472140Z Downloading from central: https://repo.maven.apache.org/maven2/org/codehaus/plexus/plexus/3.3.1/plexus-3.3.1.pom
2026-01-22T08:51:41.3717090Z Progress (1): 703 B
2026-01-22T08:51:41.3721010Z Progress (1): 2.5 kB
2026-01-22T08:51:41.3721280Z Progress (1): 6.0 kB
2026-01-22T08:51:41.3721470Z Progress (1): 8.6 kB
2026-01-22T08:51:41.3721650Z Progress (1): 11 kB 
2026-01-22T08:51:41.3721830Z Progress (1): 16 kB
2026-01-22T08:51:41.3722000Z Progress (1): 20 kB
2026-01-22T08:51:41.3724200Z Progress (1): 20 kB
2026-01-22T08:51:41.3724460Z                    
2026-01-22T08:51:41.3730760Z Downloaded from central: https://repo.maven.apache.org/maven2/org/codehaus/plexus/plexus/3.3.1/plexus-3.3.1.pom (20 kB at 852 kB/s)
2026-01-22T08:51:41.3754980Z Downloading from central: https://repo.maven.apache.org/maven2/org/sonatype/spice/spice-parent/17/spice-parent-17.pom
2026-01-22T08:51:41.3999880Z Progress (1): 1.2 kB
2026-01-22T08:51:41.4001510Z Progress (1): 3.4 kB
2026-01-22T08:51:41.4001960Z Progress (1): 6.7 kB
2026-01-22T08:51:41.4008460Z Progress (1): 6.8 kB
2026-01-22T08:51:41.4008640Z                     
2026-01-22T08:51:41.4009220Z Downloaded from central: https://repo.maven.apache.org/maven2/org/sonatype/spice/spice-parent/17/spice-parent-17.pom (6.8 kB at 260 kB/s)
2026-01-22T08:51:41.4030620Z Downloading from central: https://repo.maven.apache.org/maven2/org/sonatype/forge/forge-parent/10/forge-parent-10.pom
2026-01-22T08:51:41.4293450Z Progress (1): 730 B
2026-01-22T08:51:41.4294530Z Progress (1): 2.5 kB
2026-01-22T08:51:41.4295020Z Progress (1): 8.6 kB
2026-01-22T08:51:41.4296190Z Progress (1): 12 kB 
2026-01-22T08:51:41.4301270Z Progress (1): 14 kB
2026-01-22T08:51:41.4302010Z                    
2026-01-22T08:51:41.4303420Z Downloaded from central: https://repo.maven.apache.org/maven2/org/sonatype/forge/forge-parent/10/forge-parent-10.pom (14 kB at 484 kB/s)
2026-01-22T08:51:41.4345950Z Downloading from central: https://repo.maven.apache.org/maven2/org/sonatype/plexus/plexus-sec-dispatcher/1.3/plexus-sec-dispatcher-1.3.pom
2026-01-22T08:51:41.4606860Z Progress (1): 1.3 kB
2026-01-22T08:51:41.4615920Z Progress (1): 3.0 kB
2026-01-22T08:51:41.4616250Z                     
2026-01-22T08:51:41.4617000Z Downloaded from central: https://repo.maven.apache.org/maven2/org/sonatype/plexus/plexus-sec-dispatcher/1.3/plexus-sec-dispatcher-1.3.pom (3.0 kB at 114 kB/s)
2026-01-22T08:51:41.4638990Z Downloading from central: https://repo.maven.apache.org/maven2/org/sonatype/spice/spice-parent/12/spice-parent-12.pom
2026-01-22T08:51:41.4867610Z Progress (1): 1.2 kB
2026-01-22T08:51:41.4868460Z Progress (1): 4.2 kB
2026-01-22T08:51:41.4874460Z Progress (1): 6.8 kB
2026-01-22T08:51:41.4874980Z                     
2026-01-22T08:51:41.4876260Z Downloaded from central: https://repo.maven.apache.org/maven2/org/sonatype/spice/spice-parent/12/spice-parent-12.pom (6.8 kB at 283 kB/s)
2026-01-22T08:51:41.4892830Z Downloading from central: https://repo.maven.apache.org/maven2/org/sonatype/forge/forge-parent/4/forge-parent-4.pom
2026-01-22T08:51:41.5137420Z Progress (1): 1.4 kB
2026-01-22T08:51:41.5137740Z Progress (1): 5.7 kB
2026-01-22T08:51:41.5155380Z Progress (1): 8.4 kB
2026-01-22T08:51:41.5156350Z                     
2026-01-22T08:51:41.5159320Z Downloaded from central: https://repo.maven.apache.org/maven2/org/sonatype/forge/forge-parent/4/forge-parent-4.pom (8.4 kB at 323 kB/s)
2026-01-22T08:51:41.5184210Z Downloading from central: https://repo.maven.apache.org/maven2/org/sonatype/plexus/plexus-cipher/1.4/plexus-cipher-1.4.pom
2026-01-22T08:51:41.5433200Z Progress (1): 1.4 kB
2026-01-22T08:51:41.5456040Z Progress (1): 2.1 kB
2026-01-22T08:51:41.5462510Z                     
2026-01-22T08:51:41.5463960Z Downloaded from central: https://repo.maven.apache.org/maven2/org/sonatype/plexus/plexus-cipher/1.4/plexus-cipher-1.4.pom (2.1 kB at 83 kB/s)
2026-01-22T08:51:41.5467250Z Downloading from central: https://repo.maven.apache.org/maven2/org/apache/maven/maven-repository-metadata/3.2.5/maven-repository-metadata-3.2.5.pom
2026-01-22T08:51:41.5717550Z Progress (1): 822 B
2026-01-22T08:51:41.5718700Z Progress (1): 2.2 kB
2026-01-22T08:51:41.5732290Z                     
2026-01-22T08:51:41.5732960Z Downloaded from central: https://repo.maven.apache.org/maven2/org/apache/maven/maven-repository-metadata/3.2.5/maven-repository-metadata-3.2.5.pom (2.2 kB at 86 kB/s)
2026-01-22T08:51:41.5783160Z Downloading from central: https://repo.maven.apache.org/maven2/org/apache/maven/maven-plugin-api/3.2.5/maven-plugin-api-3.2.5.pom
2026-01-22T08:51:41.6042030Z Progress (1): 816 B
2026-01-22T08:51:41.6043110Z Progress (1): 2.5 kB
2026-01-22T08:51:41.6046020Z Progress (1): 3.0 kB
2026-01-22T08:51:41.6046730Z                     
2026-01-22T08:51:41.6048360Z Downloaded from central: https://repo.maven.apache.org/maven2/org/apache/maven/maven-plugin-api/3.2.5/maven-plugin-api-3.2.5.pom (3.0 kB at 112 kB/s)
2026-01-22T08:51:41.6084920Z Downloading from central: https://repo.maven.apache.org/maven2/org/eclipse/sisu/org.eclipse.sisu.plexus/0.9.0.M2/org.eclipse.sisu.plexus-0.9.0.M2.pom
2026-01-22T08:51:41.6356420Z Progress (1): 827 B
2026-01-22T08:51:41.6360430Z Progress (1): 3.5 kB
2026-01-22T08:51:41.6370850Z Progress (1): 8.7 kB
2026-01-22T08:51:41.6381550Z Progress (1): 15 kB 
2026-01-22T08:51:41.6382310Z Progress (1): 15 kB
2026-01-22T08:51:41.6383120Z                    
2026-01-22T08:51:41.6396310Z Downloaded from central: https://repo.maven.apache.org/maven2/org/eclipse/sisu/org.eclipse.sisu.plexus/0.9.0.M2/org.eclipse.sisu.plexus-0.9.0.M2.pom (15 kB at 534 kB/s)
2026-01-22T08:51:41.6399200Z Downloading from central: https://repo.maven.apache.org/maven2/org/eclipse/sisu/sisu-plexus/0.9.0.M2/sisu-plexus-0.9.0.M2.pom
2026-01-22T08:51:41.6639690Z Progress (1): 801 B
2026-01-22T08:51:41.6640440Z Progress (1): 2.8 kB
2026-01-22T08:51:41.6640810Z Progress (1): 4.9 kB
2026-01-22T08:51:41.6641120Z Progress (1): 8.5 kB
2026-01-22T08:51:41.6641530Z Progress (1): 12 kB 
2026-01-22T08:51:41.6645410Z Progress (1): 15 kB
2026-01-22T08:51:41.6646690Z                    
2026-01-22T08:51:41.6647380Z Downloaded from central: https://repo.maven.apache.org/maven2/org/eclipse/sisu/sisu-plexus/0.9.0.M2/sisu-plexus-0.9.0.M2.pom (15 kB at 558 kB/s)
2026-01-22T08:51:41.6685270Z Downloading from central: https://repo.maven.apache.org/maven2/javax/annotation/javax.annotation-api/1.2/javax.annotation-api-1.2.pom
2026-01-22T08:51:41.6943680Z Progress (1): 702 B
2026-01-22T08:51:41.6944460Z Progress (1): 2.0 kB
2026-01-22T08:51:41.6945300Z Progress (1): 3.4 kB
2026-01-22T08:51:41.6946070Z Progress (1): 5.5 kB
2026-01-22T08:51:41.6946850Z Progress (1): 8.7 kB
2026-01-22T08:51:41.6947420Z Progress (1): 12 kB 
2026-01-22T08:51:41.6948040Z Progress (1): 13 kB
2026-01-22T08:51:41.6948560Z                    
2026-01-22T08:51:41.6951470Z Downloaded from central: https://repo.maven.apache.org/maven2/javax/annotation/javax.annotation-api/1.2/javax.annotation-api-1.2.pom (13 kB at 497 kB/s)
2026-01-22T08:51:41.7000000Z Downloading from central: https://repo.maven.apache.org/maven2/net/java/jvnet-parent/3/jvnet-parent-3.pom
2026-01-22T08:51:41.7249320Z Progress (1): 838 B
2026-01-22T08:51:41.7250580Z Progress (1): 2.5 kB
2026-01-22T08:51:41.7253810Z Progress (1): 4.8 kB
2026-01-22T08:51:41.7254650Z                     
2026-01-22T08:51:41.7256390Z Downloaded from central: https://repo.maven.apache.org/maven2/net/java/jvnet-parent/3/jvnet-parent-3.pom (4.8 kB at 184 kB/s)
2026-01-22T08:51:41.7280840Z Downloading from central: https://repo.maven.apache.org/maven2/javax/enterprise/cdi-api/1.2/cdi-api-1.2.pom
2026-01-22T08:51:41.7548370Z Progress (1): 1.0 kB
2026-01-22T08:51:41.7549540Z Progress (1): 3.3 kB
2026-01-22T08:51:41.7550430Z Progress (1): 5.8 kB
2026-01-22T08:51:41.7564740Z Progress (1): 6.3 kB
2026-01-22T08:51:41.7565730Z                     
2026-01-22T08:51:41.7567950Z Downloaded from central: https://repo.maven.apache.org/maven2/javax/enterprise/cdi-api/1.2/cdi-api-1.2.pom (6.3 kB at 216 kB/s)
2026-01-22T08:51:41.7652320Z Downloading from central: https://repo.maven.apache.org/maven2/org/jboss/weld/weld-parent/26/weld-parent-26.pom
2026-01-22T08:51:41.7896310Z Progress (1): 1.0 kB
2026-01-22T08:51:41.7897490Z Progress (1): 2.8 kB
2026-01-22T08:51:41.7897890Z Progress (1): 6.3 kB
2026-01-22T08:51:41.7898880Z Progress (1): 11 kB 
2026-01-22T08:51:41.7900230Z Progress (1): 16 kB
2026-01-22T08:51:41.7901370Z Progress (1): 19 kB
2026-01-22T08:51:41.7902670Z Progress (1): 22 kB
2026-01-22T08:51:41.7903900Z Progress (1): 26 kB
2026-01-22T08:51:41.7905450Z Progress (1): 31 kB
2026-01-22T08:51:41.7917190Z Progress (1): 32 kB
2026-01-22T08:51:41.7917890Z                    
2026-01-22T08:51:41.7919420Z Downloaded from central: https://repo.maven.apache.org/maven2/org/jboss/weld/weld-parent/26/weld-parent-26.pom (32 kB at 1.0 MB/s)
2026-01-22T08:51:41.7957690Z Downloading from central: https://repo.maven.apache.org/maven2/org/eclipse/sisu/org.eclipse.sisu.inject/0.9.0.M2/org.eclipse.sisu.inject-0.9.0.M2.pom
2026-01-22T08:51:41.8212200Z Progress (1): 803 B
2026-01-22T08:51:41.8226950Z Progress (1): 4.0 kB
2026-01-22T08:51:41.8227250Z Progress (1): 10 kB 
2026-01-22T08:51:41.8227740Z Progress (1): 16 kB
2026-01-22T08:51:41.8232190Z Progress (1): 17 kB
2026-01-22T08:51:41.8232700Z                    
2026-01-22T08:51:41.8235080Z Downloaded from central: https://repo.maven.apache.org/maven2/org/eclipse/sisu/org.eclipse.sisu.inject/0.9.0.M2/org.eclipse.sisu.inject-0.9.0.M2.pom (17 kB at 619 kB/s)
2026-01-22T08:51:41.8259860Z Downloading from central: https://repo.maven.apache.org/maven2/org/eclipse/sisu/sisu-inject/0.9.0.M2/sisu-inject-0.9.0.M2.pom
2026-01-22T08:51:41.8518300Z Progress (1): 801 B
2026-01-22T08:51:41.8521910Z Progress (1): 2.8 kB
2026-01-22T08:51:41.8563190Z Progress (1): 4.8 kB
2026-01-22T08:51:41.8563550Z Progress (1): 8.5 kB
2026-01-22T08:51:41.8563840Z Progress (1): 12 kB 
2026-01-22T08:51:41.8564220Z Progress (1): 15 kB
2026-01-22T08:51:41.8564460Z                    
2026-01-22T08:51:41.8565040Z Downloaded from central: https://repo.maven.apache.org/maven2/org/eclipse/sisu/sisu-inject/0.9.0.M2/sisu-inject-0.9.0.M2.pom (15 kB at 548 kB/s)
2026-01-22T08:51:41.8566020Z Downloading from central: https://repo.maven.apache.org/maven2/org/codehaus/plexus/plexus-component-annotations/2.1.0/plexus-component-annotations-2.1.0.pom
2026-01-22T08:51:41.8812600Z Progress (1): 750 B
2026-01-22T08:51:41.8838440Z                    
2026-01-22T08:51:41.8839180Z Downloaded from central: https://repo.maven.apache.org/maven2/org/codehaus/plexus/plexus-component-annotations/2.1.0/plexus-component-annotations-2.1.0.pom (750 B at 30 kB/s)
2026-01-22T08:51:41.8840320Z Downloading from central: https://repo.maven.apache.org/maven2/org/codehaus/plexus/plexus-containers/2.1.0/plexus-containers-2.1.0.pom
2026-01-22T08:51:41.9099070Z Progress (1): 1.3 kB
2026-01-22T08:51:41.9099880Z Progress (1): 4.7 kB
2026-01-22T08:51:41.9105410Z Progress (1): 4.8 kB
2026-01-22T08:51:41.9106140Z                     
2026-01-22T08:51:41.9107490Z Downloaded from central: https://repo.maven.apache.org/maven2/org/codehaus/plexus/plexus-containers/2.1.0/plexus-containers-2.1.0.pom (4.8 kB at 172 kB/s)
2026-01-22T08:51:41.9155570Z Downloading from central: https://repo.maven.apache.org/maven2/org/codehaus/plexus/plexus-classworlds/2.6.0/plexus-classworlds-2.6.0.pom
2026-01-22T08:51:41.9406260Z Progress (1): 932 B
2026-01-22T08:51:41.9406840Z Progress (1): 2.6 kB
2026-01-22T08:51:41.9407300Z Progress (1): 5.5 kB
2026-01-22T08:51:41.9413250Z Progress (1): 7.9 kB
2026-01-22T08:51:41.9413540Z                     
2026-01-22T08:51:41.9414270Z Downloaded from central: https://repo.maven.apache.org/maven2/org/codehaus/plexus/plexus-classworlds/2.6.0/plexus-classworlds-2.6.0.pom (7.9 kB at 293 kB/s)
2026-01-22T08:51:41.9458230Z Downloading from central: https://repo.maven.apache.org/maven2/org/apache/maven/maven-model-builder/3.2.5/maven-model-builder-3.2.5.pom
2026-01-22T08:51:41.9713730Z Progress (1): 836 B
2026-01-22T08:51:41.9719250Z Progress (1): 2.7 kB
2026-01-22T08:51:41.9719500Z Progress (1): 3.0 kB
2026-01-22T08:51:41.9719680Z                     
2026-01-22T08:51:41.9720240Z Downloaded from central: https://repo.maven.apache.org/maven2/org/apache/maven/maven-model-builder/3.2.5/maven-model-builder-3.2.5.pom (3.0 kB at 115 kB/s)
2026-01-22T08:51:41.9957400Z Downloading from central: https://repo.maven.apache.org/maven2/org/apache/maven/maven-aether-provider/3.2.5/maven-aether-provider-3.2.5.pom
2026-01-22T08:51:42.0208820Z Progress (1): 811 B
2026-01-22T08:51:42.0209180Z Progress (1): 3.0 kB
2026-01-22T08:51:42.0234950Z Progress (1): 4.2 kB
2026-01-22T08:51:42.0235830Z                     
2026-01-22T08:51:42.0237960Z Downloaded from central: https://repo.maven.apache.org/maven2/org/apache/maven/maven-aether-provider/3.2.5/maven-aether-provider-3.2.5.pom (4.2 kB at 147 kB/s)
2026-01-22T08:51:42.0281370Z Downloading from central: https://repo.maven.apache.org/maven2/org/eclipse/aether/aether-spi/1.0.0.v20140518/aether-spi-1.0.0.v20140518.pom
2026-01-22T08:51:42.0541770Z Progress (1): 934 B
2026-01-22T08:51:42.0553180Z Progress (1): 2.1 kB
2026-01-22T08:51:42.0555620Z                     
2026-01-22T08:51:42.0556310Z Downloaded from central: https://repo.maven.apache.org/maven2/org/eclipse/aether/aether-spi/1.0.0.v20140518/aether-spi-1.0.0.v20140518.pom (2.1 kB at 71 kB/s)
2026-01-22T08:51:42.0601860Z Downloading from central: https://repo.maven.apache.org/maven2/org/eclipse/aether/aether-impl/1.0.0.v20140518/aether-impl-1.0.0.v20140518.pom
2026-01-22T08:51:42.0870070Z Progress (1): 922 B
2026-01-22T08:51:42.0872430Z Progress (1): 3.5 kB
2026-01-22T08:51:42.0873060Z                     
2026-01-22T08:51:42.0881910Z Downloaded from central: https://repo.maven.apache.org/maven2/org/eclipse/aether/aether-impl/1.0.0.v20140518/aether-impl-1.0.0.v20140518.pom (3.5 kB at 124 kB/s)
2026-01-22T08:51:42.0917370Z Downloading from central: https://repo.maven.apache.org/maven2/org/sonatype/sisu/sisu-guice/3.2.3/sisu-guice-3.2.3.pom
2026-01-22T08:51:42.1142700Z Progress (1): 1.3 kB
2026-01-22T08:51:42.1143510Z Progress (1): 3.8 kB
2026-01-22T08:51:42.1144480Z Progress (1): 5.9 kB
2026-01-22T08:51:42.1145100Z Progress (1): 9.5 kB
2026-01-22T08:51:42.1153670Z Progress (1): 11 kB 
2026-01-22T08:51:42.1154050Z                    
2026-01-22T08:51:42.1154770Z Downloaded from central: https://repo.maven.apache.org/maven2/org/sonatype/sisu/sisu-guice/3.2.3/sisu-guice-3.2.3.pom (11 kB at 456 kB/s)
2026-01-22T08:51:42.1178850Z Downloading from central: https://repo.maven.apache.org/maven2/org/sonatype/sisu/inject/guice-parent/3.2.3/guice-parent-3.2.3.pom
2026-01-22T08:51:42.1432760Z Progress (1): 798 B
2026-01-22T08:51:42.1433250Z Progress (1): 2.7 kB
2026-01-22T08:51:42.1433610Z Progress (1): 5.1 kB
2026-01-22T08:51:42.1433880Z Progress (1): 7.6 kB
2026-01-22T08:51:42.1434210Z Progress (1): 10 kB 
2026-01-22T08:51:42.1434540Z Progress (1): 13 kB
2026-01-22T08:51:42.1446130Z Progress (1): 13 kB
2026-01-22T08:51:42.1446470Z                    
2026-01-22T08:51:42.1447090Z Downloaded from central: https://repo.maven.apache.org/maven2/org/sonatype/sisu/inject/guice-parent/3.2.3/guice-parent-3.2.3.pom (13 kB at 499 kB/s)
2026-01-22T08:51:42.1485890Z Downloading from central: https://repo.maven.apache.org/maven2/org/sonatype/forge/forge-parent/38/forge-parent-38.pom
2026-01-22T08:51:42.1785750Z Progress (1): 800 B
2026-01-22T08:51:42.1862020Z Progress (1): 2.5 kB
2026-01-22T08:51:42.1862210Z Progress (1): 5.0 kB
2026-01-22T08:51:42.1862340Z Progress (1): 8.7 kB
2026-01-22T08:51:42.1862700Z Progress (1): 12 kB 
2026-01-22T08:51:42.1862840Z Progress (1): 16 kB
2026-01-22T08:51:42.1862970Z Progress (1): 19 kB
2026-01-22T08:51:42.1863090Z                    
2026-01-22T08:51:42.1863510Z Downloaded from central: https://repo.maven.apache.org/maven2/org/sonatype/forge/forge-parent/38/forge-parent-38.pom (19 kB at 568 kB/s)
2026-01-22T08:51:42.1867320Z Downloading from central: https://repo.maven.apache.org/maven2/aopalliance/aopalliance/1.0/aopalliance-1.0.pom
2026-01-22T08:51:42.2138390Z Progress (1): 363 B
2026-01-22T08:51:42.2169770Z                    
2026-01-22T08:51:42.2170400Z Downloaded from central: https://repo.maven.apache.org/maven2/aopalliance/aopalliance/1.0/aopalliance-1.0.pom (363 B at 13 kB/s)
2026-01-22T08:51:42.2171180Z Downloading from central: https://repo.maven.apache.org/maven2/com/google/guava/guava/16.0.1/guava-16.0.1.pom
2026-01-22T08:51:42.2419140Z Progress (1): 955 B
2026-01-22T08:51:42.2419370Z Progress (1): 2.8 kB
2026-01-22T08:51:42.2419700Z Progress (1): 5.2 kB
2026-01-22T08:51:42.2436280Z Progress (1): 6.1 kB
2026-01-22T08:51:42.2436930Z                     
2026-01-22T08:51:42.2438140Z Downloaded from central: https://repo.maven.apache.org/maven2/com/google/guava/guava/16.0.1/guava-16.0.1.pom (6.1 kB at 218 kB/s)
2026-01-22T08:51:42.2463490Z Downloading from central: https://repo.maven.apache.org/maven2/com/google/guava/guava-parent/16.0.1/guava-parent-16.0.1.pom
2026-01-22T08:51:42.2711300Z Progress (1): 1.1 kB
2026-01-22T08:51:42.2712460Z Progress (1): 2.9 kB
2026-01-22T08:51:42.2714030Z Progress (1): 6.3 kB
2026-01-22T08:51:42.2714730Z Progress (1): 7.3 kB
2026-01-22T08:51:42.2715270Z                     
2026-01-22T08:51:42.2717400Z Downloaded from central: https://repo.maven.apache.org/maven2/com/google/guava/guava-parent/16.0.1/guava-parent-16.0.1.pom (7.3 kB at 293 kB/s)
2026-01-22T08:51:42.2737680Z Downloading from central: https://repo.maven.apache.org/maven2/org/sonatype/oss/oss-parent/7/oss-parent-7.pom
2026-01-22T08:51:42.3067160Z Progress (1): 847 B
2026-01-22T08:51:42.3176290Z Progress (1): 2.5 kB
2026-01-22T08:51:42.3196340Z Progress (1): 4.8 kB
2026-01-22T08:51:42.3196800Z                     
2026-01-22T08:51:42.3197280Z Downloaded from central: https://repo.maven.apache.org/maven2/org/sonatype/oss/oss-parent/7/oss-parent-7.pom (4.8 kB at 146 kB/s)
2026-01-22T08:51:42.3198040Z Downloading from central: https://repo.maven.apache.org/maven2/org/codehaus/plexus/plexus-classworlds/2.5.2/plexus-classworlds-2.5.2.pom
2026-01-22T08:51:42.3414470Z Progress (1): 930 B
2026-01-22T08:51:42.3415470Z Progress (1): 3.0 kB
2026-01-22T08:51:42.3416120Z Progress (1): 6.0 kB
2026-01-22T08:51:42.3416400Z Progress (1): 7.3 kB
2026-01-22T08:51:42.3416530Z                     
2026-01-22T08:51:42.3417030Z Downloaded from central: https://repo.maven.apache.org/maven2/org/codehaus/plexus/plexus-classworlds/2.5.2/plexus-classworlds-2.5.2.pom (7.3 kB at 252 kB/s)
2026-01-22T08:51:42.3448110Z Downloading from central: https://repo.maven.apache.org/maven2/commons-io/commons-io/2.12.0/commons-io-2.12.0.pom
2026-01-22T08:51:42.3776640Z Progress (1): 769 B
2026-01-22T08:51:42.3777520Z Progress (1): 2.1 kB
2026-01-22T08:51:42.3778040Z Progress (1): 5.2 kB
2026-01-22T08:51:42.3778600Z Progress (1): 7.7 kB
2026-01-22T08:51:42.3779140Z Progress (1): 10 kB 
2026-01-22T08:51:42.3779680Z Progress (1): 12 kB
2026-01-22T08:51:42.3780190Z Progress (1): 15 kB
2026-01-22T08:51:42.3780670Z Progress (1): 18 kB
2026-01-22T08:51:42.3781130Z Progress (1): 20 kB
2026-01-22T08:51:42.3781580Z                    
2026-01-22T08:51:42.3782850Z Downloaded from central: https://repo.maven.apache.org/maven2/commons-io/commons-io/2.12.0/commons-io-2.12.0.pom (20 kB at 753 kB/s)
2026-01-22T08:51:42.3818340Z Downloading from central: https://repo.maven.apache.org/maven2/org/apache/commons/commons-parent/57/commons-parent-57.pom
2026-01-22T08:51:42.4129940Z Progress (1): 703 B
2026-01-22T08:51:42.4151780Z Progress (1): 1.9 kB
2026-01-22T08:51:42.4152140Z Progress (1): 3.1 kB
2026-01-22T08:51:42.4152330Z Progress (1): 4.5 kB
2026-01-22T08:51:42.4152590Z Progress (1): 6.5 kB
2026-01-22T08:51:42.4152770Z Progress (1): 8.3 kB
2026-01-22T08:51:42.4152960Z Progress (1): 10 kB 
2026-01-22T08:51:42.4153140Z Progress (1): 12 kB
2026-01-22T08:51:42.4153690Z Progress (1): 15 kB
2026-01-22T08:51:42.4153890Z Progress (1): 17 kB
2026-01-22T08:51:42.4154130Z Progress (1): 20 kB
2026-01-22T08:51:42.4154650Z Progress (1): 23 kB
2026-01-22T08:51:42.4154830Z Progress (1): 25 kB
2026-01-22T08:51:42.4155000Z Progress (1): 29 kB
2026-01-22T08:51:42.4155180Z Progress (1): 33 kB
2026-01-22T08:51:42.4155350Z Progress (1): 33 kB
2026-01-22T08:51:42.4155520Z Progress (1): 36 kB
2026-01-22T08:51:42.4155690Z Progress (1): 41 kB
2026-01-22T08:51:42.4155860Z Progress (1): 44 kB
2026-01-22T08:51:42.4156040Z Progress (1): 46 kB
2026-01-22T08:51:42.4156210Z Progress (1): 49 kB
2026-01-22T08:51:42.4156370Z Progress (1): 51 kB
2026-01-22T08:51:42.4156540Z Progress (1): 55 kB
2026-01-22T08:51:42.4156710Z Progress (1): 58 kB
2026-01-22T08:51:42.4156880Z Progress (1): 61 kB
2026-01-22T08:51:42.4157050Z Progress (1): 64 kB
2026-01-22T08:51:42.4157210Z Progress (1): 67 kB
2026-01-22T08:51:42.4157380Z Progress (1): 73 kB
2026-01-22T08:51:42.4157550Z Progress (1): 76 kB
2026-01-22T08:51:42.4157710Z Progress (1): 80 kB
2026-01-22T08:51:42.4174830Z Progress (1): 83 kB
2026-01-22T08:51:42.4176320Z                    
2026-01-22T08:51:42.4178740Z Downloaded from central: https://repo.maven.apache.org/maven2/org/apache/commons/commons-parent/57/commons-parent-57.pom (83 kB at 2.2 MB/s)
2026-01-22T08:51:42.4259450Z Downloading from central: https://repo.maven.apache.org/maven2/org/junit/junit-bom/5.9.2/junit-bom-5.9.2.pom
2026-01-22T08:51:42.4534110Z Progress (1): 907 B
2026-01-22T08:51:42.4534390Z Progress (1): 4.1 kB
2026-01-22T08:51:42.4563740Z Progress (1): 5.6 kB
2026-01-22T08:51:42.4566000Z                     
2026-01-22T08:51:42.4568200Z Downloaded from central: https://repo.maven.apache.org/maven2/org/junit/junit-bom/5.9.2/junit-bom-5.9.2.pom (5.6 kB at 188 kB/s)
2026-01-22T08:51:42.4586620Z Downloading from central: https://repo.maven.apache.org/maven2/org/codehaus/plexus/plexus-java/1.2.0/plexus-java-1.2.0.pom
2026-01-22T08:51:42.4851880Z Progress (1): 1.9 kB
2026-01-22T08:51:42.4873690Z Progress (1): 4.3 kB
2026-01-22T08:51:42.4874390Z                     
2026-01-22T08:51:42.4875680Z Downloaded from central: https://repo.maven.apache.org/maven2/org/codehaus/plexus/plexus-java/1.2.0/plexus-java-1.2.0.pom (4.3 kB at 147 kB/s)
2026-01-22T08:51:42.4926540Z Downloading from central: https://repo.maven.apache.org/maven2/org/codehaus/plexus/plexus-languages/1.2.0/plexus-languages-1.2.0.pom
2026-01-22T08:51:42.5170880Z Progress (1): 1.3 kB
2026-01-22T08:51:42.5177130Z Progress (1): 3.2 kB
2026-01-22T08:51:42.5177320Z                     
2026-01-22T08:51:42.5177950Z Downloaded from central: https://repo.maven.apache.org/maven2/org/codehaus/plexus/plexus-languages/1.2.0/plexus-languages-1.2.0.pom (3.2 kB at 123 kB/s)
2026-01-22T08:51:42.5314380Z Downloading from central: https://repo.maven.apache.org/maven2/org/codehaus/plexus/plexus/15/plexus-15.pom
2026-01-22T08:51:42.5554240Z Progress (1): 688 B
2026-01-22T08:51:42.5619530Z Progress (1): 2.5 kB
2026-01-22T08:51:42.5619810Z Progress (1): 6.4 kB
2026-01-22T08:51:42.5620680Z Progress (1): 8.8 kB
2026-01-22T08:51:42.5620880Z Progress (1): 11 kB 
2026-01-22T08:51:42.5621080Z Progress (1): 14 kB
2026-01-22T08:51:42.5621260Z Progress (1): 18 kB
2026-01-22T08:51:42.5629550Z Progress (1): 21 kB
2026-01-22T08:51:42.5629740Z Progress (1): 25 kB
2026-01-22T08:51:42.5629930Z Progress (1): 28 kB
2026-01-22T08:51:42.5630150Z                    
2026-01-22T08:51:42.5630710Z Downloaded from central: https://repo.maven.apache.org/maven2/org/codehaus/plexus/plexus/15/plexus-15.pom (28 kB at 1.1 MB/s)
2026-01-22T08:51:42.5631550Z Downloading from central: https://repo.maven.apache.org/maven2/org/junit/junit-bom/5.10.0/junit-bom-5.10.0.pom
2026-01-22T08:51:42.5837470Z Progress (1): 912 B
2026-01-22T08:51:42.5923160Z Progress (1): 4.1 kB
2026-01-22T08:51:42.5923650Z Progress (1): 5.6 kB
2026-01-22T08:51:42.5924010Z                     
2026-01-22T08:51:42.5924710Z Downloaded from central: https://repo.maven.apache.org/maven2/org/junit/junit-bom/5.10.0/junit-bom-5.10.0.pom (5.6 kB at 217 kB/s)
2026-01-22T08:51:42.5925620Z Downloading from central: https://repo.maven.apache.org/maven2/org/ow2/asm/asm/9.6/asm-9.6.pom
2026-01-22T08:51:42.6143790Z Progress (1): 1.3 kB
2026-01-22T08:51:42.6237210Z Progress (1): 2.4 kB
2026-01-22T08:51:42.6239530Z                     
2026-01-22T08:51:42.6243310Z Downloaded from central: https://repo.maven.apache.org/maven2/org/ow2/asm/asm/9.6/asm-9.6.pom (2.4 kB at 91 kB/s)
2026-01-22T08:51:42.6244870Z Downloading from central: https://repo.maven.apache.org/maven2/org/apache/maven/surefire/maven-surefire-common/3.2.2/maven-surefire-common-3.2.2.jar
2026-01-22T08:51:42.6246680Z Downloading from central: https://repo.maven.apache.org/maven2/org/apache/maven/surefire/surefire-api/3.2.2/surefire-api-3.2.2.jar
2026-01-22T08:51:42.6247540Z Downloading from central: https://repo.maven.apache.org/maven2/org/apache/maven/surefire/surefire-logger-api/3.2.2/surefire-logger-api-3.2.2.jar
2026-01-22T08:51:42.6248380Z Downloading from central: https://repo.maven.apache.org/maven2/org/apache/maven/surefire/surefire-extensions-api/3.2.2/surefire-extensions-api-3.2.2.jar
2026-01-22T08:51:42.6249210Z Downloading from central: https://repo.maven.apache.org/maven2/org/apache/maven/surefire/surefire-booter/3.2.2/surefire-booter-3.2.2.jar
2026-01-22T08:51:42.6497550Z Progress (1): 7.7/309 kB
2026-01-22T08:51:42.6517670Z Progress (1): 16/309 kB 
2026-01-22T08:51:42.6518660Z Progress (1): 32/309 kB
2026-01-22T08:51:42.6518980Z Progress (1): 49/309 kB
2026-01-22T08:51:42.6519290Z Progress (1): 65/309 kB
2026-01-22T08:51:42.6633710Z Progress (1): 81/309 kB
2026-01-22T08:51:42.6735840Z Progress (1): 98/309 kB
2026-01-22T08:51:42.6736750Z Progress (1): 114/309 kB
2026-01-22T08:51:42.6737280Z Progress (1): 131/309 kB
2026-01-22T08:51:42.6737780Z Progress (1): 147/309 kB
2026-01-22T08:51:42.6738310Z Progress (1): 163/309 kB
2026-01-22T08:51:42.6738820Z Progress (1): 180/309 kB
2026-01-22T08:51:42.6739430Z Progress (2): 180/309 kB | 7.7/118 kB
2026-01-22T08:51:42.6740030Z Progress (2): 180/309 kB | 16/118 kB 
2026-01-22T08:51:42.6740620Z Progress (2): 196/309 kB | 16/118 kB
2026-01-22T08:51:42.6741240Z Progress (2): 196/309 kB | 32/118 kB
2026-01-22T08:51:42.6741820Z Progress (2): 213/309 kB | 32/118 kB
2026-01-22T08:51:42.6742400Z Progress (2): 213/309 kB | 49/118 kB
2026-01-22T08:51:42.6742990Z Progress (2): 229/309 kB | 49/118 kB
2026-01-22T08:51:42.6743560Z Progress (2): 229/309 kB | 61/118 kB
2026-01-22T08:51:42.6744150Z Progress (2): 245/309 kB | 61/118 kB
2026-01-22T08:51:42.6744710Z Progress (2): 245/309 kB | 78/118 kB
2026-01-22T08:51:42.6745290Z Progress (2): 262/309 kB | 78/118 kB
2026-01-22T08:51:42.6745860Z Progress (2): 262/309 kB | 94/118 kB
2026-01-22T08:51:42.6746480Z Progress (3): 262/309 kB | 94/118 kB | 3.8/26 kB
2026-01-22T08:51:42.6747160Z Progress (3): 278/309 kB | 94/118 kB | 3.8/26 kB
2026-01-22T08:51:42.6747830Z Progress (3): 278/309 kB | 94/118 kB | 8.0/26 kB
2026-01-22T08:51:42.6748520Z Progress (3): 294/309 kB | 94/118 kB | 8.0/26 kB
2026-01-22T08:51:42.6749210Z Progress (3): 294/309 kB | 94/118 kB | 12/26 kB 
2026-01-22T08:51:42.6749870Z Progress (3): 294/309 kB | 111/118 kB | 12/26 kB
2026-01-22T08:51:42.6750570Z Progress (3): 294/309 kB | 118 kB | 12/26 kB    
2026-01-22T08:51:42.6751220Z Progress (3): 294/309 kB | 118 kB | 26 kB   
2026-01-22T08:51:42.6751840Z                                          
2026-01-22T08:51:42.6753320Z Downloaded from central: https://repo.maven.apache.org/maven2/org/apache/maven/surefire/surefire-booter/3.2.2/surefire-booter-3.2.2.jar (118 kB at 3.1 MB/s)
2026-01-22T08:51:42.6755730Z Downloading from central: https://repo.maven.apache.org/maven2/org/apache/maven/surefire/surefire-extensions-spi/3.2.2/surefire-extensions-spi-3.2.2.jar
2026-01-22T08:51:42.6758430Z Downloaded from central: https://repo.maven.apache.org/maven2/org/apache/maven/surefire/surefire-extensions-api/3.2.2/surefire-extensions-api-3.2.2.jar (26 kB at 624 kB/s)
2026-01-22T08:51:42.6775200Z Downloading from central: https://repo.maven.apache.org/maven2/org/eclipse/aether/aether-util/1.0.0.v20140518/aether-util-1.0.0.v20140518.jar
2026-01-22T08:51:42.6776930Z Progress (1): 309 kB
2026-01-22T08:51:42.6777670Z Progress (2): 309 kB | 7.7/171 kB
2026-01-22T08:51:42.6777970Z Progress (2): 309 kB | 16/171 kB 
2026-01-22T08:51:42.6778200Z Progress (2): 309 kB | 32/171 kB
2026-01-22T08:51:42.6778460Z Progress (2): 309 kB | 49/171 kB
2026-01-22T08:51:42.6778660Z Progress (2): 309 kB | 65/171 kB
2026-01-22T08:51:42.6778870Z Progress (2): 309 kB | 81/171 kB
2026-01-22T08:51:42.6779070Z Progress (2): 309 kB | 98/171 kB
2026-01-22T08:51:42.6779280Z Progress (2): 309 kB | 114/171 kB
2026-01-22T08:51:42.6779490Z Progress (2): 309 kB | 131/171 kB
2026-01-22T08:51:42.6779700Z Progress (2): 309 kB | 147/171 kB
2026-01-22T08:51:42.6779910Z Progress (2): 309 kB | 163/171 kB
2026-01-22T08:51:42.6780110Z Progress (2): 309 kB | 171 kB    
2026-01-22T08:51:42.6780270Z                              
2026-01-22T08:51:42.6781040Z Downloaded from central: https://repo.maven.apache.org/maven2/org/apache/maven/surefire/maven-surefire-common/3.2.2/maven-surefire-common-3.2.2.jar (309 kB at 6.3 MB/s)
2026-01-22T08:51:42.6781990Z Downloading from central: https://repo.maven.apache.org/maven2/org/eclipse/aether/aether-api/1.0.0.v20140518/aether-api-1.0.0.v20140518.jar
2026-01-22T08:51:42.6782990Z Downloaded from central: https://repo.maven.apache.org/maven2/org/apache/maven/surefire/surefire-api/3.2.2/surefire-api-3.2.2.jar (171 kB at 3.4 MB/s)
2026-01-22T08:51:42.6783910Z Downloading from central: https://repo.maven.apache.org/maven2/org/apache/maven/shared/maven-common-artifact-filters/3.1.1/maven-common-artifact-filters-3.1.1.jar
2026-01-22T08:51:42.6920890Z Progress (1): 7.7/8.2 kB
2026-01-22T08:51:42.6998270Z Progress (1): 8.2 kB    
2026-01-22T08:51:42.6998540Z Progress (2): 8.2 kB | 7.7/146 kB
2026-01-22T08:51:42.6999110Z Progress (2): 8.2 kB | 12/146 kB 
2026-01-22T08:51:42.7009230Z Progress (2): 8.2 kB | 29/146 kB
2026-01-22T08:51:42.7027950Z Progress (2): 8.2 kB | 45/146 kB
2026-01-22T08:51:42.7028280Z                                 
2026-01-22T08:51:42.7028910Z Downloaded from central: https://repo.maven.apache.org/maven2/org/apache/maven/surefire/surefire-extensions-spi/3.2.2/surefire-extensions-spi-3.2.2.jar (8.2 kB at 118 kB/s)
2026-01-22T08:51:42.7029740Z Downloading from central: https://repo.maven.apache.org/maven2/commons-io/commons-io/2.12.0/commons-io-2.12.0.jar
2026-01-22T08:51:42.7030170Z Progress (1): 61/146 kB
2026-01-22T08:51:42.7030360Z Progress (1): 78/146 kB
2026-01-22T08:51:42.7031210Z Progress (1): 94/146 kB
2026-01-22T08:51:42.7031420Z Progress (1): 111/146 kB
2026-01-22T08:51:42.7031610Z Progress (1): 127/146 kB
2026-01-22T08:51:42.7031800Z Progress (1): 143/146 kB
2026-01-22T08:51:42.7032080Z Progress (1): 146 kB    
2026-01-22T08:51:42.7032270Z Progress (2): 146 kB | 7.7/61 kB
2026-01-22T08:51:42.7032490Z Progress (2): 146 kB | 16/61 kB 
2026-01-22T08:51:42.7032750Z Progress (2): 146 kB | 32/61 kB
2026-01-22T08:51:42.7032950Z                                
2026-01-22T08:51:42.7033480Z Downloaded from central: https://repo.maven.apache.org/maven2/org/eclipse/aether/aether-util/1.0.0.v20140518/aether-util-1.0.0.v20140518.jar (146 kB at 1.9 MB/s)
2026-01-22T08:51:42.7034260Z Downloading from central: https://repo.maven.apache.org/maven2/org/codehaus/plexus/plexus-java/1.2.0/plexus-java-1.2.0.jar
2026-01-22T08:51:42.7034710Z Progress (1): 49/61 kB
2026-01-22T08:51:42.7034910Z Progress (2): 49/61 kB | 7.7/136 kB
2026-01-22T08:51:42.7035190Z Progress (2): 61 kB | 7.7/136 kB   
2026-01-22T08:51:42.7035840Z Progress (2): 61 kB | 16/136 kB 
2026-01-22T08:51:42.7036050Z Progress (2): 61 kB | 29/136 kB
2026-01-22T08:51:42.7036250Z Progress (2): 61 kB | 45/136 kB
2026-01-22T08:51:42.7036600Z                                
2026-01-22T08:51:42.7037200Z Downloaded from central: https://repo.maven.apache.org/maven2/org/apache/maven/shared/maven-common-artifact-filters/3.1.1/maven-common-artifact-filters-3.1.1.jar (61 kB at 780 kB/s)
2026-01-22T08:51:42.7038020Z Downloading from central: https://repo.maven.apache.org/maven2/org/ow2/asm/asm/9.6/asm-9.6.jar
2026-01-22T08:51:42.7038560Z Progress (1): 61/136 kB
2026-01-22T08:51:42.7038970Z Progress (1): 78/136 kB
2026-01-22T08:51:42.7039210Z Progress (1): 94/136 kB
2026-01-22T08:51:42.7039420Z Progress (1): 111/136 kB
2026-01-22T08:51:42.7039620Z Progress (1): 127/136 kB
2026-01-22T08:51:42.7050410Z Progress (1): 136 kB    
2026-01-22T08:51:42.7051030Z                     
2026-01-22T08:51:42.7051530Z Downloaded from central: https://repo.maven.apache.org/maven2/org/eclipse/aether/aether-api/1.0.0.v20140518/aether-api-1.0.0.v20140518.jar (136 kB at 1.7 MB/s)
2026-01-22T08:51:42.7052320Z Downloading from central: https://repo.maven.apache.org/maven2/org/apache/maven/surefire/surefire-shared-utils/3.2.2/surefire-shared-utils-3.2.2.jar
2026-01-22T08:51:42.7255800Z Progress (1): 7.7/474 kB
2026-01-22T08:51:42.7360230Z Progress (1): 16/474 kB 
2026-01-22T08:51:42.7427070Z Progress (2): 16/474 kB | 0.9/14 kB
2026-01-22T08:51:42.7427400Z Progress (2): 25/474 kB | 0.9/14 kB
2026-01-22T08:51:42.7427630Z Progress (2): 25/474 kB | 2.3/14 kB
2026-01-22T08:51:42.7427850Z Progress (2): 41/474 kB | 2.3/14 kB
2026-01-22T08:51:42.7428110Z Progress (2): 57/474 kB | 2.3/14 kB
2026-01-22T08:51:42.7428390Z Progress (2): 66/474 kB | 2.3/14 kB
2026-01-22T08:51:42.7429100Z Progress (2): 82/474 kB | 2.3/14 kB
2026-01-22T08:51:42.7429640Z Progress (2): 82/474 kB | 3.6/14 kB
2026-01-22T08:51:42.7429860Z Progress (2): 82/474 kB | 5.0/14 kB
2026-01-22T08:51:42.7430070Z Progress (2): 82/474 kB | 6.4/14 kB
2026-01-22T08:51:42.7430280Z Progress (2): 82/474 kB | 7.8/14 kB
2026-01-22T08:51:42.7430490Z Progress (2): 82/474 kB | 9.1/14 kB
2026-01-22T08:51:42.7430700Z Progress (2): 82/474 kB | 10/14 kB 
2026-01-22T08:51:42.7470640Z Progress (2): 82/474 kB | 12/14 kB
2026-01-22T08:51:42.7470920Z Progress (2): 82/474 kB | 13/14 kB
2026-01-22T08:51:42.7471140Z Progress (2): 82/474 kB | 14 kB   
2026-01-22T08:51:42.7471350Z                                
2026-01-22T08:51:42.7471920Z Downloaded from central: https://repo.maven.apache.org/maven2/org/apache/maven/surefire/surefire-logger-api/3.2.2/surefire-logger-api-3.2.2.jar (14 kB at 134 kB/s)
2026-01-22T08:51:42.7472520Z Progress (1): 98/474 kB
2026-01-22T08:51:42.7472710Z Progress (2): 98/474 kB | 7.7/58 kB
2026-01-22T08:51:42.7472940Z Progress (2): 98/474 kB | 16/58 kB 
2026-01-22T08:51:42.7473160Z Progress (2): 98/474 kB | 32/58 kB
2026-01-22T08:51:42.7473370Z Progress (2): 115/474 kB | 32/58 kB
2026-01-22T08:51:42.7473630Z Progress (2): 115/474 kB | 48/58 kB
2026-01-22T08:51:42.7473850Z Progress (2): 115/474 kB | 58 kB   
2026-01-22T08:51:42.7474070Z Progress (2): 131/474 kB | 58 kB
2026-01-22T08:51:42.7474270Z                                 
2026-01-22T08:51:42.7474760Z Downloaded from central: https://repo.maven.apache.org/maven2/org/codehaus/plexus/plexus-java/1.2.0/plexus-java-1.2.0.jar (58 kB at 559 kB/s)
2026-01-22T08:51:42.7475260Z Progress (1): 147/474 kB
2026-01-22T08:51:42.7475460Z Progress (2): 147/474 kB | 7.7/124 kB
2026-01-22T08:51:42.7475680Z Progress (2): 147/474 kB | 16/124 kB 
2026-01-22T08:51:42.7475910Z Progress (2): 147/474 kB | 32/124 kB
2026-01-22T08:51:42.7476130Z Progress (2): 164/474 kB | 32/124 kB
2026-01-22T08:51:42.7476350Z Progress (2): 164/474 kB | 49/124 kB
2026-01-22T08:51:42.7477610Z Progress (2): 180/474 kB | 49/124 kB
2026-01-22T08:51:42.7477840Z Progress (2): 180/474 kB | 65/124 kB
2026-01-22T08:51:42.7478050Z Progress (2): 197/474 kB | 65/124 kB
2026-01-22T08:51:42.7478270Z Progress (2): 197/474 kB | 81/124 kB
2026-01-22T08:51:42.7478480Z Progress (2): 213/474 kB | 81/124 kB
2026-01-22T08:51:42.7478690Z Progress (2): 213/474 kB | 98/124 kB
2026-01-22T08:51:42.7478910Z Progress (2): 213/474 kB | 114/124 kB
2026-01-22T08:51:42.7479120Z Progress (2): 213/474 kB | 124 kB    
2026-01-22T08:51:42.7479340Z Progress (2): 229/474 kB | 124 kB
2026-01-22T08:51:42.7479540Z                                  
2026-01-22T08:51:42.7479950Z Downloaded from central: https://repo.maven.apache.org/maven2/org/ow2/asm/asm/9.6/asm-9.6.jar (124 kB at 1.1 MB/s)
2026-01-22T08:51:42.7480370Z Progress (1): 246/474 kB
2026-01-22T08:51:42.7480570Z Progress (2): 246/474 kB | 0/2.3 MB
2026-01-22T08:51:42.7481210Z Progress (2): 246/474 kB | 0/2.3 MB
2026-01-22T08:51:42.7481420Z Progress (2): 262/474 kB | 0/2.3 MB
2026-01-22T08:51:42.7482940Z Progress (2): 262/474 kB | 0/2.3 MB
2026-01-22T08:51:42.7483160Z Progress (2): 262/474 kB | 0/2.3 MB
2026-01-22T08:51:42.7483370Z Progress (2): 279/474 kB | 0/2.3 MB
2026-01-22T08:51:42.7483580Z Progress (2): 279/474 kB | 0.1/2.3 MB
2026-01-22T08:51:42.7483810Z Progress (2): 295/474 kB | 0.1/2.3 MB
2026-01-22T08:51:42.7484030Z Progress (2): 295/474 kB | 0.1/2.3 MB
2026-01-22T08:51:42.7484250Z Progress (2): 311/474 kB | 0.1/2.3 MB
2026-01-22T08:51:42.7484460Z Progress (2): 311/474 kB | 0.1/2.3 MB
2026-01-22T08:51:42.7484680Z Progress (2): 311/474 kB | 0.1/2.3 MB
2026-01-22T08:51:42.7484890Z Progress (2): 311/474 kB | 0.1/2.3 MB
2026-01-22T08:51:42.7485110Z Progress (2): 328/474 kB | 0.1/2.3 MB
2026-01-22T08:51:42.7485330Z Progress (2): 328/474 kB | 0.1/2.3 MB
2026-01-22T08:51:42.7485550Z Progress (2): 328/474 kB | 0.2/2.3 MB
2026-01-22T08:51:42.7485760Z Progress (2): 328/474 kB | 0.2/2.3 MB
2026-01-22T08:51:42.7485980Z Progress (2): 344/474 kB | 0.2/2.3 MB
2026-01-22T08:51:42.7486340Z Progress (2): 360/474 kB | 0.2/2.3 MB
2026-01-22T08:51:42.7486630Z Progress (2): 377/474 kB | 0.2/2.3 MB
2026-01-22T08:51:42.7486850Z Progress (2): 377/474 kB | 0.2/2.3 MB
2026-01-22T08:51:42.7588480Z Progress (2): 393/474 kB | 0.2/2.3 MB
2026-01-22T08:51:42.7595030Z Progress (2): 410/474 kB | 0.2/2.3 MB
2026-01-22T08:51:42.7595790Z Progress (2): 410/474 kB | 0.2/2.3 MB
2026-01-22T08:51:42.7596010Z Progress (2): 426/474 kB | 0.2/2.3 MB
2026-01-22T08:51:42.7596220Z Progress (2): 442/474 kB | 0.2/2.3 MB
2026-01-22T08:51:42.7596410Z Progress (2): 442/474 kB | 0.2/2.3 MB
2026-01-22T08:51:42.7596610Z Progress (2): 459/474 kB | 0.2/2.3 MB
2026-01-22T08:51:42.7596790Z Progress (2): 474 kB | 0.2/2.3 MB    
2026-01-22T08:51:42.7596970Z Progress (2): 474 kB | 0.2/2.3 MB
2026-01-22T08:51:42.7597160Z                                  
2026-01-22T08:51:42.7597610Z Downloaded from central: https://repo.maven.apache.org/maven2/commons-io/commons-io/2.12.0/commons-io-2.12.0.jar (474 kB at 3.9 MB/s)
2026-01-22T08:51:42.7598100Z Progress (1): 0.3/2.3 MB
2026-01-22T08:51:42.7598250Z Progress (1): 0.3/2.3 MB
2026-01-22T08:51:42.7598400Z Progress (1): 0.3/2.3 MB
2026-01-22T08:51:42.7598540Z Progress (1): 0.3/2.3 MB
2026-01-22T08:51:42.7598670Z Progress (1): 0.3/2.3 MB
2026-01-22T08:51:42.7598810Z Progress (1): 0.3/2.3 MB
2026-01-22T08:51:42.7598950Z Progress (1): 0.4/2.3 MB
2026-01-22T08:51:42.7599080Z Progress (1): 0.4/2.3 MB
2026-01-22T08:51:42.7599910Z Progress (1): 0.4/2.3 MB
2026-01-22T08:51:42.7662720Z Progress (1): 0.4/2.3 MB
2026-01-22T08:51:42.7663980Z Progress (1): 0.4/2.3 MB
2026-01-22T08:51:42.7664320Z Progress (1): 0.4/2.3 MB
2026-01-22T08:51:42.7664590Z Progress (1): 0.5/2.3 MB
2026-01-22T08:51:42.7664900Z Progress (1): 0.5/2.3 MB
2026-01-22T08:51:42.7665150Z Progress (1): 0.5/2.3 MB
2026-01-22T08:51:42.7665370Z Progress (1): 0.5/2.3 MB
2026-01-22T08:51:42.7665610Z Progress (1): 0.5/2.3 MB
2026-01-22T08:51:42.7665810Z Progress (1): 0.5/2.3 MB
2026-01-22T08:51:42.7666010Z Progress (1): 0.6/2.3 MB
2026-01-22T08:51:42.7666310Z Progress (1): 0.6/2.3 MB
2026-01-22T08:51:42.7666590Z Progress (1): 0.6/2.3 MB
2026-01-22T08:51:42.7666890Z Progress (1): 0.6/2.3 MB
2026-01-22T08:51:42.7681340Z Progress (1): 0.6/2.3 MB
2026-01-22T08:51:42.7682230Z Progress (1): 0.6/2.3 MB
2026-01-22T08:51:42.7693850Z Progress (1): 0.7/2.3 MB
2026-01-22T08:51:42.7699140Z Progress (1): 0.7/2.3 MB
2026-01-22T08:51:42.7699390Z Progress (1): 0.7/2.3 MB
2026-01-22T08:51:42.7700640Z Progress (1): 0.7/2.3 MB
2026-01-22T08:51:42.7735800Z Progress (1): 0.7/2.3 MB
2026-01-22T08:51:42.7737790Z Progress (1): 0.7/2.3 MB
2026-01-22T08:51:42.7738120Z Progress (1): 0.8/2.3 MB
2026-01-22T08:51:42.7738330Z Progress (1): 0.8/2.3 MB
2026-01-22T08:51:42.7738530Z Progress (1): 0.8/2.3 MB
2026-01-22T08:51:42.7738720Z Progress (1): 0.8/2.3 MB
2026-01-22T08:51:42.7738910Z Progress (1): 0.8/2.3 MB
2026-01-22T08:51:42.7740120Z Progress (1): 0.8/2.3 MB
2026-01-22T08:51:42.7758640Z Progress (1): 0.9/2.3 MB
2026-01-22T08:51:42.7758890Z Progress (1): 0.9/2.3 MB
2026-01-22T08:51:42.7759140Z Progress (1): 0.9/2.3 MB
2026-01-22T08:51:42.7790870Z Progress (1): 0.9/2.3 MB
2026-01-22T08:51:42.7792130Z Progress (1): 0.9/2.3 MB
2026-01-22T08:51:42.7792650Z Progress (1): 0.9/2.3 MB
2026-01-22T08:51:42.7793160Z Progress (1): 0.9/2.3 MB
2026-01-22T08:51:42.7793670Z Progress (1): 1.0/2.3 MB
2026-01-22T08:51:42.7794200Z Progress (1): 1.0/2.3 MB
2026-01-22T08:51:42.7794740Z Progress (1): 1.0/2.3 MB
2026-01-22T08:51:42.7797210Z Progress (1): 1.0/2.3 MB
2026-01-22T08:51:42.7802900Z Progress (1): 1.0/2.3 MB
2026-01-22T08:51:42.7807550Z Progress (1): 1.0/2.3 MB
2026-01-22T08:51:42.7811320Z Progress (1): 1.1/2.3 MB
2026-01-22T08:51:42.7817450Z Progress (1): 1.1/2.3 MB
2026-01-22T08:51:42.7820610Z Progress (1): 1.1/2.3 MB
2026-01-22T08:51:42.7826290Z Progress (1): 1.1/2.3 MB
2026-01-22T08:51:42.7830570Z Progress (1): 1.1/2.3 MB
2026-01-22T08:51:42.7834830Z Progress (1): 1.1/2.3 MB
2026-01-22T08:51:42.7839410Z Progress (1): 1.2/2.3 MB
2026-01-22T08:51:42.7844560Z Progress (1): 1.2/2.3 MB
2026-01-22T08:51:42.7852110Z Progress (1): 1.2/2.3 MB
2026-01-22T08:51:42.7857030Z Progress (1): 1.2/2.3 MB
2026-01-22T08:51:42.7864690Z Progress (1): 1.2/2.3 MB
2026-01-22T08:51:42.7868020Z Progress (1): 1.2/2.3 MB
2026-01-22T08:51:42.7874340Z Progress (1): 1.3/2.3 MB
2026-01-22T08:51:42.7910620Z Progress (1): 1.3/2.3 MB
2026-01-22T08:51:42.7918600Z Progress (1): 1.3/2.3 MB
2026-01-22T08:51:42.7932850Z Progress (1): 1.3/2.3 MB
2026-01-22T08:51:42.7938720Z Progress (1): 1.3/2.3 MB
2026-01-22T08:51:42.7941820Z Progress (1): 1.3/2.3 MB
2026-01-22T08:51:42.7955190Z Progress (1): 1.4/2.3 MB
2026-01-22T08:51:42.7964020Z Progress (1): 1.4/2.3 MB
2026-01-22T08:51:42.7967310Z Progress (1): 1.4/2.3 MB
2026-01-22T08:51:42.7978820Z Progress (1): 1.4/2.3 MB
2026-01-22T08:51:42.7985080Z Progress (1): 1.4/2.3 MB
2026-01-22T08:51:42.7995070Z Progress (1): 1.4/2.3 MB
2026-01-22T08:51:42.8005880Z Progress (1): 1.5/2.3 MB
2026-01-22T08:51:42.8007700Z Progress (1): 1.5/2.3 MB
2026-01-22T08:51:42.8014360Z Progress (1): 1.5/2.3 MB
2026-01-22T08:51:42.8017090Z Progress (1): 1.5/2.3 MB
2026-01-22T08:51:42.8024870Z Progress (1): 1.5/2.3 MB
2026-01-22T08:51:42.8026490Z Progress (1): 1.5/2.3 MB
2026-01-22T08:51:42.8032370Z Progress (1): 1.6/2.3 MB
2026-01-22T08:51:42.8046520Z Progress (1): 1.6/2.3 MB
2026-01-22T08:51:42.8049480Z Progress (1): 1.6/2.3 MB
2026-01-22T08:51:42.8055560Z Progress (1): 1.6/2.3 MB
2026-01-22T08:51:42.8063140Z Progress (1): 1.6/2.3 MB
2026-01-22T08:51:42.8065450Z Progress (1): 1.6/2.3 MB
2026-01-22T08:51:42.8069740Z Progress (1): 1.7/2.3 MB
2026-01-22T08:51:42.8081000Z Progress (1): 1.7/2.3 MB
2026-01-22T08:51:42.8081500Z Progress (1): 1.7/2.3 MB
2026-01-22T08:51:42.8082910Z Progress (1): 1.7/2.3 MB
2026-01-22T08:51:42.8092140Z Progress (1): 1.7/2.3 MB
2026-01-22T08:51:42.8094120Z Progress (1): 1.7/2.3 MB
2026-01-22T08:51:42.8098890Z Progress (1): 1.8/2.3 MB
2026-01-22T08:51:42.8105330Z Progress (1): 1.8/2.3 MB
2026-01-22T08:51:42.8108090Z Progress (1): 1.8/2.3 MB
2026-01-22T08:51:42.8117980Z Progress (1): 1.8/2.3 MB
2026-01-22T08:51:42.8118940Z Progress (1): 1.8/2.3 MB
2026-01-22T08:51:42.8122230Z Progress (1): 1.8/2.3 MB
2026-01-22T08:51:42.8126800Z Progress (1): 1.9/2.3 MB
2026-01-22T08:51:42.8132580Z Progress (1): 1.9/2.3 MB
2026-01-22T08:51:42.8135790Z Progress (1): 1.9/2.3 MB
2026-01-22T08:51:42.8145410Z Progress (1): 1.9/2.3 MB
2026-01-22T08:51:42.8148370Z Progress (1): 1.9/2.3 MB
2026-01-22T08:51:42.8152000Z Progress (1): 1.9/2.3 MB
2026-01-22T08:51:42.8157220Z Progress (1): 1.9/2.3 MB
2026-01-22T08:51:42.8161340Z Progress (1): 2.0/2.3 MB
2026-01-22T08:51:42.8165420Z Progress (1): 2.0/2.3 MB
2026-01-22T08:51:42.8170360Z Progress (1): 2.0/2.3 MB
2026-01-22T08:51:42.8174430Z Progress (1): 2.0/2.3 MB
2026-01-22T08:51:42.8185710Z Progress (1): 2.0/2.3 MB
2026-01-22T08:51:42.8186010Z Progress (1): 2.0/2.3 MB
2026-01-22T08:51:42.8187340Z Progress (1): 2.1/2.3 MB
2026-01-22T08:51:42.8198040Z Progress (1): 2.1/2.3 MB
2026-01-22T08:51:42.8199650Z Progress (1): 2.1/2.3 MB
2026-01-22T08:51:42.8200980Z Progress (1): 2.1/2.3 MB
2026-01-22T08:51:42.8206420Z Progress (1): 2.1/2.3 MB
2026-01-22T08:51:42.8218450Z Progress (1): 2.1/2.3 MB
2026-01-22T08:51:42.8220580Z Progress (1): 2.2/2.3 MB
2026-01-22T08:51:42.8221170Z Progress (1): 2.2/2.3 MB
2026-01-22T08:51:42.8225580Z Progress (1): 2.2/2.3 MB
2026-01-22T08:51:42.8230170Z Progress (1): 2.2/2.3 MB
2026-01-22T08:51:42.8236250Z Progress (1): 2.2/2.3 MB
2026-01-22T08:51:42.8241020Z Progress (1): 2.2/2.3 MB
2026-01-22T08:51:42.8244840Z Progress (1): 2.3/2.3 MB
2026-01-22T08:51:42.8247110Z Progress (1): 2.3/2.3 MB
2026-01-22T08:51:42.8252030Z Progress (1): 2.3/2.3 MB
2026-01-22T08:51:42.8256790Z Progress (1): 2.3/2.3 MB
2026-01-22T08:51:42.8260420Z Progress (1): 2.3/2.3 MB
2026-01-22T08:51:42.8264230Z Progress (1): 2.3/2.3 MB
2026-01-22T08:51:42.8302350Z Progress (1): 2.3 MB    
2026-01-22T08:51:42.8302600Z                     
2026-01-22T08:51:42.8321500Z Downloaded from central: https://repo.maven.apache.org/maven2/org/apache/maven/surefire/surefire-shared-utils/3.2.2/surefire-shared-utils-3.2.2.jar (2.3 MB at 11 MB/s)
2026-01-22T08:51:42.9336430Z [INFO] Using auto detected provider org.apache.maven.surefire.junitplatform.JUnitPlatformProvider
2026-01-22T08:51:42.9543790Z Downloading from central: https://repo.maven.apache.org/maven2/org/apache/maven/surefire/surefire-junit-platform/3.2.2/surefire-junit-platform-3.2.2.pom
2026-01-22T08:51:42.9808490Z Progress (1): 832 B
2026-01-22T08:51:42.9847830Z Progress (1): 3.5 kB
2026-01-22T08:51:42.9849210Z Progress (1): 4.5 kB
2026-01-22T08:51:42.9849430Z                     
2026-01-22T08:51:42.9850030Z Downloaded from central: https://repo.maven.apache.org/maven2/org/apache/maven/surefire/surefire-junit-platform/3.2.2/surefire-junit-platform-3.2.2.pom (4.5 kB at 161 kB/s)
2026-01-22T08:51:42.9850930Z Downloading from central: https://repo.maven.apache.org/maven2/org/apache/maven/surefire/surefire-providers/3.2.2/surefire-providers-3.2.2.pom
2026-01-22T08:51:43.0113930Z Progress (1): 844 B
2026-01-22T08:51:43.0175130Z Progress (1): 2.5 kB
2026-01-22T08:51:43.0182620Z                     
2026-01-22T08:51:43.0183280Z Downloaded from central: https://repo.maven.apache.org/maven2/org/apache/maven/surefire/surefire-providers/3.2.2/surefire-providers-3.2.2.pom (2.5 kB at 85 kB/s)
2026-01-22T08:51:43.0200110Z Downloading from central: https://repo.maven.apache.org/maven2/org/apache/maven/surefire/common-java5/3.2.2/common-java5-3.2.2.pom
2026-01-22T08:51:43.0431460Z Progress (1): 844 B
2026-01-22T08:51:43.0457890Z Progress (1): 2.6 kB
2026-01-22T08:51:43.0459140Z Progress (1): 2.7 kB
2026-01-22T08:51:43.0461730Z                     
2026-01-22T08:51:43.0475710Z Downloaded from central: https://repo.maven.apache.org/maven2/org/apache/maven/surefire/common-java5/3.2.2/common-java5-3.2.2.pom (2.7 kB at 98 kB/s)
2026-01-22T08:51:43.0557630Z Downloading from central: https://repo.maven.apache.org/maven2/org/junit/platform/junit-platform-launcher/1.9.3/junit-platform-launcher-1.9.3.pom
2026-01-22T08:51:43.0769700Z Progress (1): 967 B
2026-01-22T08:51:43.0786340Z Progress (1): 3.0 kB
2026-01-22T08:51:43.0786700Z                     
2026-01-22T08:51:43.0787330Z Downloaded from central: https://repo.maven.apache.org/maven2/org/junit/platform/junit-platform-launcher/1.9.3/junit-platform-launcher-1.9.3.pom (3.0 kB at 104 kB/s)
2026-01-22T08:51:43.0816370Z Downloading from central: https://repo.maven.apache.org/maven2/org/junit/platform/junit-platform-engine/1.9.3/junit-platform-engine-1.9.3.pom
2026-01-22T08:51:43.1148030Z Progress (1): 957 B
2026-01-22T08:51:43.1156040Z Progress (1): 3.2 kB
2026-01-22T08:51:43.1156790Z                     
2026-01-22T08:51:43.1158140Z Downloaded from central: https://repo.maven.apache.org/maven2/org/junit/platform/junit-platform-engine/1.9.3/junit-platform-engine-1.9.3.pom (3.2 kB at 91 kB/s)
2026-01-22T08:51:43.1180000Z Downloading from central: https://repo.maven.apache.org/maven2/org/opentest4j/opentest4j/1.2.0/opentest4j-1.2.0.pom
2026-01-22T08:51:43.1474250Z Progress (1): 1.2 kB
2026-01-22T08:51:43.1478620Z Progress (1): 1.7 kB
2026-01-22T08:51:43.1479510Z                     
2026-01-22T08:51:43.1480900Z Downloaded from central: https://repo.maven.apache.org/maven2/org/opentest4j/opentest4j/1.2.0/opentest4j-1.2.0.pom (1.7 kB at 56 kB/s)
2026-01-22T08:51:43.1504050Z Downloading from central: https://repo.maven.apache.org/maven2/org/junit/platform/junit-platform-commons/1.9.3/junit-platform-commons-1.9.3.pom
2026-01-22T08:51:43.1757860Z Progress (1): 971 B
2026-01-22T08:51:43.1762940Z Progress (1): 2.8 kB
2026-01-22T08:51:43.1769290Z                     
2026-01-22T08:51:43.1770170Z Downloaded from central: https://repo.maven.apache.org/maven2/org/junit/platform/junit-platform-commons/1.9.3/junit-platform-commons-1.9.3.pom (2.8 kB at 105 kB/s)
2026-01-22T08:51:43.1831610Z Downloading from central: https://repo.maven.apache.org/maven2/org/apache/maven/surefire/surefire-junit-platform/3.2.2/surefire-junit-platform-3.2.2.jar
2026-01-22T08:51:43.1844640Z Downloading from central: https://repo.maven.apache.org/maven2/org/apache/maven/surefire/common-java5/3.2.2/common-java5-3.2.2.jar
2026-01-22T08:51:43.1847080Z Downloading from central: https://repo.maven.apache.org/maven2/org/junit/platform/junit-platform-launcher/1.9.3/junit-platform-launcher-1.9.3.jar
2026-01-22T08:51:43.1849430Z Downloading from central: https://repo.maven.apache.org/maven2/org/junit/platform/junit-platform-engine/1.9.3/junit-platform-engine-1.9.3.jar
2026-01-22T08:51:43.1851660Z Downloading from central: https://repo.maven.apache.org/maven2/org/opentest4j/opentest4j/1.2.0/opentest4j-1.2.0.jar
2026-01-22T08:51:43.2063580Z Progress (1): 7.7/18 kB
2026-01-22T08:51:43.2066440Z Progress (1): 16/18 kB 
2026-01-22T08:51:43.2069860Z Progress (1): 18 kB   
2026-01-22T08:51:43.2070150Z                    
2026-01-22T08:51:43.2070740Z Downloaded from central: https://repo.maven.apache.org/maven2/org/apache/maven/surefire/common-java5/3.2.2/common-java5-3.2.2.jar (18 kB at 702 kB/s)
2026-01-22T08:51:43.2072610Z Downloading from central: https://repo.maven.apache.org/maven2/org/junit/platform/junit-platform-commons/1.9.3/junit-platform-commons-1.9.3.jar
2026-01-22T08:51:43.2117880Z Progress (1): 7.7/169 kB
2026-01-22T08:51:43.2121180Z Progress (1): 16/169 kB 
2026-01-22T08:51:43.2141800Z Progress (1): 32/169 kB
2026-01-22T08:51:43.2142140Z Progress (1): 49/169 kB
2026-01-22T08:51:43.2142370Z Progress (1): 65/169 kB
2026-01-22T08:51:43.2142630Z Progress (2): 65/169 kB | 7.7/189 kB
2026-01-22T08:51:43.2142900Z Progress (2): 65/169 kB | 16/189 kB 
2026-01-22T08:51:43.2143220Z Progress (2): 81/169 kB | 16/189 kB
2026-01-22T08:51:43.2143480Z Progress (2): 81/169 kB | 32/189 kB
2026-01-22T08:51:43.2143760Z Progress (3): 81/169 kB | 32/189 kB | 7.7/27 kB
2026-01-22T08:51:43.2144070Z Progress (3): 98/169 kB | 32/189 kB | 7.7/27 kB
2026-01-22T08:51:43.2144550Z Progress (3): 98/169 kB | 32/189 kB | 12/27 kB 
2026-01-22T08:51:43.2144790Z Progress (3): 98/169 kB | 49/189 kB | 12/27 kB
2026-01-22T08:51:43.2145090Z Progress (3): 114/169 kB | 49/189 kB | 12/27 kB
2026-01-22T08:51:43.2145300Z Progress (3): 114/169 kB | 65/189 kB | 12/27 kB
2026-01-22T08:51:43.2145500Z Progress (3): 114/169 kB | 81/189 kB | 12/27 kB
2026-01-22T08:51:43.2145710Z Progress (3): 131/169 kB | 81/189 kB | 12/27 kB
2026-01-22T08:51:43.2145910Z Progress (3): 131/169 kB | 81/189 kB | 27 kB   
2026-01-22T08:51:43.2146170Z Progress (3): 131/169 kB | 98/189 kB | 27 kB
2026-01-22T08:51:43.2146370Z Progress (3): 147/169 kB | 98/189 kB | 27 kB
2026-01-22T08:51:43.2146560Z Progress (3): 147/169 kB | 114/189 kB | 27 kB
2026-01-22T08:51:43.2146760Z Progress (3): 163/169 kB | 114/189 kB | 27 kB
2026-01-22T08:51:43.2146950Z Progress (3): 169 kB | 114/189 kB | 27 kB    
2026-01-22T08:51:43.2147140Z Progress (3): 169 kB | 131/189 kB | 27 kB
2026-01-22T08:51:43.2147320Z Progress (3): 169 kB | 147/189 kB | 27 kB
2026-01-22T08:51:43.2147490Z                                          
2026-01-22T08:51:43.2148290Z Downloaded from central: https://repo.maven.apache.org/maven2/org/apache/maven/surefire/surefire-junit-platform/3.2.2/surefire-junit-platform-3.2.2.jar (27 kB at 853 kB/s)
2026-01-22T08:51:43.2148850Z Progress (2): 169 kB | 163/189 kB
2026-01-22T08:51:43.2149020Z Progress (2): 169 kB | 180/189 kB
2026-01-22T08:51:43.2149180Z                                  
2026-01-22T08:51:43.2149690Z Downloaded from central: https://repo.maven.apache.org/maven2/org/junit/platform/junit-platform-launcher/1.9.3/junit-platform-launcher-1.9.3.jar (169 kB at 5.3 MB/s)
2026-01-22T08:51:43.2150210Z Progress (1): 189 kB
2026-01-22T08:51:43.2150330Z                     
2026-01-22T08:51:43.2150800Z Downloaded from central: https://repo.maven.apache.org/maven2/org/junit/platform/junit-platform-engine/1.9.3/junit-platform-engine-1.9.3.jar (189 kB at 5.7 MB/s)
2026-01-22T08:51:43.2151310Z Progress (1): 0.9/7.7 kB
2026-01-22T08:51:43.2151450Z Progress (1): 2.3/7.7 kB
2026-01-22T08:51:43.2151590Z Progress (1): 3.6/7.7 kB
2026-01-22T08:51:43.2152270Z Progress (1): 5.0/7.7 kB
2026-01-22T08:51:43.2153400Z Progress (1): 6.4/7.7 kB
2026-01-22T08:51:43.2160650Z Progress (1): 7.7 kB    
2026-01-22T08:51:43.2161090Z                     
2026-01-22T08:51:43.2161550Z Downloaded from central: https://repo.maven.apache.org/maven2/org/opentest4j/opentest4j/1.2.0/opentest4j-1.2.0.jar (7.7 kB at 225 kB/s)
2026-01-22T08:51:43.2307440Z Progress (1): 7.7/103 kB
2026-01-22T08:51:43.2310570Z Progress (1): 16/103 kB 
2026-01-22T08:51:43.2315450Z Progress (1): 32/103 kB
2026-01-22T08:51:43.2319770Z Progress (1): 48/103 kB
2026-01-22T08:51:43.2320200Z Progress (1): 65/103 kB
2026-01-22T08:51:43.2323810Z Progress (1): 66/103 kB
2026-01-22T08:51:43.2328080Z Progress (1): 82/103 kB
2026-01-22T08:51:43.2330790Z Progress (1): 98/103 kB
2026-01-22T08:51:43.2338140Z Progress (1): 103 kB   
2026-01-22T08:51:43.2342780Z                     
2026-01-22T08:51:43.2344530Z Downloaded from central: https://repo.maven.apache.org/maven2/org/junit/platform/junit-platform-commons/1.9.3/junit-platform-commons-1.9.3.jar (103 kB at 2.1 MB/s)
2026-01-22T08:51:43.2437240Z Downloading from central: https://repo.maven.apache.org/maven2/org/junit/platform/junit-platform-launcher/1.10.1/junit-platform-launcher-1.10.1.pom
2026-01-22T08:51:43.2689940Z Progress (1): 967 B
2026-01-22T08:51:43.2696350Z Progress (1): 3.0 kB
2026-01-22T08:51:43.2697040Z                     
2026-01-22T08:51:43.2698990Z Downloaded from central: https://repo.maven.apache.org/maven2/org/junit/platform/junit-platform-launcher/1.10.1/junit-platform-launcher-1.10.1.pom (3.0 kB at 116 kB/s)
2026-01-22T08:51:43.2738070Z Downloading from central: https://repo.maven.apache.org/maven2/org/junit/platform/junit-platform-launcher/1.10.1/junit-platform-launcher-1.10.1.jar
2026-01-22T08:51:43.2999560Z Progress (1): 7.7/184 kB
2026-01-22T08:51:43.3001620Z Progress (1): 16/184 kB 
2026-01-22T08:51:43.3006840Z Progress (1): 32/184 kB
2026-01-22T08:51:43.3010530Z Progress (1): 49/184 kB
2026-01-22T08:51:43.3015760Z Progress (1): 65/184 kB
2026-01-22T08:51:43.3019910Z Progress (1): 81/184 kB
2026-01-22T08:51:43.3025620Z Progress (1): 98/184 kB
2026-01-22T08:51:43.3028440Z Progress (1): 114/184 kB
2026-01-22T08:51:43.3033430Z Progress (1): 131/184 kB
2026-01-22T08:51:43.3038240Z Progress (1): 147/184 kB
2026-01-22T08:51:43.3043540Z Progress (1): 163/184 kB
2026-01-22T08:51:43.3045450Z Progress (1): 180/184 kB
2026-01-22T08:51:43.3054240Z Progress (1): 184 kB    
2026-01-22T08:51:43.3054910Z                     
2026-01-22T08:51:43.3063950Z Downloaded from central: https://repo.maven.apache.org/maven2/org/junit/platform/junit-platform-launcher/1.10.1/junit-platform-launcher-1.10.1.jar (184 kB at 5.7 MB/s)
2026-01-22T08:51:43.3155410Z [INFO] 
2026-01-22T08:51:43.3169000Z [INFO] -------------------------------------------------------
2026-01-22T08:51:43.3169350Z [INFO]  T E S T S
2026-01-22T08:51:43.3169610Z [INFO] -------------------------------------------------------
2026-01-22T08:51:43.8693310Z [INFO] Running com.tidesdb.TidesDBTest
2026-01-22T08:51:43.9830540Z [ERROR] Tests run: 12, Failures: 0, Errors: 12, Skipped: 0, Time elapsed: 0.105 s <<< FAILURE! -- in com.tidesdb.TidesDBTest
2026-01-22T08:51:43.9832230Z [ERROR] com.tidesdb.TidesDBTest.testOpenClose -- Time elapsed: 0.069 s <<< ERROR!
2026-01-22T08:51:43.9834200Z java.lang.UnsatisfiedLinkError: Failed to load TidesDB native library. Make sure libtidesdb_jni is in java.library.path. java.library.path: [/usr/local/lib]. Error: Can't load library: /usr/local/lib/libtidesdb_jni.dylib
2026-01-22T08:51:43.9835010Z 	at com.tidesdb.NativeLibrary.load(NativeLibrary.java:98)
2026-01-22T08:51:43.9835330Z 	at com.tidesdb.TidesDB.<clinit>(TidesDB.java:30)
2026-01-22T08:51:43.9835610Z 	at com.tidesdb.TidesDBTest.testOpenClose(TidesDBTest.java:50)
2026-01-22T08:51:43.9835920Z 	at java.base/java.lang.reflect.Method.invoke(Method.java:566)
2026-01-22T08:51:43.9836220Z 	at java.base/java.util.ArrayList.forEach(ArrayList.java:1541)
2026-01-22T08:51:43.9836540Z 	at java.base/java.util.ArrayList.forEach(ArrayList.java:1541)
2026-01-22T08:51:43.9836790Z 
2026-01-22T08:51:43.9837030Z [ERROR] com.tidesdb.TidesDBTest.testCreateDropColumnFamily -- Time elapsed: 0.002 s <<< ERROR!
2026-01-22T08:51:43.9840740Z java.lang.NoClassDefFoundError: Could not initialize class com.tidesdb.TidesDB
2026-01-22T08:51:43.9841240Z 	at com.tidesdb.TidesDBTest.testCreateDropColumnFamily(TidesDBTest.java:66)
2026-01-22T08:51:43.9841600Z 	at java.base/java.lang.reflect.Method.invoke(Method.java:566)
2026-01-22T08:51:43.9841900Z 	at java.base/java.util.ArrayList.forEach(ArrayList.java:1541)
2026-01-22T08:51:43.9842210Z 	at java.base/java.util.ArrayList.forEach(ArrayList.java:1541)
2026-01-22T08:51:43.9842400Z 
2026-01-22T08:51:43.9842620Z [ERROR] com.tidesdb.TidesDBTest.testTransactionPutGetDelete -- Time elapsed: 0.001 s <<< ERROR!
2026-01-22T08:51:43.9843090Z java.lang.NoClassDefFoundError: Could not initialize class com.tidesdb.TidesDB
2026-01-22T08:51:43.9843500Z 	at com.tidesdb.TidesDBTest.testTransactionPutGetDelete(TidesDBTest.java:93)
2026-01-22T08:51:43.9843870Z 	at java.base/java.lang.reflect.Method.invoke(Method.java:566)
2026-01-22T08:51:43.9844180Z 	at java.base/java.util.ArrayList.forEach(ArrayList.java:1541)
2026-01-22T08:51:43.9844480Z 	at java.base/java.util.ArrayList.forEach(ArrayList.java:1541)
2026-01-22T08:51:43.9844670Z 
2026-01-22T08:51:43.9844870Z [ERROR] com.tidesdb.TidesDBTest.testTransactionWithTTL -- Time elapsed: 0.001 s <<< ERROR!
2026-01-22T08:51:43.9845300Z java.lang.NoClassDefFoundError: Could not initialize class com.tidesdb.TidesDB
2026-01-22T08:51:43.9845700Z 	at com.tidesdb.TidesDBTest.testTransactionWithTTL(TidesDBTest.java:135)
2026-01-22T08:51:43.9846050Z 	at java.base/java.lang.reflect.Method.invoke(Method.java:566)
2026-01-22T08:51:43.9846370Z 	at java.base/java.util.ArrayList.forEach(ArrayList.java:1541)
2026-01-22T08:51:43.9846680Z 	at java.base/java.util.ArrayList.forEach(ArrayList.java:1541)
2026-01-22T08:51:43.9846860Z 
2026-01-22T08:51:43.9847080Z [ERROR] com.tidesdb.TidesDBTest.testMultiOperationTransaction -- Time elapsed: 0.002 s <<< ERROR!
2026-01-22T08:51:43.9847550Z java.lang.NoClassDefFoundError: Could not initialize class com.tidesdb.TidesDB
2026-01-22T08:51:43.9847970Z 	at com.tidesdb.TidesDBTest.testMultiOperationTransaction(TidesDBTest.java:179)
2026-01-22T08:51:43.9848340Z 	at java.base/java.lang.reflect.Method.invoke(Method.java:566)
2026-01-22T08:51:43.9848630Z 	at java.base/java.util.ArrayList.forEach(ArrayList.java:1541)
2026-01-22T08:51:43.9848930Z 	at java.base/java.util.ArrayList.forEach(ArrayList.java:1541)
2026-01-22T08:51:43.9849110Z 
2026-01-22T08:51:43.9849320Z [ERROR] com.tidesdb.TidesDBTest.testTransactionRollback -- Time elapsed: 0.001 s <<< ERROR!
2026-01-22T08:51:43.9849760Z java.lang.NoClassDefFoundError: Could not initialize class com.tidesdb.TidesDB
2026-01-22T08:51:43.9850170Z 	at com.tidesdb.TidesDBTest.testTransactionRollback(TidesDBTest.java:216)
2026-01-22T08:51:43.9850520Z 	at java.base/java.lang.reflect.Method.invoke(Method.java:566)
2026-01-22T08:51:43.9851100Z 	at java.base/java.util.ArrayList.forEach(ArrayList.java:1541)
2026-01-22T08:51:43.9851400Z 	at java.base/java.util.ArrayList.forEach(ArrayList.java:1541)
2026-01-22T08:51:43.9851590Z 
2026-01-22T08:51:43.9851780Z [ERROR] com.tidesdb.TidesDBTest.testSavepoints -- Time elapsed: 0.001 s <<< ERROR!
2026-01-22T08:51:43.9852210Z java.lang.NoClassDefFoundError: Could not initialize class com.tidesdb.TidesDB
2026-01-22T08:51:43.9852580Z 	at com.tidesdb.TidesDBTest.testSavepoints(TidesDBTest.java:248)
2026-01-22T08:51:43.9852890Z 	at java.base/java.lang.reflect.Method.invoke(Method.java:566)
2026-01-22T08:51:43.9853180Z 	at java.base/java.util.ArrayList.forEach(ArrayList.java:1541)
2026-01-22T08:51:43.9853480Z 	at java.base/java.util.ArrayList.forEach(ArrayList.java:1541)
2026-01-22T08:51:43.9853660Z 
2026-01-22T08:51:43.9853830Z [ERROR] com.tidesdb.TidesDBTest.testIterator -- Time elapsed: 0.001 s <<< ERROR!
2026-01-22T08:51:43.9854220Z java.lang.NoClassDefFoundError: Could not initialize class com.tidesdb.TidesDB
2026-01-22T08:51:43.9854580Z 	at com.tidesdb.TidesDBTest.testIterator(TidesDBTest.java:293)
2026-01-22T08:51:43.9854990Z 	at java.base/java.lang.reflect.Method.invoke(Method.java:566)
2026-01-22T08:51:43.9855290Z 	at java.base/java.util.ArrayList.forEach(ArrayList.java:1541)
2026-01-22T08:51:43.9855600Z 	at java.base/java.util.ArrayList.forEach(ArrayList.java:1541)
2026-01-22T08:51:43.9855810Z 
2026-01-22T08:51:43.9856000Z [ERROR] com.tidesdb.TidesDBTest.testIsolationLevels -- Time elapsed: 0.001 s <<< ERROR!
2026-01-22T08:51:43.9856430Z java.lang.NoClassDefFoundError: Could not initialize class com.tidesdb.TidesDB
2026-01-22T08:51:43.9856800Z 	at com.tidesdb.TidesDBTest.testIsolationLevels(TidesDBTest.java:355)
2026-01-22T08:51:43.9857130Z 	at java.base/java.lang.reflect.Method.invoke(Method.java:566)
2026-01-22T08:51:43.9857430Z 	at java.base/java.util.ArrayList.forEach(ArrayList.java:1541)
2026-01-22T08:51:43.9857730Z 	at java.base/java.util.ArrayList.forEach(ArrayList.java:1541)
2026-01-22T08:51:43.9857910Z 
2026-01-22T08:51:43.9858110Z [ERROR] com.tidesdb.TidesDBTest.testColumnFamilyStats -- Time elapsed: 0.001 s <<< ERROR!
2026-01-22T08:51:43.9858540Z java.lang.NoClassDefFoundError: Could not initialize class com.tidesdb.TidesDB
2026-01-22T08:51:43.9858920Z 	at com.tidesdb.TidesDBTest.testColumnFamilyStats(TidesDBTest.java:378)
2026-01-22T08:51:43.9859260Z 	at java.base/java.lang.reflect.Method.invoke(Method.java:566)
2026-01-22T08:51:43.9859570Z 	at java.base/java.util.ArrayList.forEach(ArrayList.java:1541)
2026-01-22T08:51:43.9859870Z 	at java.base/java.util.ArrayList.forEach(ArrayList.java:1541)
2026-01-22T08:51:43.9860050Z 
2026-01-22T08:51:43.9860220Z [ERROR] com.tidesdb.TidesDBTest.testCacheStats -- Time elapsed: 0.001 s <<< ERROR!
2026-01-22T08:51:43.9860620Z java.lang.NoClassDefFoundError: Could not initialize class com.tidesdb.TidesDB
2026-01-22T08:51:43.9860990Z 	at com.tidesdb.TidesDBTest.testCacheStats(TidesDBTest.java:408)
2026-01-22T08:51:43.9861310Z 	at java.base/java.lang.reflect.Method.invoke(Method.java:566)
2026-01-22T08:51:43.9861620Z 	at java.base/java.util.ArrayList.forEach(ArrayList.java:1541)
2026-01-22T08:51:43.9861920Z 	at java.base/java.util.ArrayList.forEach(ArrayList.java:1541)
2026-01-22T08:51:43.9862100Z 
2026-01-22T08:51:43.9862320Z [ERROR] com.tidesdb.TidesDBTest.testCustomColumnFamilyConfig -- Time elapsed: 0 s <<< ERROR!
2026-01-22T08:51:43.9862770Z java.lang.NoClassDefFoundError: Could not initialize class com.tidesdb.TidesDB
2026-01-22T08:51:43.9863180Z 	at com.tidesdb.TidesDBTest.testCustomColumnFamilyConfig(TidesDBTest.java:425)
2026-01-22T08:51:43.9863540Z 	at java.base/java.lang.reflect.Method.invoke(Method.java:566)
2026-01-22T08:51:43.9863840Z 	at java.base/java.util.ArrayList.forEach(ArrayList.java:1541)
2026-01-22T08:51:43.9864140Z 	at java.base/java.util.ArrayList.forEach(ArrayList.java:1541)
2026-01-22T08:51:43.9864330Z 
2026-01-22T08:51:44.0064410Z [INFO] 
2026-01-22T08:51:44.0168170Z [INFO] Results:
2026-01-22T08:51:44.0274440Z [INFO] 
2026-01-22T08:51:44.0316880Z [ERROR] Errors: 
2026-01-22T08:51:44.0334840Z [ERROR]   TidesDBTest.testCacheStats:408 NoClassDefFound Could not initialize class com.tidesdb.TidesDB
2026-01-22T08:51:44.0340620Z [ERROR]   TidesDBTest.testColumnFamilyStats:378 NoClassDefFound Could not initialize class com.tidesdb.TidesDB
2026-01-22T08:51:44.0343810Z [ERROR]   TidesDBTest.testCreateDropColumnFamily:66 NoClassDefFound Could not initialize class com.tidesdb.TidesDB
2026-01-22T08:51:44.0344970Z [ERROR]   TidesDBTest.testCustomColumnFamilyConfig:425 NoClassDefFound Could not initialize class com.tidesdb.TidesDB
2026-01-22T08:51:44.0345690Z [ERROR]   TidesDBTest.testIsolationLevels:355 NoClassDefFound Could not initialize class com.tidesdb.TidesDB
2026-01-22T08:51:44.0346310Z [ERROR]   TidesDBTest.testIterator:293 NoClassDefFound Could not initialize class com.tidesdb.TidesDB
2026-01-22T08:51:44.0347000Z [ERROR]   TidesDBTest.testMultiOperationTransaction:179 NoClassDefFound Could not initialize class com.tidesdb.TidesDB
2026-01-22T08:51:44.0349740Z [ERROR]   TidesDBTest.testOpenClose:50 Â» UnsatisfiedLink Failed to load TidesDB native library. Make sure libtidesdb_jni is in java.library.path. java.library.path: [/usr/local/lib]. Error: Can't load library: /usr/local/lib/libtidesdb_jni.dylib
2026-01-22T08:51:44.0350680Z [ERROR]   TidesDBTest.testSavepoints:248 NoClassDefFound Could not initialize class com.tidesdb.TidesDB
2026-01-22T08:51:44.0351260Z [ERROR]   TidesDBTest.testTransactionPutGetDelete:93 NoClassDefFound Could not initialize class com.tidesdb.TidesDB
2026-01-22T08:51:44.0351860Z [ERROR]   TidesDBTest.testTransactionRollback:216 NoClassDefFound Could not initialize class com.tidesdb.TidesDB
2026-01-22T08:51:44.0352450Z [ERROR]   TidesDBTest.testTransactionWithTTL:135 NoClassDefFound Could not initialize class com.tidesdb.TidesDB
2026-01-22T08:51:44.0352820Z [INFO] 
2026-01-22T08:51:44.0352980Z [ERROR] Tests run: 12, Failures: 0, Errors: 12, Skipped: 0
2026-01-22T08:51:44.0353190Z [INFO] 
2026-01-22T08:51:44.0353380Z [INFO] ------------------------------------------------------------------------
2026-01-22T08:51:44.0353630Z [INFO] BUILD FAILURE
2026-01-22T08:51:44.0353840Z [INFO] ------------------------------------------------------------------------
2026-01-22T08:51:44.0354090Z [INFO] Total time:  5.409 s
2026-01-22T08:51:44.0354260Z [INFO] Finished at: 2026-01-22T08:51:44Z
2026-01-22T08:51:44.0354500Z [INFO] ------------------------------------------------------------------------
2026-01-22T08:51:44.0354990Z [ERROR] Failed to execute goal org.apache.maven.plugins:maven-surefire-plugin:3.2.2:test (default-test) on project tidesdb-java: 
2026-01-22T08:51:44.0355430Z [ERROR] 
2026-01-22T08:51:44.0355820Z [ERROR] Please refer to /Users/runner/work/tidesdb-java/tidesdb-java/tidesdb-java/target/surefire-reports for the individual test results.
2026-01-22T08:51:44.0356470Z [ERROR] Please refer to dump files (if any exist) [date].dump, [date]-jvmRun[N].dump and [date].dumpstream.
2026-01-22T08:51:44.0356800Z [ERROR] -> [Help 1]
2026-01-22T08:51:44.0356930Z [ERROR] 
2026-01-22T08:51:44.0357140Z [ERROR] To see the full stack trace of the errors, re-run Maven with the -e switch.
2026-01-22T08:51:44.0357510Z [ERROR] Re-run Maven using the -X switch to enable full debug logging.
2026-01-22T08:51:44.0357750Z [ERROR] 
2026-01-22T08:51:44.0358080Z [ERROR] For more information about the errors and possible solutions, please read the following articles:
2026-01-22T08:51:44.0358560Z [ERROR] [Help 1] http://cwiki.apache.org/confluence/display/MAVEN/MojoFailureException
2026-01-22T08:51:44.0366220Z ##[error]Process completed with exit code 1.
2026-01-22T08:51:44.0492330Z Post job cleanup.
2026-01-22T08:51:44.3114120Z Post job cleanup.
2026-01-22T08:51:44.4795780Z [command]/opt/homebrew/bin/git version
2026-01-22T08:51:44.5066970Z git version 2.52.0
2026-01-22T08:51:44.5121250Z Copying '/Users/runner/.gitconfig' to '/Users/runner/work/_temp/42a69b6d-ad05-4d81-9ce3-b7907857275a/.gitconfig'
2026-01-22T08:51:44.5153470Z Temporarily overriding HOME='/Users/runner/work/_temp/42a69b6d-ad05-4d81-9ce3-b7907857275a' before making global git config changes
2026-01-22T08:51:44.5155870Z Adding repository directory to the temporary git global config as a safe directory
2026-01-22T08:51:44.5158660Z [command]/opt/homebrew/bin/git config --global --add safe.directory /Users/runner/work/tidesdb-java/tidesdb-java/tidesdb
2026-01-22T08:51:44.5337180Z [command]/opt/homebrew/bin/git config --local --name-only --get-regexp core\.sshCommand
2026-01-22T08:51:44.5420560Z [command]/opt/homebrew/bin/git submodule foreach --recursive sh -c "git config --local --name-only --get-regexp 'core\.sshCommand' && git config --local --unset-all 'core.sshCommand' || :"
2026-01-22T08:51:44.6592950Z [command]/opt/homebrew/bin/git config --local --name-only --get-regexp http\.https\:\/\/github\.com\/\.extraheader
2026-01-22T08:51:44.6673990Z http.https://github.com/.extraheader
2026-01-22T08:51:44.6687690Z [command]/opt/homebrew/bin/git config --local --unset-all http.https://github.com/.extraheader
2026-01-22T08:51:44.6784890Z [command]/opt/homebrew/bin/git submodule foreach --recursive sh -c "git config --local --name-only --get-regexp 'http\.https\:\/\/github\.com\/\.extraheader' && git config --local --unset-all 'http.https://github.com/.extraheader' || :"
2026-01-22T08:51:44.8096580Z [command]/opt/homebrew/bin/git config --local --name-only --get-regexp ^includeIf\.gitdir:
2026-01-22T08:51:44.8111880Z [command]/opt/homebrew/bin/git submodule foreach --recursive git config --local --show-origin --name-only --get-regexp remote.origin.url
2026-01-22T08:51:44.9740250Z Post job cleanup.
2026-01-22T08:51:45.1034360Z [command]/opt/homebrew/bin/git version
2026-01-22T08:51:45.1140650Z git version 2.52.0
2026-01-22T08:51:45.1287990Z Copying '/Users/runner/.gitconfig' to '/Users/runner/work/_temp/cfb8b534-d436-44f2-a8ad-d8db0fe88f1f/.gitconfig'
2026-01-22T08:51:45.1288720Z Temporarily overriding HOME='/Users/runner/work/_temp/cfb8b534-d436-44f2-a8ad-d8db0fe88f1f' before making global git config changes
2026-01-22T08:51:45.1289420Z Adding repository directory to the temporary git global config as a safe directory
2026-01-22T08:51:45.1323870Z [command]/opt/homebrew/bin/git config --global --add safe.directory /Users/runner/work/tidesdb-java/tidesdb-java/tidesdb-java
2026-01-22T08:51:45.1325090Z [command]/opt/homebrew/bin/git config --local --name-only --get-regexp core\.sshCommand
2026-01-22T08:51:45.1326370Z [command]/opt/homebrew/bin/git submodule foreach --recursive sh -c "git config --local --name-only --get-regexp 'core\.sshCommand' && git config --local --unset-all 'core.sshCommand' || :"
2026-01-22T08:51:45.2493470Z [command]/opt/homebrew/bin/git config --local --name-only --get-regexp http\.https\:\/\/github\.com\/\.extraheader
2026-01-22T08:51:45.2500400Z http.https://github.com/.extraheader
2026-01-22T08:51:45.2501280Z [command]/opt/homebrew/bin/git config --local --unset-all http.https://github.com/.extraheader
2026-01-22T08:51:45.2520480Z [command]/opt/homebrew/bin/git submodule foreach --recursive sh -c "git config --local --name-only --get-regexp 'http\.https\:\/\/github\.com\/\.extraheader' && git config --local --unset-all 'http.https://github.com/.extraheader' || :"
2026-01-22T08:51:45.3472050Z [command]/opt/homebrew/bin/git config --local --name-only --get-regexp ^includeIf\.gitdir:
2026-01-22T08:51:45.3575830Z [command]/opt/homebrew/bin/git submodule foreach --recursive git config --local --show-origin --name-only --get-regexp remote.origin.url
2026-01-22T08:51:45.5800260Z Cleaning up orphan processes